This file contains any messages produced by compilers while
running configure, to aid debugging if configure makes a mistake.

It was created by configure, which was
generated by GNU Autoconf 2.69.  Invocation command line was

  $ /Users/shivendrasrivastava/Documents/Apache_SAPFieldglass/httpd/srclib/apr-util/configure --disable-option-checking --prefix=/Users/shivendrasrivastava/Documents/Apache_SAPFieldglass/httpd --with-pcre=/usr/local/pcre --cache-file=/dev/null --srcdir=/Users/shivendrasrivastava/Documents/Apache_SAPFieldglass/httpd/srclib/apr-util --with-apr=../apr --prefix=/Users/shivendrasrivastava/Documents/Apache_SAPFieldglass/httpd --exec-prefix=/Users/shivendrasrivastava/Documents/Apache_SAPFieldglass/httpd --libdir=${prefix}/lib --includedir=/Users/shivendrasrivastava/Documents/Apache_SAPFieldglass/httpd/include --bindir=${prefix}/bin

## --------- ##
## Platform. ##
## --------- ##

hostname = SSrivastava-MacBook-Pro.local
uname -m = x86_64
uname -r = 16.4.0
uname -s = Darwin
uname -v = Darwin Kernel Version 16.4.0: Thu Dec 22 22:53:21 PST 2016; root:xnu-3789.41.3~3/RELEASE_X86_64

/usr/bin/uname -p = i386
/bin/uname -X     = unknown

/bin/arch              = unknown
/usr/bin/arch -k       = unknown
/usr/convex/getsysinfo = unknown
/usr/bin/hostinfo      = Mach kernel version:
	 Darwin Kernel Version 16.4.0: Thu Dec 22 22:53:21 PST 2016; root:xnu-3789.41.3~3/RELEASE_X86_64
Kernel configured for up to 8 processors.
4 processors are physically available.
8 processors are logically available.
Processor type: x86_64h (Intel x86-64h Haswell)
Processors active: 0 1 2 3 4 5 6 7
Primary memory available: 16.00 gigabytes
Default processor set: 393 tasks, 2257 threads, 8 processors
Load average: 2.96, Mach factor: 5.03
/bin/machine           = unknown
/usr/bin/oslevel       = unknown
/bin/universe          = unknown

PATH: /usr/local/pcre/bin
PATH: /usr/local/sbin
PATH: /usr/local/mysql/bin
PATH: /usr/local/bin
PATH: /Users/shivendrasrivastava/.jenv/bin
PATH: /usr/local/pcre/bin
PATH: /usr/local/sbin
PATH: /usr/local/mysql/bin
PATH: /usr/local/bin
PATH: /Users/shivendrasrivastava/.jenv/bin
PATH: /usr/local/sbin
PATH: /usr/local/mysql/bin
PATH: /usr/local/bin
PATH: /Users/shivendrasrivastava/.jenv/bin
PATH: /usr/local/bin
PATH: /usr/bin
PATH: /bin
PATH: /usr/sbin
PATH: /sbin
PATH: /Library/Frameworks/Mono.framework/Versions/Current/Commands
PATH: /Users/shivendrasrivastava/Library/Android/sdk/tools
PATH: /Users/shivendrasrivastava/Library/Android/sdk/platform-tools
PATH: /Users/shivendrasrivastava/Library/Android/sdk/tools
PATH: /Users/shivendrasrivastava/Library/Android/sdk/platform-tools
PATH: /Users/shivendrasrivastava/Library/Android/sdk/tools
PATH: /Users/shivendrasrivastava/Library/Android/sdk/platform-tools


## ----------- ##
## Core tests. ##
## ----------- ##

configure:2593: checking build system type
configure:2607: result: x86_64-apple-darwin16.4.0
configure:2627: checking host system type
configure:2640: result: x86_64-apple-darwin16.4.0
configure:2660: checking target system type
configure:2673: result: x86_64-apple-darwin16.4.0
configure:2715: checking for a BSD-compatible install
configure:2783: result: /usr/bin/install -c
configure:2818: checking for working mkdir -p
configure:2834: result: yes
configure:2928: checking for chosen layout
configure:2930: result: apr-util
configure:3102: checking for gcc
configure:3118: found /usr/bin/gcc
configure:3129: result: gcc
configure:3358: checking for C compiler version
configure:3367: gcc --version >&5
Apple LLVM version 8.0.0 (clang-800.0.42.1)
Target: x86_64-apple-darwin16.4.0
Thread model: posix
InstalledDir: /Library/Developer/CommandLineTools/usr/bin
Configured with: --prefix=/Library/Developer/CommandLineTools/usr --with-gxx-include-dir=/usr/include/c++/4.2.1
configure:3378: $? = 0
configure:3367: gcc -v >&5
Configured with: --prefix=/Library/Developer/CommandLineTools/usr --with-gxx-include-dir=/usr/include/c++/4.2.1
Apple LLVM version 8.0.0 (clang-800.0.42.1)
Target: x86_64-apple-darwin16.4.0
Thread model: posix
InstalledDir: /Library/Developer/CommandLineTools/usr/bin
configure:3378: $? = 0
configure:3367: gcc -V >&5
clang: error: argument to '-V' is missing (expected 1 value)
clang: error: no input files
configure:3378: $? = 1
configure:3367: gcc -qversion >&5
clang: error: unknown argument: '-qversion'
clang: error: no input files
configure:3378: $? = 1
configure:3398: checking whether the C compiler works
configure:3420: gcc    conftest.c  >&5
configure:3424: $? = 0
configure:3472: result: yes
configure:3475: checking for C compiler default output file name
configure:3477: result: a.out
configure:3483: checking for suffix of executables
configure:3490: gcc -o conftest    conftest.c  >&5
configure:3494: $? = 0
configure:3516: result: 
configure:3538: checking whether we are cross compiling
configure:3546: gcc -o conftest    conftest.c  >&5
configure:3550: $? = 0
configure:3557: ./conftest
configure:3561: $? = 0
configure:3576: result: no
configure:3581: checking for suffix of object files
configure:3603: gcc -c   conftest.c >&5
configure:3607: $? = 0
configure:3628: result: o
configure:3632: checking whether we are using the GNU C compiler
configure:3651: gcc -c   conftest.c >&5
configure:3651: $? = 0
configure:3660: result: yes
configure:3669: checking whether gcc accepts -g
configure:3689: gcc -c -g  conftest.c >&5
configure:3689: $? = 0
configure:3730: result: yes
configure:3747: checking for gcc option to accept ISO C89
configure:3810: gcc  -c -g -O2  conftest.c >&5
configure:3810: $? = 0
configure:3823: result: none needed
configure:4000: checking for APR
configure:4079: result: yes
configure:4346: checking how to run the C preprocessor
configure:4416: result: gcc -E
configure:4436: gcc -E  -DDARWIN -DSIGPROCMASK_SETS_THREAD_MASK -DDARWIN_10 conftest.c
configure:4436: $? = 0
configure:4450: gcc -E  -DDARWIN -DSIGPROCMASK_SETS_THREAD_MASK -DDARWIN_10 conftest.c
conftest.c:9:10: fatal error: 'ac_nonexistent.h' file not found
#include <ac_nonexistent.h>
         ^
1 error generated.
configure:4450: $? = 1
configure: failed program was:
| /* confdefs.h */
| #define PACKAGE_NAME ""
| #define PACKAGE_TARNAME ""
| #define PACKAGE_VERSION ""
| #define PACKAGE_STRING ""
| #define PACKAGE_BUGREPORT ""
| #define PACKAGE_URL ""
| /* end confdefs.h.  */
| #include <ac_nonexistent.h>
configure:4479: checking for grep that handles long lines and -e
configure:4537: result: /usr/bin/grep
configure:4542: checking for egrep
configure:4604: result: /usr/bin/grep -E
configure:4609: checking for ANSI C header files
configure:4629: gcc -c -g -O2  -DDARWIN -DSIGPROCMASK_SETS_THREAD_MASK -DDARWIN_10 conftest.c >&5
configure:4629: $? = 0
configure:4702: gcc -o conftest -g -O2  -DDARWIN -DSIGPROCMASK_SETS_THREAD_MASK -DDARWIN_10  conftest.c  >&5
configure:4702: $? = 0
configure:4702: ./conftest
configure:4702: $? = 0
configure:4713: result: yes
configure:4726: checking for sys/types.h
configure:4726: gcc -c -g -O2  -DDARWIN -DSIGPROCMASK_SETS_THREAD_MASK -DDARWIN_10 conftest.c >&5
configure:4726: $? = 0
configure:4726: result: yes
configure:4726: checking for sys/stat.h
configure:4726: gcc -c -g -O2  -DDARWIN -DSIGPROCMASK_SETS_THREAD_MASK -DDARWIN_10 conftest.c >&5
configure:4726: $? = 0
configure:4726: result: yes
configure:4726: checking for stdlib.h
configure:4726: gcc -c -g -O2  -DDARWIN -DSIGPROCMASK_SETS_THREAD_MASK -DDARWIN_10 conftest.c >&5
configure:4726: $? = 0
configure:4726: result: yes
configure:4726: checking for string.h
configure:4726: gcc -c -g -O2  -DDARWIN -DSIGPROCMASK_SETS_THREAD_MASK -DDARWIN_10 conftest.c >&5
configure:4726: $? = 0
configure:4726: result: yes
configure:4726: checking for memory.h
configure:4726: gcc -c -g -O2  -DDARWIN -DSIGPROCMASK_SETS_THREAD_MASK -DDARWIN_10 conftest.c >&5
configure:4726: $? = 0
configure:4726: result: yes
configure:4726: checking for strings.h
configure:4726: gcc -c -g -O2  -DDARWIN -DSIGPROCMASK_SETS_THREAD_MASK -DDARWIN_10 conftest.c >&5
configure:4726: $? = 0
configure:4726: result: yes
configure:4726: checking for inttypes.h
configure:4726: gcc -c -g -O2  -DDARWIN -DSIGPROCMASK_SETS_THREAD_MASK -DDARWIN_10 conftest.c >&5
configure:4726: $? = 0
configure:4726: result: yes
configure:4726: checking for stdint.h
configure:4726: gcc -c -g -O2  -DDARWIN -DSIGPROCMASK_SETS_THREAD_MASK -DDARWIN_10 conftest.c >&5
configure:4726: $? = 0
configure:4726: result: yes
configure:4726: checking for unistd.h
configure:4726: gcc -c -g -O2  -DDARWIN -DSIGPROCMASK_SETS_THREAD_MASK -DDARWIN_10 conftest.c >&5
configure:4726: $? = 0
configure:4726: result: yes
configure:18601: checking for default DBM
configure:18603: result: sdbm (default)
configure:19453: checking for pg_config
configure:19486: result: no
configure:19541: checking libpq-fe.h usability
configure:19541: gcc -c -g -O2  -DDARWIN -DSIGPROCMASK_SETS_THREAD_MASK -DDARWIN_10 conftest.c >&5
conftest.c:52:10: fatal error: 'libpq-fe.h' file not found
#include <libpq-fe.h>
         ^
1 error generated.
configure:19541: $? = 1
configure: failed program was:
| /* confdefs.h */
| #define PACKAGE_NAME ""
| #define PACKAGE_TARNAME ""
| #define PACKAGE_VERSION ""
| #define PACKAGE_STRING ""
| #define PACKAGE_BUGREPORT ""
| #define PACKAGE_URL ""
| #define STDC_HEADERS 1
| #define HAVE_SYS_TYPES_H 1
| #define HAVE_SYS_STAT_H 1
| #define HAVE_STDLIB_H 1
| #define HAVE_STRING_H 1
| #define HAVE_MEMORY_H 1
| #define HAVE_STRINGS_H 1
| #define HAVE_INTTYPES_H 1
| #define HAVE_STDINT_H 1
| #define HAVE_UNISTD_H 1
| /* end confdefs.h.  */
| #include <stdio.h>
| #ifdef HAVE_SYS_TYPES_H
| # include <sys/types.h>
| #endif
| #ifdef HAVE_SYS_STAT_H
| # include <sys/stat.h>
| #endif
| #ifdef STDC_HEADERS
| # include <stdlib.h>
| # include <stddef.h>
| #else
| # ifdef HAVE_STDLIB_H
| #  include <stdlib.h>
| # endif
| #endif
| #ifdef HAVE_STRING_H
| # if !defined STDC_HEADERS && defined HAVE_MEMORY_H
| #  include <memory.h>
| # endif
| # include <string.h>
| #endif
| #ifdef HAVE_STRINGS_H
| # include <strings.h>
| #endif
| #ifdef HAVE_INTTYPES_H
| # include <inttypes.h>
| #endif
| #ifdef HAVE_STDINT_H
| # include <stdint.h>
| #endif
| #ifdef HAVE_UNISTD_H
| # include <unistd.h>
| #endif
| #include <libpq-fe.h>
configure:19541: result: no
configure:19541: checking libpq-fe.h presence
configure:19541: gcc -E  -DDARWIN -DSIGPROCMASK_SETS_THREAD_MASK -DDARWIN_10 conftest.c
conftest.c:19:10: fatal error: 'libpq-fe.h' file not found
#include <libpq-fe.h>
         ^
1 error generated.
configure:19541: $? = 1
configure: failed program was:
| /* confdefs.h */
| #define PACKAGE_NAME ""
| #define PACKAGE_TARNAME ""
| #define PACKAGE_VERSION ""
| #define PACKAGE_STRING ""
| #define PACKAGE_BUGREPORT ""
| #define PACKAGE_URL ""
| #define STDC_HEADERS 1
| #define HAVE_SYS_TYPES_H 1
| #define HAVE_SYS_STAT_H 1
| #define HAVE_STDLIB_H 1
| #define HAVE_STRING_H 1
| #define HAVE_MEMORY_H 1
| #define HAVE_STRINGS_H 1
| #define HAVE_INTTYPES_H 1
| #define HAVE_STDINT_H 1
| #define HAVE_UNISTD_H 1
| /* end confdefs.h.  */
| #include <libpq-fe.h>
configure:19541: result: no
configure:19541: checking for libpq-fe.h
configure:19541: result: no
configure:19663: checking postgresql/libpq-fe.h usability
configure:19663: gcc -c -g -O2  -DDARWIN -DSIGPROCMASK_SETS_THREAD_MASK -DDARWIN_10 conftest.c >&5
conftest.c:52:10: fatal error: 'postgresql/libpq-fe.h' file not found
#include <postgresql/libpq-fe.h>
         ^
1 error generated.
configure:19663: $? = 1
configure: failed program was:
| /* confdefs.h */
| #define PACKAGE_NAME ""
| #define PACKAGE_TARNAME ""
| #define PACKAGE_VERSION ""
| #define PACKAGE_STRING ""
| #define PACKAGE_BUGREPORT ""
| #define PACKAGE_URL ""
| #define STDC_HEADERS 1
| #define HAVE_SYS_TYPES_H 1
| #define HAVE_SYS_STAT_H 1
| #define HAVE_STDLIB_H 1
| #define HAVE_STRING_H 1
| #define HAVE_MEMORY_H 1
| #define HAVE_STRINGS_H 1
| #define HAVE_INTTYPES_H 1
| #define HAVE_STDINT_H 1
| #define HAVE_UNISTD_H 1
| /* end confdefs.h.  */
| #include <stdio.h>
| #ifdef HAVE_SYS_TYPES_H
| # include <sys/types.h>
| #endif
| #ifdef HAVE_SYS_STAT_H
| # include <sys/stat.h>
| #endif
| #ifdef STDC_HEADERS
| # include <stdlib.h>
| # include <stddef.h>
| #else
| # ifdef HAVE_STDLIB_H
| #  include <stdlib.h>
| # endif
| #endif
| #ifdef HAVE_STRING_H
| # if !defined STDC_HEADERS && defined HAVE_MEMORY_H
| #  include <memory.h>
| # endif
| # include <string.h>
| #endif
| #ifdef HAVE_STRINGS_H
| # include <strings.h>
| #endif
| #ifdef HAVE_INTTYPES_H
| # include <inttypes.h>
| #endif
| #ifdef HAVE_STDINT_H
| # include <stdint.h>
| #endif
| #ifdef HAVE_UNISTD_H
| # include <unistd.h>
| #endif
| #include <postgresql/libpq-fe.h>
configure:19663: result: no
configure:19663: checking postgresql/libpq-fe.h presence
configure:19663: gcc -E  -DDARWIN -DSIGPROCMASK_SETS_THREAD_MASK -DDARWIN_10 conftest.c
conftest.c:19:10: fatal error: 'postgresql/libpq-fe.h' file not found
#include <postgresql/libpq-fe.h>
         ^
1 error generated.
configure:19663: $? = 1
configure: failed program was:
| /* confdefs.h */
| #define PACKAGE_NAME ""
| #define PACKAGE_TARNAME ""
| #define PACKAGE_VERSION ""
| #define PACKAGE_STRING ""
| #define PACKAGE_BUGREPORT ""
| #define PACKAGE_URL ""
| #define STDC_HEADERS 1
| #define HAVE_SYS_TYPES_H 1
| #define HAVE_SYS_STAT_H 1
| #define HAVE_STDLIB_H 1
| #define HAVE_STRING_H 1
| #define HAVE_MEMORY_H 1
| #define HAVE_STRINGS_H 1
| #define HAVE_INTTYPES_H 1
| #define HAVE_STDINT_H 1
| #define HAVE_UNISTD_H 1
| /* end confdefs.h.  */
| #include <postgresql/libpq-fe.h>
configure:19663: result: no
configure:19663: checking for postgresql/libpq-fe.h
configure:19663: result: no
configure:20559: checking sqlite3.h usability
configure:20559: gcc -c -g -O2  -DDARWIN -DSIGPROCMASK_SETS_THREAD_MASK -DDARWIN_10 conftest.c >&5
configure:20559: $? = 0
configure:20559: result: yes
configure:20559: checking sqlite3.h presence
configure:20559: gcc -E  -DDARWIN -DSIGPROCMASK_SETS_THREAD_MASK -DDARWIN_10 conftest.c
configure:20559: $? = 0
configure:20559: result: yes
configure:20559: checking for sqlite3.h
configure:20559: result: yes
configure:20564: checking for sqlite3_open in -lsqlite3
configure:20589: gcc -o conftest -g -O2  -DDARWIN -DSIGPROCMASK_SETS_THREAD_MASK -DDARWIN_10  conftest.c -lsqlite3   >&5
configure:20589: $? = 0
configure:20598: result: yes
configure:20837: checking sqlite.h usability
configure:20837: gcc -c -g -O2  -DDARWIN -DSIGPROCMASK_SETS_THREAD_MASK -DDARWIN_10 conftest.c >&5
conftest.c:53:10: fatal error: 'sqlite.h' file not found
#include <sqlite.h>
         ^
1 error generated.
configure:20837: $? = 1
configure: failed program was:
| /* confdefs.h */
| #define PACKAGE_NAME ""
| #define PACKAGE_TARNAME ""
| #define PACKAGE_VERSION ""
| #define PACKAGE_STRING ""
| #define PACKAGE_BUGREPORT ""
| #define PACKAGE_URL ""
| #define STDC_HEADERS 1
| #define HAVE_SYS_TYPES_H 1
| #define HAVE_SYS_STAT_H 1
| #define HAVE_STDLIB_H 1
| #define HAVE_STRING_H 1
| #define HAVE_MEMORY_H 1
| #define HAVE_STRINGS_H 1
| #define HAVE_INTTYPES_H 1
| #define HAVE_STDINT_H 1
| #define HAVE_UNISTD_H 1
| #define HAVE_SQLITE3_H 1
| /* end confdefs.h.  */
| #include <stdio.h>
| #ifdef HAVE_SYS_TYPES_H
| # include <sys/types.h>
| #endif
| #ifdef HAVE_SYS_STAT_H
| # include <sys/stat.h>
| #endif
| #ifdef STDC_HEADERS
| # include <stdlib.h>
| # include <stddef.h>
| #else
| # ifdef HAVE_STDLIB_H
| #  include <stdlib.h>
| # endif
| #endif
| #ifdef HAVE_STRING_H
| # if !defined STDC_HEADERS && defined HAVE_MEMORY_H
| #  include <memory.h>
| # endif
| # include <string.h>
| #endif
| #ifdef HAVE_STRINGS_H
| # include <strings.h>
| #endif
| #ifdef HAVE_INTTYPES_H
| # include <inttypes.h>
| #endif
| #ifdef HAVE_STDINT_H
| # include <stdint.h>
| #endif
| #ifdef HAVE_UNISTD_H
| # include <unistd.h>
| #endif
| #include <sqlite.h>
configure:20837: result: no
configure:20837: checking sqlite.h presence
configure:20837: gcc -E  -DDARWIN -DSIGPROCMASK_SETS_THREAD_MASK -DDARWIN_10 conftest.c
conftest.c:20:10: fatal error: 'sqlite.h' file not found
#include <sqlite.h>
         ^
1 error generated.
configure:20837: $? = 1
configure: failed program was:
| /* confdefs.h */
| #define PACKAGE_NAME ""
| #define PACKAGE_TARNAME ""
| #define PACKAGE_VERSION ""
| #define PACKAGE_STRING ""
| #define PACKAGE_BUGREPORT ""
| #define PACKAGE_URL ""
| #define STDC_HEADERS 1
| #define HAVE_SYS_TYPES_H 1
| #define HAVE_SYS_STAT_H 1
| #define HAVE_STDLIB_H 1
| #define HAVE_STRING_H 1
| #define HAVE_MEMORY_H 1
| #define HAVE_STRINGS_H 1
| #define HAVE_INTTYPES_H 1
| #define HAVE_STDINT_H 1
| #define HAVE_UNISTD_H 1
| #define HAVE_SQLITE3_H 1
| /* end confdefs.h.  */
| #include <sqlite.h>
configure:20837: result: no
configure:20837: checking for sqlite.h
configure:20837: result: no
configure:21851: checking sybdb.h usability
configure:21851: gcc -c -g -O2  -DDARWIN -DSIGPROCMASK_SETS_THREAD_MASK -DDARWIN_10 conftest.c >&5
conftest.c:53:10: fatal error: 'sybdb.h' file not found
#include <sybdb.h>
         ^
1 error generated.
configure:21851: $? = 1
configure: failed program was:
| /* confdefs.h */
| #define PACKAGE_NAME ""
| #define PACKAGE_TARNAME ""
| #define PACKAGE_VERSION ""
| #define PACKAGE_STRING ""
| #define PACKAGE_BUGREPORT ""
| #define PACKAGE_URL ""
| #define STDC_HEADERS 1
| #define HAVE_SYS_TYPES_H 1
| #define HAVE_SYS_STAT_H 1
| #define HAVE_STDLIB_H 1
| #define HAVE_STRING_H 1
| #define HAVE_MEMORY_H 1
| #define HAVE_STRINGS_H 1
| #define HAVE_INTTYPES_H 1
| #define HAVE_STDINT_H 1
| #define HAVE_UNISTD_H 1
| #define HAVE_SQLITE3_H 1
| /* end confdefs.h.  */
| #include <stdio.h>
| #ifdef HAVE_SYS_TYPES_H
| # include <sys/types.h>
| #endif
| #ifdef HAVE_SYS_STAT_H
| # include <sys/stat.h>
| #endif
| #ifdef STDC_HEADERS
| # include <stdlib.h>
| # include <stddef.h>
| #else
| # ifdef HAVE_STDLIB_H
| #  include <stdlib.h>
| # endif
| #endif
| #ifdef HAVE_STRING_H
| # if !defined STDC_HEADERS && defined HAVE_MEMORY_H
| #  include <memory.h>
| # endif
| # include <string.h>
| #endif
| #ifdef HAVE_STRINGS_H
| # include <strings.h>
| #endif
| #ifdef HAVE_INTTYPES_H
| # include <inttypes.h>
| #endif
| #ifdef HAVE_STDINT_H
| # include <stdint.h>
| #endif
| #ifdef HAVE_UNISTD_H
| # include <unistd.h>
| #endif
| #include <sybdb.h>
configure:21851: result: no
configure:21851: checking sybdb.h presence
configure:21851: gcc -E  -DDARWIN -DSIGPROCMASK_SETS_THREAD_MASK -DDARWIN_10 conftest.c
conftest.c:20:10: fatal error: 'sybdb.h' file not found
#include <sybdb.h>
         ^
1 error generated.
configure:21851: $? = 1
configure: failed program was:
| /* confdefs.h */
| #define PACKAGE_NAME ""
| #define PACKAGE_TARNAME ""
| #define PACKAGE_VERSION ""
| #define PACKAGE_STRING ""
| #define PACKAGE_BUGREPORT ""
| #define PACKAGE_URL ""
| #define STDC_HEADERS 1
| #define HAVE_SYS_TYPES_H 1
| #define HAVE_SYS_STAT_H 1
| #define HAVE_STDLIB_H 1
| #define HAVE_STRING_H 1
| #define HAVE_MEMORY_H 1
| #define HAVE_STRINGS_H 1
| #define HAVE_INTTYPES_H 1
| #define HAVE_STDINT_H 1
| #define HAVE_UNISTD_H 1
| #define HAVE_SQLITE3_H 1
| /* end confdefs.h.  */
| #include <sybdb.h>
configure:21851: result: no
configure:21851: checking for sybdb.h
configure:21851: result: no
configure:21903: checking freetds/sybdb.h usability
configure:21903: gcc -c -g -O2  -DDARWIN -DSIGPROCMASK_SETS_THREAD_MASK -DDARWIN_10 conftest.c >&5
conftest.c:53:10: fatal error: 'freetds/sybdb.h' file not found
#include <freetds/sybdb.h>
         ^
1 error generated.
configure:21903: $? = 1
configure: failed program was:
| /* confdefs.h */
| #define PACKAGE_NAME ""
| #define PACKAGE_TARNAME ""
| #define PACKAGE_VERSION ""
| #define PACKAGE_STRING ""
| #define PACKAGE_BUGREPORT ""
| #define PACKAGE_URL ""
| #define STDC_HEADERS 1
| #define HAVE_SYS_TYPES_H 1
| #define HAVE_SYS_STAT_H 1
| #define HAVE_STDLIB_H 1
| #define HAVE_STRING_H 1
| #define HAVE_MEMORY_H 1
| #define HAVE_STRINGS_H 1
| #define HAVE_INTTYPES_H 1
| #define HAVE_STDINT_H 1
| #define HAVE_UNISTD_H 1
| #define HAVE_SQLITE3_H 1
| /* end confdefs.h.  */
| #include <stdio.h>
| #ifdef HAVE_SYS_TYPES_H
| # include <sys/types.h>
| #endif
| #ifdef HAVE_SYS_STAT_H
| # include <sys/stat.h>
| #endif
| #ifdef STDC_HEADERS
| # include <stdlib.h>
| # include <stddef.h>
| #else
| # ifdef HAVE_STDLIB_H
| #  include <stdlib.h>
| # endif
| #endif
| #ifdef HAVE_STRING_H
| # if !defined STDC_HEADERS && defined HAVE_MEMORY_H
| #  include <memory.h>
| # endif
| # include <string.h>
| #endif
| #ifdef HAVE_STRINGS_H
| # include <strings.h>
| #endif
| #ifdef HAVE_INTTYPES_H
| # include <inttypes.h>
| #endif
| #ifdef HAVE_STDINT_H
| # include <stdint.h>
| #endif
| #ifdef HAVE_UNISTD_H
| # include <unistd.h>
| #endif
| #include <freetds/sybdb.h>
configure:21903: result: no
configure:21903: checking freetds/sybdb.h presence
configure:21903: gcc -E  -DDARWIN -DSIGPROCMASK_SETS_THREAD_MASK -DDARWIN_10 conftest.c
conftest.c:20:10: fatal error: 'freetds/sybdb.h' file not found
#include <freetds/sybdb.h>
         ^
1 error generated.
configure:21903: $? = 1
configure: failed program was:
| /* confdefs.h */
| #define PACKAGE_NAME ""
| #define PACKAGE_TARNAME ""
| #define PACKAGE_VERSION ""
| #define PACKAGE_STRING ""
| #define PACKAGE_BUGREPORT ""
| #define PACKAGE_URL ""
| #define STDC_HEADERS 1
| #define HAVE_SYS_TYPES_H 1
| #define HAVE_SYS_STAT_H 1
| #define HAVE_STDLIB_H 1
| #define HAVE_STRING_H 1
| #define HAVE_MEMORY_H 1
| #define HAVE_STRINGS_H 1
| #define HAVE_INTTYPES_H 1
| #define HAVE_STDINT_H 1
| #define HAVE_UNISTD_H 1
| #define HAVE_SQLITE3_H 1
| /* end confdefs.h.  */
| #include <freetds/sybdb.h>
configure:21903: result: no
configure:21903: checking for freetds/sybdb.h
configure:21903: result: no
configure:22494: checking for odbc_config
configure:22527: result: no
configure:22604: checking sql.h usability
configure:22604: gcc -c -g -O2  -DDARWIN -DSIGPROCMASK_SETS_THREAD_MASK -DDARWIN_10 conftest.c >&5
conftest.c:53:10: fatal error: 'sql.h' file not found
#include <sql.h>
         ^
1 error generated.
configure:22604: $? = 1
configure: failed program was:
| /* confdefs.h */
| #define PACKAGE_NAME ""
| #define PACKAGE_TARNAME ""
| #define PACKAGE_VERSION ""
| #define PACKAGE_STRING ""
| #define PACKAGE_BUGREPORT ""
| #define PACKAGE_URL ""
| #define STDC_HEADERS 1
| #define HAVE_SYS_TYPES_H 1
| #define HAVE_SYS_STAT_H 1
| #define HAVE_STDLIB_H 1
| #define HAVE_STRING_H 1
| #define HAVE_MEMORY_H 1
| #define HAVE_STRINGS_H 1
| #define HAVE_INTTYPES_H 1
| #define HAVE_STDINT_H 1
| #define HAVE_UNISTD_H 1
| #define HAVE_SQLITE3_H 1
| /* end confdefs.h.  */
| #include <stdio.h>
| #ifdef HAVE_SYS_TYPES_H
| # include <sys/types.h>
| #endif
| #ifdef HAVE_SYS_STAT_H
| # include <sys/stat.h>
| #endif
| #ifdef STDC_HEADERS
| # include <stdlib.h>
| # include <stddef.h>
| #else
| # ifdef HAVE_STDLIB_H
| #  include <stdlib.h>
| # endif
| #endif
| #ifdef HAVE_STRING_H
| # if !defined STDC_HEADERS && defined HAVE_MEMORY_H
| #  include <memory.h>
| # endif
| # include <string.h>
| #endif
| #ifdef HAVE_STRINGS_H
| # include <strings.h>
| #endif
| #ifdef HAVE_INTTYPES_H
| # include <inttypes.h>
| #endif
| #ifdef HAVE_STDINT_H
| # include <stdint.h>
| #endif
| #ifdef HAVE_UNISTD_H
| # include <unistd.h>
| #endif
| #include <sql.h>
configure:22604: result: no
configure:22604: checking sql.h presence
configure:22604: gcc -E  -DDARWIN -DSIGPROCMASK_SETS_THREAD_MASK -DDARWIN_10 conftest.c
conftest.c:20:10: fatal error: 'sql.h' file not found
#include <sql.h>
         ^
1 error generated.
configure:22604: $? = 1
configure: failed program was:
| /* confdefs.h */
| #define PACKAGE_NAME ""
| #define PACKAGE_TARNAME ""
| #define PACKAGE_VERSION ""
| #define PACKAGE_STRING ""
| #define PACKAGE_BUGREPORT ""
| #define PACKAGE_URL ""
| #define STDC_HEADERS 1
| #define HAVE_SYS_TYPES_H 1
| #define HAVE_SYS_STAT_H 1
| #define HAVE_STDLIB_H 1
| #define HAVE_STRING_H 1
| #define HAVE_MEMORY_H 1
| #define HAVE_STRINGS_H 1
| #define HAVE_INTTYPES_H 1
| #define HAVE_STDINT_H 1
| #define HAVE_UNISTD_H 1
| #define HAVE_SQLITE3_H 1
| /* end confdefs.h.  */
| #include <sql.h>
configure:22604: result: no
configure:22604: checking for sql.h
configure:22604: result: no
configure:22656: checking odbc/sql.h usability
configure:22656: gcc -c -g -O2  -DDARWIN -DSIGPROCMASK_SETS_THREAD_MASK -DDARWIN_10 conftest.c >&5
conftest.c:53:10: fatal error: 'odbc/sql.h' file not found
#include <odbc/sql.h>
         ^
1 error generated.
configure:22656: $? = 1
configure: failed program was:
| /* confdefs.h */
| #define PACKAGE_NAME ""
| #define PACKAGE_TARNAME ""
| #define PACKAGE_VERSION ""
| #define PACKAGE_STRING ""
| #define PACKAGE_BUGREPORT ""
| #define PACKAGE_URL ""
| #define STDC_HEADERS 1
| #define HAVE_SYS_TYPES_H 1
| #define HAVE_SYS_STAT_H 1
| #define HAVE_STDLIB_H 1
| #define HAVE_STRING_H 1
| #define HAVE_MEMORY_H 1
| #define HAVE_STRINGS_H 1
| #define HAVE_INTTYPES_H 1
| #define HAVE_STDINT_H 1
| #define HAVE_UNISTD_H 1
| #define HAVE_SQLITE3_H 1
| /* end confdefs.h.  */
| #include <stdio.h>
| #ifdef HAVE_SYS_TYPES_H
| # include <sys/types.h>
| #endif
| #ifdef HAVE_SYS_STAT_H
| # include <sys/stat.h>
| #endif
| #ifdef STDC_HEADERS
| # include <stdlib.h>
| # include <stddef.h>
| #else
| # ifdef HAVE_STDLIB_H
| #  include <stdlib.h>
| # endif
| #endif
| #ifdef HAVE_STRING_H
| # if !defined STDC_HEADERS && defined HAVE_MEMORY_H
| #  include <memory.h>
| # endif
| # include <string.h>
| #endif
| #ifdef HAVE_STRINGS_H
| # include <strings.h>
| #endif
| #ifdef HAVE_INTTYPES_H
| # include <inttypes.h>
| #endif
| #ifdef HAVE_STDINT_H
| # include <stdint.h>
| #endif
| #ifdef HAVE_UNISTD_H
| # include <unistd.h>
| #endif
| #include <odbc/sql.h>
configure:22656: result: no
configure:22656: checking odbc/sql.h presence
configure:22656: gcc -E  -DDARWIN -DSIGPROCMASK_SETS_THREAD_MASK -DDARWIN_10 conftest.c
conftest.c:20:10: fatal error: 'odbc/sql.h' file not found
#include <odbc/sql.h>
         ^
1 error generated.
configure:22656: $? = 1
configure: failed program was:
| /* confdefs.h */
| #define PACKAGE_NAME ""
| #define PACKAGE_TARNAME ""
| #define PACKAGE_VERSION ""
| #define PACKAGE_STRING ""
| #define PACKAGE_BUGREPORT ""
| #define PACKAGE_URL ""
| #define STDC_HEADERS 1
| #define HAVE_SYS_TYPES_H 1
| #define HAVE_SYS_STAT_H 1
| #define HAVE_STDLIB_H 1
| #define HAVE_STRING_H 1
| #define HAVE_MEMORY_H 1
| #define HAVE_STRINGS_H 1
| #define HAVE_INTTYPES_H 1
| #define HAVE_STDINT_H 1
| #define HAVE_UNISTD_H 1
| #define HAVE_SQLITE3_H 1
| /* end confdefs.h.  */
| #include <odbc/sql.h>
configure:22656: result: no
configure:22656: checking for odbc/sql.h
configure:22656: result: no
configure:22892: checking Expat 1.95.x
configure:22912: gcc -o conftest -g -O2  -DDARWIN -DSIGPROCMASK_SETS_THREAD_MASK -DDARWIN_10  conftest.c  -lexpat >&5
configure:22912: $? = 0
configure:22922: result: yes
configure:23613: checking iconv.h usability
configure:23613: gcc -c -g -O2  -DDARWIN -DSIGPROCMASK_SETS_THREAD_MASK -DDARWIN_10 conftest.c >&5
configure:23613: $? = 0
configure:23613: result: yes
configure:23613: checking iconv.h presence
configure:23613: gcc -E  -DDARWIN -DSIGPROCMASK_SETS_THREAD_MASK -DDARWIN_10 conftest.c
configure:23613: $? = 0
configure:23613: result: yes
configure:23613: checking for iconv.h
configure:23613: result: yes
configure:23634: gcc -o conftest -g -O2  -DDARWIN -DSIGPROCMASK_SETS_THREAD_MASK -DDARWIN_10  conftest.c  >&5
Undefined symbols for architecture x86_64:
  "_iconv", referenced from:
      _main in conftest-157a6d.o
  "_iconv_open", referenced from:
      _main in conftest-157a6d.o
ld: symbol(s) not found for architecture x86_64
clang: error: linker command failed with exit code 1 (use -v to see invocation)
configure:23634: $? = 1
configure: failed program was:
| /* confdefs.h */
| #define PACKAGE_NAME ""
| #define PACKAGE_TARNAME ""
| #define PACKAGE_VERSION ""
| #define PACKAGE_STRING ""
| #define PACKAGE_BUGREPORT ""
| #define PACKAGE_URL ""
| #define STDC_HEADERS 1
| #define HAVE_SYS_TYPES_H 1
| #define HAVE_SYS_STAT_H 1
| #define HAVE_STDLIB_H 1
| #define HAVE_STRING_H 1
| #define HAVE_MEMORY_H 1
| #define HAVE_STRINGS_H 1
| #define HAVE_INTTYPES_H 1
| #define HAVE_STDINT_H 1
| #define HAVE_UNISTD_H 1
| #define HAVE_SQLITE3_H 1
| #define HAVE_EXPAT_H 1
| /* end confdefs.h.  */
| 
| #include <stdlib.h>
| #include <iconv.h>
| 
| int
| main ()
| {
| 
|   iconv_t cd = iconv_open("", "");
|   iconv(cd, NULL, NULL, NULL, NULL);
| 
|   ;
|   return 0;
| }
configure:23679: gcc -o conftest -g -O2  -DDARWIN -DSIGPROCMASK_SETS_THREAD_MASK -DDARWIN_10  conftest.c -liconv >&5
configure:23679: $? = 0
configure:23857: checking for type of inbuf parameter to iconv
configure:23880: gcc -c -g -O2  -Werror  -DDARWIN -DSIGPROCMASK_SETS_THREAD_MASK -DDARWIN_10 conftest.c >&5
configure:23880: $? = 0
configure:23897: result: char **
configure:23906: checking for iconv.h
configure:23906: result: yes
configure:23906: checking langinfo.h usability
configure:23906: gcc -c -g -O2  -DDARWIN -DSIGPROCMASK_SETS_THREAD_MASK -DDARWIN_10 conftest.c >&5
configure:23906: $? = 0
configure:23906: result: yes
configure:23906: checking langinfo.h presence
configure:23906: gcc -E  -DDARWIN -DSIGPROCMASK_SETS_THREAD_MASK -DDARWIN_10 conftest.c
configure:23906: $? = 0
configure:23906: result: yes
configure:23906: checking for langinfo.h
configure:23906: result: yes
configure:23930: checking for nl_langinfo
configure:23930: gcc -o conftest -g -O2  -DDARWIN -DSIGPROCMASK_SETS_THREAD_MASK -DDARWIN_10  conftest.c  >&5
configure:23930: $? = 0
configure:23930: result: yes
configure:23950: checking for CODESET in langinfo.h
configure:23975: result: yes
configure:23999: checking whether APR has DSO support
configure:24024: result: yes
configure:24109: checking for library containing crypt
configure:24140: gcc -o conftest -g -O2  -DDARWIN -DSIGPROCMASK_SETS_THREAD_MASK -DDARWIN_10  conftest.c  >&5
configure:24140: $? = 0
configure:24157: result: none required
configure:24165: checking if system crypt() function is threadsafe
configure:24175: result: no
configure:24180: checking for crypt_r
configure:24180: gcc -o conftest -g -O2  -DDARWIN -DSIGPROCMASK_SETS_THREAD_MASK -DDARWIN_10  conftest.c  >&5
Undefined symbols for architecture x86_64:
  "_crypt_r", referenced from:
      _main in conftest-806947.o
ld: symbol(s) not found for architecture x86_64
clang: error: linker command failed with exit code 1 (use -v to see invocation)
configure:24180: $? = 1
configure: failed program was:
| /* confdefs.h */
| #define PACKAGE_NAME ""
| #define PACKAGE_TARNAME ""
| #define PACKAGE_VERSION ""
| #define PACKAGE_STRING ""
| #define PACKAGE_BUGREPORT ""
| #define PACKAGE_URL ""
| #define STDC_HEADERS 1
| #define HAVE_SYS_TYPES_H 1
| #define HAVE_SYS_STAT_H 1
| #define HAVE_STDLIB_H 1
| #define HAVE_STRING_H 1
| #define HAVE_MEMORY_H 1
| #define HAVE_STRINGS_H 1
| #define HAVE_INTTYPES_H 1
| #define HAVE_STDINT_H 1
| #define HAVE_UNISTD_H 1
| #define HAVE_SQLITE3_H 1
| #define HAVE_EXPAT_H 1
| #define HAVE_ICONV_H 1
| #define HAVE_LANGINFO_H 1
| #define HAVE_NL_LANGINFO 1
| #define HAVE_CODESET 1
| #define APU_DSO_BUILD 1
| /* end confdefs.h.  */
| /* Define crypt_r to an innocuous variant, in case <limits.h> declares crypt_r.
|    For example, HP-UX 11i <limits.h> declares gettimeofday.  */
| #define crypt_r innocuous_crypt_r
| 
| /* System header to define __stub macros and hopefully few prototypes,
|     which can conflict with char crypt_r (); below.
|     Prefer <limits.h> to <assert.h> if __STDC__ is defined, since
|     <limits.h> exists even on freestanding compilers.  */
| 
| #ifdef __STDC__
| # include <limits.h>
| #else
| # include <assert.h>
| #endif
| 
| #undef crypt_r
| 
| /* Override any GCC internal prototype to avoid an error.
|    Use char because int might match the return type of a GCC
|    builtin and then its argument prototype would still apply.  */
| #ifdef __cplusplus
| extern "C"
| #endif
| char crypt_r ();
| /* The GNU C library defines this for functions which it implements
|     to always fail with ENOSYS.  Some functions are actually named
|     something starting with __ and the normal name is an alias.  */
| #if defined __stub_crypt_r || defined __stub___crypt_r
| choke me
| #endif
| 
| int
| main ()
| {
| return crypt_r ();
|   ;
|   return 0;
| }
configure:24180: result: no
configure:24478: creating ./config.status

## ---------------------- ##
## Running config.status. ##
## ---------------------- ##

This file was extended by config.status, which was
generated by GNU Autoconf 2.69.  Invocation command line was

  CONFIG_FILES    = 
  CONFIG_HEADERS  = 
  CONFIG_LINKS    = 
  CONFIG_COMMANDS = 
  $ ./config.status 

on SSrivastava-MacBook-Pro.local

config.status:932: creating Makefile
config.status:932: creating export_vars.sh
config.status:932: creating build/pkg/pkginfo
config.status:932: creating apr-util.pc
config.status:932: creating apu-1-config
config.status:932: creating include/private/apu_select_dbm.h
config.status:932: creating include/apr_ldap.h
config.status:932: creating include/apu.h
config.status:932: creating include/apu_want.h
config.status:932: creating test/Makefile
config.status:932: creating include/private/apu_config.h
config.status:1107: include/private/apu_config.h is unchanged
config.status:1121: executing default commands

## ---------------- ##
## Cache variables. ##
## ---------------- ##

ac_cv_build=x86_64-apple-darwin16.4.0
ac_cv_c_compiler_gnu=yes
ac_cv_define_CODESET=yes
ac_cv_env_CC_set=
ac_cv_env_CC_value=
ac_cv_env_CFLAGS_set=
ac_cv_env_CFLAGS_value=
ac_cv_env_CPPFLAGS_set=
ac_cv_env_CPPFLAGS_value=
ac_cv_env_CPP_set=
ac_cv_env_CPP_value=
ac_cv_env_LDFLAGS_set=
ac_cv_env_LDFLAGS_value=
ac_cv_env_LIBS_set=
ac_cv_env_LIBS_value=
ac_cv_env_build_alias_set=
ac_cv_env_build_alias_value=
ac_cv_env_host_alias_set=
ac_cv_env_host_alias_value=
ac_cv_env_target_alias_set=
ac_cv_env_target_alias_value=
ac_cv_func_crypt_r=no
ac_cv_func_nl_langinfo=yes
ac_cv_header_freetds_sybdb_h=no
ac_cv_header_iconv_h=yes
ac_cv_header_inttypes_h=yes
ac_cv_header_langinfo_h=yes
ac_cv_header_libpq_fe_h=no
ac_cv_header_memory_h=yes
ac_cv_header_odbc_sql_h=no
ac_cv_header_postgresql_libpq_fe_h=no
ac_cv_header_sql_h=no
ac_cv_header_sqlite3_h=yes
ac_cv_header_sqlite_h=no
ac_cv_header_stdc=yes
ac_cv_header_stdint_h=yes
ac_cv_header_stdlib_h=yes
ac_cv_header_string_h=yes
ac_cv_header_strings_h=yes
ac_cv_header_sybdb_h=no
ac_cv_header_sys_stat_h=yes
ac_cv_header_sys_types_h=yes
ac_cv_header_unistd_h=yes
ac_cv_host=x86_64-apple-darwin16.4.0
ac_cv_lib_sqlite3_sqlite3_open=yes
ac_cv_mkdir_p=yes
ac_cv_objext=o
ac_cv_path_EGREP='/usr/bin/grep -E'
ac_cv_path_GREP=/usr/bin/grep
ac_cv_path_install='/usr/bin/install -c'
ac_cv_prog_CPP='gcc -E'
ac_cv_prog_ac_ct_CC=gcc
ac_cv_prog_cc_c89=
ac_cv_prog_cc_g=yes
ac_cv_search_crypt='none required'
ac_cv_target=x86_64-apple-darwin16.4.0
apu_cv_aprdso=yes
apu_cv_expat_system=yes

## ----------------- ##
## Output variables. ##
## ----------------- ##

APRUTIL_DOTTED_VERSION='1.5.4'
APRUTIL_EXPORT_LIBS='-lexpat -liconv'
APRUTIL_INCLUDES=''
APRUTIL_LDFLAGS=''
APRUTIL_LIBNAME='aprutil-${APRUTIL_MAJOR_VERSION}'
APRUTIL_LIBS='-lexpat -liconv /Users/shivendrasrivastava/Documents/Apache_SAPFieldglass/httpd/srclib/apr/libapr-1.la -lpthread'
APRUTIL_MAJOR_VERSION='1'
APRUTIL_PRIV_INCLUDES='-I/Users/shivendrasrivastava/Documents/Apache_SAPFieldglass/httpd/srclib/apr-util/include -I/Users/shivendrasrivastava/Documents/Apache_SAPFieldglass/httpd/srclib/apr-util/include/private'
APR_BUILD_DIR='/Users/shivendrasrivastava/Documents/Apache_SAPFieldglass/httpd/srclib/apr/build'
APR_ICONV_DIR=''
APR_INCLUDES=' -I/Users/shivendrasrivastava/Documents/Apache_SAPFieldglass/httpd/srclib/apr/include '
APR_LIBS=' /Users/shivendrasrivastava/Documents/Apache_SAPFieldglass/httpd/srclib/apr/libapr-1.la -lpthread'
APR_XML_DIR=''
APU_CONFIG_LOCATION='source'
APU_DSO_LIBDIR='${libdir}/apr-util-1'
APU_HAVE_MODULES='yes'
APU_LTVERSION='-version-info 5:4:5'
APU_MODULES='  dbd/apr_dbd_sqlite3.la'
CC='gcc'
CFLAGS='-g -O2'
CPP='gcc -E'
CPPFLAGS=' -DDARWIN -DSIGPROCMASK_SETS_THREAD_MASK -DDARWIN_10'
DEFS='-DHAVE_CONFIG_H'
ECHO_C='\c'
ECHO_N=''
ECHO_T=''
EGREP='/usr/bin/grep -E'
EXEEXT=''
EXTRA_OBJECTS=''
GREP='/usr/bin/grep'
INCLUDE_OUTPUTS='include /Users/shivendrasrivastava/Documents/Apache_SAPFieldglass/httpd/srclib/apr-util/build-outputs.mk'
INCLUDE_RULES='include /Users/shivendrasrivastava/Documents/Apache_SAPFieldglass/httpd/srclib/apr-util/build/rules.mk'
INSTALL_DATA='${INSTALL} -m 644'
INSTALL_PROGRAM='${INSTALL}'
INSTALL_SCRIPT='${INSTALL}'
LDADD_crypto_nss=''
LDADD_crypto_openssl=''
LDADD_dbd_freetds=''
LDADD_dbd_mysql=''
LDADD_dbd_odbc=''
LDADD_dbd_oracle=''
LDADD_dbd_pgsql=''
LDADD_dbd_sqlite2=''
LDADD_dbd_sqlite3=' -lsqlite3'
LDADD_dbm_db=''
LDADD_dbm_gdbm=''
LDADD_dbm_ndbm=''
LDADD_ldap=''
LDFLAGS=''
LIBOBJS=''
LIBS=''
LTLIBOBJS=''
LT_NO_INSTALL=''
MYSQL_CONFIG=''
OBJEXT='o'
ODBC_CONFIG=''
PACKAGE_BUGREPORT=''
PACKAGE_NAME=''
PACKAGE_STRING=''
PACKAGE_TARNAME=''
PACKAGE_URL=''
PACKAGE_VERSION=''
PATH_SEPARATOR=':'
PGSQL_CONFIG=''
PKG_CONFIG=''
SHELL='/bin/sh'
abs_builddir='/Users/shivendrasrivastava/Documents/Apache_SAPFieldglass/httpd/srclib/apr-util'
abs_srcdir='/Users/shivendrasrivastava/Documents/Apache_SAPFieldglass/httpd/srclib/apr-util'
ac_ct_CC='gcc'
apr_shlibpath_var='DYLD_LIBRARY_PATH'
apu_db_header='db.h'
apu_db_version='0'
apu_dbd_tests=' sqlite3'
apu_has_ldap='0'
apu_has_ldap_microsoft='0'
apu_has_ldap_mozilla='0'
apu_has_ldap_netscape='0'
apu_has_ldap_novell='0'
apu_has_ldap_openldap='0'
apu_has_ldap_other='0'
apu_has_ldap_solaris='0'
apu_has_ldap_sslinit='0'
apu_has_ldap_start_tls_s='0'
apu_has_ldap_tivoli='0'
apu_has_ldap_zos='0'
apu_has_ldapssl_add_trusted_cert='0'
apu_has_ldapssl_client_deinit='0'
apu_has_ldapssl_client_init='0'
apu_has_ldapssl_init='0'
apu_has_ldapssl_install_routines='0'
apu_have_crypto='0'
apu_have_db='0'
apu_have_freetds='0'
apu_have_gdbm='0'
apu_have_mysql='0'
apu_have_ndbm='0'
apu_have_nss='0'
apu_have_odbc='0'
apu_have_openssl='0'
apu_have_oracle='0'
apu_have_pgsql='0'
apu_have_sdbm='1'
apu_have_sqlite2='0'
apu_have_sqlite3='1'
apu_use_db='0'
apu_use_gdbm='0'
apu_use_ndbm='0'
apu_use_sdbm='1'
bindir='${prefix}/bin'
build='x86_64-apple-darwin16.4.0'
build_alias=''
build_cpu='x86_64'
build_os='darwin16.4.0'
build_vendor='apple'
datadir='${prefix}'
datarootdir='${prefix}/share'
docdir='${datarootdir}/doc/${PACKAGE}'
dvidir='${docdir}'
exec_prefix='/Users/shivendrasrivastava/Documents/Apache_SAPFieldglass/httpd'
have_apr_iconv='0'
have_iconv='1'
host='x86_64-apple-darwin16.4.0'
host_alias=''
host_cpu='x86_64'
host_os='darwin16.4.0'
host_vendor='apple'
htmldir='${docdir}'
includedir='/Users/shivendrasrivastava/Documents/Apache_SAPFieldglass/httpd/include'
infodir='${datarootdir}/info'
lber_h=''
ldap_h=''
ldap_ssl_h=''
lib_target='-rpath $(libdir) $(OBJECTS)'
libdir='${prefix}/lib'
libexecdir='${exec_prefix}/modules'
localedir='${datarootdir}/locale'
localstatedir='${prefix}'
mandir='${prefix}/man'
oldincludedir='/usr/include'
pdfdir='${docdir}'
prefix='/Users/shivendrasrivastava/Documents/Apache_SAPFieldglass/httpd'
program_transform_name='s,x,x,'
psdir='${docdir}'
sbindir='${exec_prefix}/bin'
sharedstatedir='${prefix}/com'
so_ext='lo'
sysconfdir='${prefix}/conf'
target='x86_64-apple-darwin16.4.0'
target_alias=''
target_cpu='x86_64'
target_os='darwin16.4.0'
target_vendor='apple'
top_builddir='/Users/shivendrasrivastava/Documents/Apache_SAPFieldglass/httpd/srclib/apr-util'

## ----------- ##
## confdefs.h. ##
## ----------- ##

/* confdefs.h */
#define PACKAGE_NAME ""
#define PACKAGE_TARNAME ""
#define PACKAGE_VERSION ""
#define PACKAGE_STRING ""
#define PACKAGE_BUGREPORT ""
#define PACKAGE_URL ""
#define STDC_HEADERS 1
#define HAVE_SYS_TYPES_H 1
#define HAVE_SYS_STAT_H 1
#define HAVE_STDLIB_H 1
#define HAVE_STRING_H 1
#define HAVE_MEMORY_H 1
#define HAVE_STRINGS_H 1
#define HAVE_INTTYPES_H 1
#define HAVE_STDINT_H 1
#define HAVE_UNISTD_H 1
#define HAVE_SQLITE3_H 1
#define HAVE_EXPAT_H 1
#define HAVE_ICONV_H 1
#define HAVE_LANGINFO_H 1
#define HAVE_NL_LANGINFO 1
#define HAVE_CODESET 1
#define APU_DSO_BUILD 1
#define APU_DSO_LIBDIR "/Users/shivendrasrivastava/Documents/Apache_SAPFieldglass/httpd/lib/apr-util-1"

configure: exit 0
