08-Mar-2017 17:06:51.103 INFO [main] org.apache.catalina.startup.VersionLoggerListener.log Server version:        Apache Tomcat/9.0.0.M17
08-Mar-2017 17:06:51.108 INFO [main] org.apache.catalina.startup.VersionLoggerListener.log Server built:          Jan 10 2017 20:59:20 UTC
08-Mar-2017 17:06:51.108 INFO [main] org.apache.catalina.startup.VersionLoggerListener.log Server number:         9.0.0.0
08-Mar-2017 17:06:51.108 INFO [main] org.apache.catalina.startup.VersionLoggerListener.log OS Name:               Mac OS X
08-Mar-2017 17:06:51.109 INFO [main] org.apache.catalina.startup.VersionLoggerListener.log OS Version:            10.12.3
08-Mar-2017 17:06:51.109 INFO [main] org.apache.catalina.startup.VersionLoggerListener.log Architecture:          x86_64
08-Mar-2017 17:06:51.109 INFO [main] org.apache.catalina.startup.VersionLoggerListener.log Java Home:             /Library/Java/JavaVirtualMachines/jdk1.8.0_102.jdk/Contents/Home/jre
08-Mar-2017 17:06:51.109 INFO [main] org.apache.catalina.startup.VersionLoggerListener.log JVM Version:           1.8.0_102-b14
08-Mar-2017 17:06:51.109 INFO [main] org.apache.catalina.startup.VersionLoggerListener.log JVM Vendor:            Oracle Corporation
08-Mar-2017 17:06:51.109 INFO [main] org.apache.catalina.startup.VersionLoggerListener.log CATALINA_BASE:         /Users/shivendrasrivastava/Documents/Apache_SAPFieldglass/apache_1
08-Mar-2017 17:06:51.109 INFO [main] org.apache.catalina.startup.VersionLoggerListener.log CATALINA_HOME:         /Users/shivendrasrivastava/Documents/Apache_SAPFieldglass/apache_1
08-Mar-2017 17:06:51.110 INFO [main] org.apache.catalina.startup.VersionLoggerListener.log Command line argument: -Djava.util.logging.config.file=/Users/shivendrasrivastava/Documents/Apache_SAPFieldglass/apache_1/conf/logging.properties
08-Mar-2017 17:06:51.110 INFO [main] org.apache.catalina.startup.VersionLoggerListener.log Command line argument: -Djava.util.logging.manager=org.apache.juli.ClassLoaderLogManager
08-Mar-2017 17:06:51.110 INFO [main] org.apache.catalina.startup.VersionLoggerListener.log Command line argument: -Djdk.tls.ephemeralDHKeySize=2048
08-Mar-2017 17:06:51.110 INFO [main] org.apache.catalina.startup.VersionLoggerListener.log Command line argument: -Djava.protocol.handler.pkgs=org.apache.catalina.webresources
08-Mar-2017 17:06:51.110 INFO [main] org.apache.catalina.startup.VersionLoggerListener.log Command line argument: -Dcatalina.base=/Users/shivendrasrivastava/Documents/Apache_SAPFieldglass/apache_1
08-Mar-2017 17:06:51.110 INFO [main] org.apache.catalina.startup.VersionLoggerListener.log Command line argument: -Dcatalina.home=/Users/shivendrasrivastava/Documents/Apache_SAPFieldglass/apache_1
08-Mar-2017 17:06:51.111 INFO [main] org.apache.catalina.startup.VersionLoggerListener.log Command line argument: -Djava.io.tmpdir=/Users/shivendrasrivastava/Documents/Apache_SAPFieldglass/apache_1/temp
08-Mar-2017 17:06:51.111 INFO [main] org.apache.catalina.core.AprLifecycleListener.lifecycleEvent The APR based Apache Tomcat Native library which allows optimal performance in production environments was not found on the java.library.path: /Users/shivendrasrivastava/Library/Java/Extensions:/Library/Java/Extensions:/Network/Library/Java/Extensions:/System/Library/Java/Extensions:/usr/lib/java:.
08-Mar-2017 17:06:51.231 INFO [main] org.apache.coyote.AbstractProtocol.init Initializing ProtocolHandler ["http-nio-8081"]
08-Mar-2017 17:06:51.263 INFO [main] org.apache.tomcat.util.net.NioSelectorPool.getSharedSelector Using a shared selector for servlet write/read
08-Mar-2017 17:06:51.266 INFO [main] org.apache.coyote.AbstractProtocol.init Initializing ProtocolHandler ["ajp-nio-8009"]
08-Mar-2017 17:06:51.267 INFO [main] org.apache.tomcat.util.net.NioSelectorPool.getSharedSelector Using a shared selector for servlet write/read
08-Mar-2017 17:06:51.268 INFO [main] org.apache.catalina.startup.Catalina.load Initialization processed in 489 ms
08-Mar-2017 17:06:51.288 INFO [main] org.apache.catalina.core.StandardService.startInternal Starting service Catalina
08-Mar-2017 17:06:51.288 INFO [main] org.apache.catalina.core.StandardEngine.startInternal Starting Servlet Engine: Apache Tomcat/9.0.0.M17
08-Mar-2017 17:06:51.295 INFO [localhost-startStop-1] org.apache.catalina.startup.HostConfig.deployDirectory Deploying web application directory /Users/shivendrasrivastava/Documents/Apache_SAPFieldglass/apache_1/webapps/docs
08-Mar-2017 17:06:51.580 INFO [localhost-startStop-1] org.apache.catalina.startup.HostConfig.deployDirectory Deployment of web application directory /Users/shivendrasrivastava/Documents/Apache_SAPFieldglass/apache_1/webapps/docs has finished in 285 ms
08-Mar-2017 17:06:51.580 INFO [localhost-startStop-1] org.apache.catalina.startup.HostConfig.deployDirectory Deploying web application directory /Users/shivendrasrivastava/Documents/Apache_SAPFieldglass/apache_1/webapps/examples
08-Mar-2017 17:06:51.809 INFO [localhost-startStop-1] org.apache.catalina.startup.HostConfig.deployDirectory Deployment of web application directory /Users/shivendrasrivastava/Documents/Apache_SAPFieldglass/apache_1/webapps/examples has finished in 229 ms
08-Mar-2017 17:06:51.809 INFO [localhost-startStop-1] org.apache.catalina.startup.HostConfig.deployDirectory Deploying web application directory /Users/shivendrasrivastava/Documents/Apache_SAPFieldglass/apache_1/webapps/host-manager
08-Mar-2017 17:06:51.827 INFO [localhost-startStop-1] org.apache.catalina.startup.HostConfig.deployDirectory Deployment of web application directory /Users/shivendrasrivastava/Documents/Apache_SAPFieldglass/apache_1/webapps/host-manager has finished in 17 ms
08-Mar-2017 17:06:51.827 INFO [localhost-startStop-1] org.apache.catalina.startup.HostConfig.deployDirectory Deploying web application directory /Users/shivendrasrivastava/Documents/Apache_SAPFieldglass/apache_1/webapps/manager
08-Mar-2017 17:06:51.841 INFO [localhost-startStop-1] org.apache.catalina.startup.HostConfig.deployDirectory Deployment of web application directory /Users/shivendrasrivastava/Documents/Apache_SAPFieldglass/apache_1/webapps/manager has finished in 14 ms
08-Mar-2017 17:06:51.841 INFO [localhost-startStop-1] org.apache.catalina.startup.HostConfig.deployDirectory Deploying web application directory /Users/shivendrasrivastava/Documents/Apache_SAPFieldglass/apache_1/webapps/ROOT
08-Mar-2017 17:06:51.850 INFO [localhost-startStop-1] org.apache.catalina.startup.HostConfig.deployDirectory Deployment of web application directory /Users/shivendrasrivastava/Documents/Apache_SAPFieldglass/apache_1/webapps/ROOT has finished in 9 ms
08-Mar-2017 17:06:51.852 INFO [main] org.apache.coyote.AbstractProtocol.start Starting ProtocolHandler [http-nio-8081]
08-Mar-2017 17:06:51.856 INFO [main] org.apache.coyote.AbstractProtocol.start Starting ProtocolHandler [ajp-nio-8009]
08-Mar-2017 17:06:51.857 INFO [main] org.apache.catalina.startup.Catalina.start Server startup in 589 ms
08-Mar-2017 20:39:52.396 INFO [main] org.apache.catalina.core.StandardServer.await A valid shutdown command was received via the shutdown port. Stopping the Server instance.
08-Mar-2017 20:39:52.398 INFO [main] org.apache.coyote.AbstractProtocol.pause Pausing ProtocolHandler ["http-nio-8081"]
08-Mar-2017 20:39:52.454 INFO [main] org.apache.coyote.AbstractProtocol.pause Pausing ProtocolHandler ["ajp-nio-8009"]
08-Mar-2017 20:39:52.509 INFO [main] org.apache.catalina.core.StandardService.stopInternal Stopping service Catalina
08-Mar-2017 20:39:52.529 INFO [main] org.apache.coyote.AbstractProtocol.stop Stopping ProtocolHandler ["http-nio-8081"]
08-Mar-2017 20:39:52.533 INFO [main] org.apache.coyote.AbstractProtocol.stop Stopping ProtocolHandler ["ajp-nio-8009"]
08-Mar-2017 20:39:52.533 INFO [main] org.apache.coyote.AbstractProtocol.destroy Destroying ProtocolHandler ["http-nio-8081"]
08-Mar-2017 20:39:52.534 INFO [main] org.apache.coyote.AbstractProtocol.destroy Destroying ProtocolHandler ["ajp-nio-8009"]
