08-Mar-2017 17:07:40.924 INFO [main] org.apache.catalina.startup.VersionLoggerListener.log Server version:        Apache Tomcat/9.0.0.M17
08-Mar-2017 17:07:40.925 INFO [main] org.apache.catalina.startup.VersionLoggerListener.log Server built:          Jan 10 2017 20:59:20 UTC
08-Mar-2017 17:07:40.926 INFO [main] org.apache.catalina.startup.VersionLoggerListener.log Server number:         9.0.0.0
08-Mar-2017 17:07:40.926 INFO [main] org.apache.catalina.startup.VersionLoggerListener.log OS Name:               Mac OS X
08-Mar-2017 17:07:40.926 INFO [main] org.apache.catalina.startup.VersionLoggerListener.log OS Version:            10.12.3
08-Mar-2017 17:07:40.926 INFO [main] org.apache.catalina.startup.VersionLoggerListener.log Architecture:          x86_64
08-Mar-2017 17:07:40.926 INFO [main] org.apache.catalina.startup.VersionLoggerListener.log Java Home:             /Library/Java/JavaVirtualMachines/jdk1.8.0_102.jdk/Contents/Home/jre
08-Mar-2017 17:07:40.926 INFO [main] org.apache.catalina.startup.VersionLoggerListener.log JVM Version:           1.8.0_102-b14
08-Mar-2017 17:07:40.926 INFO [main] org.apache.catalina.startup.VersionLoggerListener.log JVM Vendor:            Oracle Corporation
08-Mar-2017 17:07:40.926 INFO [main] org.apache.catalina.startup.VersionLoggerListener.log CATALINA_BASE:         /Users/shivendrasrivastava/Documents/Apache_SAPFieldglass/apache_2
08-Mar-2017 17:07:40.926 INFO [main] org.apache.catalina.startup.VersionLoggerListener.log CATALINA_HOME:         /Users/shivendrasrivastava/Documents/Apache_SAPFieldglass/apache_2
08-Mar-2017 17:07:40.926 INFO [main] org.apache.catalina.startup.VersionLoggerListener.log Command line argument: -Djava.util.logging.config.file=/Users/shivendrasrivastava/Documents/Apache_SAPFieldglass/apache_2/conf/logging.properties
08-Mar-2017 17:07:40.927 INFO [main] org.apache.catalina.startup.VersionLoggerListener.log Command line argument: -Djava.util.logging.manager=org.apache.juli.ClassLoaderLogManager
08-Mar-2017 17:07:40.927 INFO [main] org.apache.catalina.startup.VersionLoggerListener.log Command line argument: -Djdk.tls.ephemeralDHKeySize=2048
08-Mar-2017 17:07:40.927 INFO [main] org.apache.catalina.startup.VersionLoggerListener.log Command line argument: -Djava.protocol.handler.pkgs=org.apache.catalina.webresources
08-Mar-2017 17:07:40.927 INFO [main] org.apache.catalina.startup.VersionLoggerListener.log Command line argument: -Dcatalina.base=/Users/shivendrasrivastava/Documents/Apache_SAPFieldglass/apache_2
08-Mar-2017 17:07:40.927 INFO [main] org.apache.catalina.startup.VersionLoggerListener.log Command line argument: -Dcatalina.home=/Users/shivendrasrivastava/Documents/Apache_SAPFieldglass/apache_2
08-Mar-2017 17:07:40.927 INFO [main] org.apache.catalina.startup.VersionLoggerListener.log Command line argument: -Djava.io.tmpdir=/Users/shivendrasrivastava/Documents/Apache_SAPFieldglass/apache_2/temp
08-Mar-2017 17:07:40.927 INFO [main] org.apache.catalina.core.AprLifecycleListener.lifecycleEvent The APR based Apache Tomcat Native library which allows optimal performance in production environments was not found on the java.library.path: /Users/shivendrasrivastava/Library/Java/Extensions:/Library/Java/Extensions:/Network/Library/Java/Extensions:/System/Library/Java/Extensions:/usr/lib/java:.
08-Mar-2017 17:07:41.026 INFO [main] org.apache.coyote.AbstractProtocol.init Initializing ProtocolHandler ["http-nio-8082"]
08-Mar-2017 17:07:41.051 INFO [main] org.apache.tomcat.util.net.NioSelectorPool.getSharedSelector Using a shared selector for servlet write/read
08-Mar-2017 17:07:41.054 INFO [main] org.apache.coyote.AbstractProtocol.init Initializing ProtocolHandler ["ajp-nio-8009"]
08-Mar-2017 17:07:41.056 SEVERE [main] org.apache.catalina.util.LifecycleBase.handleSubClassException Failed to initialize component [Connector[AJP/1.3-8009]]
 org.apache.catalina.LifecycleException: Protocol handler initialization failed
	at org.apache.catalina.connector.Connector.initInternal(Connector.java:942)
	at org.apache.catalina.util.LifecycleBase.init(LifecycleBase.java:136)
	at org.apache.catalina.core.StandardService.initInternal(StandardService.java:530)
	at org.apache.catalina.util.LifecycleBase.init(LifecycleBase.java:136)
	at org.apache.catalina.core.StandardServer.initInternal(StandardServer.java:875)
	at org.apache.catalina.util.LifecycleBase.init(LifecycleBase.java:136)
	at org.apache.catalina.startup.Catalina.load(Catalina.java:606)
	at org.apache.catalina.startup.Catalina.load(Catalina.java:629)
	at sun.reflect.NativeMethodAccessorImpl.invoke0(Native Method)
	at sun.reflect.NativeMethodAccessorImpl.invoke(NativeMethodAccessorImpl.java:62)
	at sun.reflect.DelegatingMethodAccessorImpl.invoke(DelegatingMethodAccessorImpl.java:43)
	at java.lang.reflect.Method.invoke(Method.java:498)
	at org.apache.catalina.startup.Bootstrap.load(Bootstrap.java:311)
	at org.apache.catalina.startup.Bootstrap.main(Bootstrap.java:494)
Caused by: java.net.BindException: Address already in use
	at sun.nio.ch.Net.bind0(Native Method)
	at sun.nio.ch.Net.bind(Net.java:433)
	at sun.nio.ch.Net.bind(Net.java:425)
	at sun.nio.ch.ServerSocketChannelImpl.bind(ServerSocketChannelImpl.java:223)
	at sun.nio.ch.ServerSocketAdaptor.bind(ServerSocketAdaptor.java:74)
	at org.apache.tomcat.util.net.NioEndpoint.bind(NioEndpoint.java:206)
	at org.apache.tomcat.util.net.AbstractEndpoint.init(AbstractEndpoint.java:952)
	at org.apache.coyote.AbstractProtocol.init(AbstractProtocol.java:550)
	at org.apache.catalina.connector.Connector.initInternal(Connector.java:939)
	... 13 more

08-Mar-2017 17:07:41.057 INFO [main] org.apache.catalina.startup.Catalina.load Initialization processed in 442 ms
08-Mar-2017 17:07:41.077 INFO [main] org.apache.catalina.core.StandardService.startInternal Starting service Catalina
08-Mar-2017 17:07:41.077 INFO [main] org.apache.catalina.core.StandardEngine.startInternal Starting Servlet Engine: Apache Tomcat/9.0.0.M17
08-Mar-2017 17:07:41.085 INFO [localhost-startStop-1] org.apache.catalina.startup.HostConfig.deployDirectory Deploying web application directory /Users/shivendrasrivastava/Documents/Apache_SAPFieldglass/apache_2/webapps/docs
08-Mar-2017 17:07:41.339 INFO [localhost-startStop-1] org.apache.catalina.startup.HostConfig.deployDirectory Deployment of web application directory /Users/shivendrasrivastava/Documents/Apache_SAPFieldglass/apache_2/webapps/docs has finished in 254 ms
08-Mar-2017 17:07:41.340 INFO [localhost-startStop-1] org.apache.catalina.startup.HostConfig.deployDirectory Deploying web application directory /Users/shivendrasrivastava/Documents/Apache_SAPFieldglass/apache_2/webapps/examples
08-Mar-2017 17:07:41.569 INFO [localhost-startStop-1] org.apache.catalina.startup.HostConfig.deployDirectory Deployment of web application directory /Users/shivendrasrivastava/Documents/Apache_SAPFieldglass/apache_2/webapps/examples has finished in 230 ms
08-Mar-2017 17:07:41.569 INFO [localhost-startStop-1] org.apache.catalina.startup.HostConfig.deployDirectory Deploying web application directory /Users/shivendrasrivastava/Documents/Apache_SAPFieldglass/apache_2/webapps/host-manager
08-Mar-2017 17:07:41.584 INFO [localhost-startStop-1] org.apache.catalina.startup.HostConfig.deployDirectory Deployment of web application directory /Users/shivendrasrivastava/Documents/Apache_SAPFieldglass/apache_2/webapps/host-manager has finished in 15 ms
08-Mar-2017 17:07:41.585 INFO [localhost-startStop-1] org.apache.catalina.startup.HostConfig.deployDirectory Deploying web application directory /Users/shivendrasrivastava/Documents/Apache_SAPFieldglass/apache_2/webapps/manager
08-Mar-2017 17:07:41.599 INFO [localhost-startStop-1] org.apache.catalina.startup.HostConfig.deployDirectory Deployment of web application directory /Users/shivendrasrivastava/Documents/Apache_SAPFieldglass/apache_2/webapps/manager has finished in 14 ms
08-Mar-2017 17:07:41.599 INFO [localhost-startStop-1] org.apache.catalina.startup.HostConfig.deployDirectory Deploying web application directory /Users/shivendrasrivastava/Documents/Apache_SAPFieldglass/apache_2/webapps/ROOT
08-Mar-2017 17:07:41.607 INFO [localhost-startStop-1] org.apache.catalina.startup.HostConfig.deployDirectory Deployment of web application directory /Users/shivendrasrivastava/Documents/Apache_SAPFieldglass/apache_2/webapps/ROOT has finished in 8 ms
08-Mar-2017 17:07:41.609 INFO [main] org.apache.coyote.AbstractProtocol.start Starting ProtocolHandler [http-nio-8082]
08-Mar-2017 17:07:41.613 INFO [main] org.apache.catalina.startup.Catalina.start Server startup in 556 ms
08-Mar-2017 17:07:41.618 SEVERE [main] org.apache.catalina.core.StandardServer.await StandardServer.await: create[localhost:8005]: 
 java.net.BindException: Address already in use
	at java.net.PlainSocketImpl.socketBind(Native Method)
	at java.net.AbstractPlainSocketImpl.bind(AbstractPlainSocketImpl.java:387)
	at java.net.ServerSocket.bind(ServerSocket.java:375)
	at java.net.ServerSocket.<init>(ServerSocket.java:237)
	at org.apache.catalina.core.StandardServer.await(StandardServer.java:441)
	at org.apache.catalina.startup.Catalina.await(Catalina.java:743)
	at org.apache.catalina.startup.Catalina.start(Catalina.java:689)
	at sun.reflect.NativeMethodAccessorImpl.invoke0(Native Method)
	at sun.reflect.NativeMethodAccessorImpl.invoke(NativeMethodAccessorImpl.java:62)
	at sun.reflect.DelegatingMethodAccessorImpl.invoke(DelegatingMethodAccessorImpl.java:43)
	at java.lang.reflect.Method.invoke(Method.java:498)
	at org.apache.catalina.startup.Bootstrap.start(Bootstrap.java:355)
	at org.apache.catalina.startup.Bootstrap.main(Bootstrap.java:495)

08-Mar-2017 17:07:41.618 INFO [main] org.apache.coyote.AbstractProtocol.pause Pausing ProtocolHandler ["http-nio-8082"]
08-Mar-2017 17:07:41.674 INFO [main] org.apache.coyote.AbstractProtocol.pause Pausing ProtocolHandler ["ajp-nio-8009"]
08-Mar-2017 17:07:41.674 INFO [main] org.apache.catalina.core.StandardService.stopInternal Stopping service Catalina
08-Mar-2017 17:07:41.690 INFO [main] org.apache.coyote.AbstractProtocol.stop Stopping ProtocolHandler ["http-nio-8082"]
08-Mar-2017 17:07:41.693 INFO [main] org.apache.coyote.AbstractProtocol.destroy Destroying ProtocolHandler ["http-nio-8082"]
08-Mar-2017 17:07:41.694 INFO [main] org.apache.coyote.AbstractProtocol.stop Stopping ProtocolHandler ["ajp-nio-8009"]
08-Mar-2017 17:07:41.694 INFO [main] org.apache.coyote.AbstractProtocol.destroy Destroying ProtocolHandler ["ajp-nio-8009"]
08-Mar-2017 19:33:14.729 INFO [main] org.apache.catalina.startup.VersionLoggerListener.log Server version:        Apache Tomcat/9.0.0.M17
08-Mar-2017 19:33:14.731 INFO [main] org.apache.catalina.startup.VersionLoggerListener.log Server built:          Jan 10 2017 20:59:20 UTC
08-Mar-2017 19:33:14.731 INFO [main] org.apache.catalina.startup.VersionLoggerListener.log Server number:         9.0.0.0
08-Mar-2017 19:33:14.732 INFO [main] org.apache.catalina.startup.VersionLoggerListener.log OS Name:               Mac OS X
08-Mar-2017 19:33:14.732 INFO [main] org.apache.catalina.startup.VersionLoggerListener.log OS Version:            10.12.3
08-Mar-2017 19:33:14.732 INFO [main] org.apache.catalina.startup.VersionLoggerListener.log Architecture:          x86_64
08-Mar-2017 19:33:14.732 INFO [main] org.apache.catalina.startup.VersionLoggerListener.log Java Home:             /Library/Java/JavaVirtualMachines/jdk1.8.0_102.jdk/Contents/Home/jre
08-Mar-2017 19:33:14.732 INFO [main] org.apache.catalina.startup.VersionLoggerListener.log JVM Version:           1.8.0_102-b14
08-Mar-2017 19:33:14.732 INFO [main] org.apache.catalina.startup.VersionLoggerListener.log JVM Vendor:            Oracle Corporation
08-Mar-2017 19:33:14.732 INFO [main] org.apache.catalina.startup.VersionLoggerListener.log CATALINA_BASE:         /Users/shivendrasrivastava/Documents/Apache_SAPFieldglass/apache_2
08-Mar-2017 19:33:14.732 INFO [main] org.apache.catalina.startup.VersionLoggerListener.log CATALINA_HOME:         /Users/shivendrasrivastava/Documents/Apache_SAPFieldglass/apache_2
08-Mar-2017 19:33:14.733 INFO [main] org.apache.catalina.startup.VersionLoggerListener.log Command line argument: -Djava.util.logging.config.file=/Users/shivendrasrivastava/Documents/Apache_SAPFieldglass/apache_2/conf/logging.properties
08-Mar-2017 19:33:14.733 INFO [main] org.apache.catalina.startup.VersionLoggerListener.log Command line argument: -Djava.util.logging.manager=org.apache.juli.ClassLoaderLogManager
08-Mar-2017 19:33:14.733 INFO [main] org.apache.catalina.startup.VersionLoggerListener.log Command line argument: -Djdk.tls.ephemeralDHKeySize=2048
08-Mar-2017 19:33:14.733 INFO [main] org.apache.catalina.startup.VersionLoggerListener.log Command line argument: -Djava.protocol.handler.pkgs=org.apache.catalina.webresources
08-Mar-2017 19:33:14.733 INFO [main] org.apache.catalina.startup.VersionLoggerListener.log Command line argument: -Dcatalina.base=/Users/shivendrasrivastava/Documents/Apache_SAPFieldglass/apache_2
08-Mar-2017 19:33:14.733 INFO [main] org.apache.catalina.startup.VersionLoggerListener.log Command line argument: -Dcatalina.home=/Users/shivendrasrivastava/Documents/Apache_SAPFieldglass/apache_2
08-Mar-2017 19:33:14.733 INFO [main] org.apache.catalina.startup.VersionLoggerListener.log Command line argument: -Djava.io.tmpdir=/Users/shivendrasrivastava/Documents/Apache_SAPFieldglass/apache_2/temp
08-Mar-2017 19:33:14.733 INFO [main] org.apache.catalina.core.AprLifecycleListener.lifecycleEvent The APR based Apache Tomcat Native library which allows optimal performance in production environments was not found on the java.library.path: /Users/shivendrasrivastava/Library/Java/Extensions:/Library/Java/Extensions:/Network/Library/Java/Extensions:/System/Library/Java/Extensions:/usr/lib/java:.
08-Mar-2017 19:33:14.829 INFO [main] org.apache.coyote.AbstractProtocol.init Initializing ProtocolHandler ["http-nio-8082"]
08-Mar-2017 19:33:14.852 INFO [main] org.apache.tomcat.util.net.NioSelectorPool.getSharedSelector Using a shared selector for servlet write/read
08-Mar-2017 19:33:14.856 INFO [main] org.apache.coyote.AbstractProtocol.init Initializing ProtocolHandler ["ajp-nio-8011"]
08-Mar-2017 19:33:14.858 SEVERE [main] org.apache.catalina.util.LifecycleBase.handleSubClassException Failed to initialize component [Connector[AJP/1.3-8011]]
 org.apache.catalina.LifecycleException: Protocol handler initialization failed
	at org.apache.catalina.connector.Connector.initInternal(Connector.java:942)
	at org.apache.catalina.util.LifecycleBase.init(LifecycleBase.java:136)
	at org.apache.catalina.core.StandardService.initInternal(StandardService.java:530)
	at org.apache.catalina.util.LifecycleBase.init(LifecycleBase.java:136)
	at org.apache.catalina.core.StandardServer.initInternal(StandardServer.java:875)
	at org.apache.catalina.util.LifecycleBase.init(LifecycleBase.java:136)
	at org.apache.catalina.startup.Catalina.load(Catalina.java:606)
	at org.apache.catalina.startup.Catalina.load(Catalina.java:629)
	at sun.reflect.NativeMethodAccessorImpl.invoke0(Native Method)
	at sun.reflect.NativeMethodAccessorImpl.invoke(NativeMethodAccessorImpl.java:62)
	at sun.reflect.DelegatingMethodAccessorImpl.invoke(DelegatingMethodAccessorImpl.java:43)
	at java.lang.reflect.Method.invoke(Method.java:498)
	at org.apache.catalina.startup.Bootstrap.load(Bootstrap.java:311)
	at org.apache.catalina.startup.Bootstrap.main(Bootstrap.java:494)
Caused by: java.net.BindException: Address already in use
	at sun.nio.ch.Net.bind0(Native Method)
	at sun.nio.ch.Net.bind(Net.java:433)
	at sun.nio.ch.Net.bind(Net.java:425)
	at sun.nio.ch.ServerSocketChannelImpl.bind(ServerSocketChannelImpl.java:223)
	at sun.nio.ch.ServerSocketAdaptor.bind(ServerSocketAdaptor.java:74)
	at org.apache.tomcat.util.net.NioEndpoint.bind(NioEndpoint.java:206)
	at org.apache.tomcat.util.net.AbstractEndpoint.init(AbstractEndpoint.java:952)
	at org.apache.coyote.AbstractProtocol.init(AbstractProtocol.java:550)
	at org.apache.catalina.connector.Connector.initInternal(Connector.java:939)
	... 13 more

08-Mar-2017 19:33:14.859 INFO [main] org.apache.catalina.startup.Catalina.load Initialization processed in 425 ms
08-Mar-2017 19:33:14.879 INFO [main] org.apache.catalina.core.StandardService.startInternal Starting service Catalina
08-Mar-2017 19:33:14.879 INFO [main] org.apache.catalina.core.StandardEngine.startInternal Starting Servlet Engine: Apache Tomcat/9.0.0.M17
08-Mar-2017 19:33:14.886 INFO [localhost-startStop-1] org.apache.catalina.startup.HostConfig.deployDirectory Deploying web application directory /Users/shivendrasrivastava/Documents/Apache_SAPFieldglass/apache_2/webapps/docs
08-Mar-2017 19:33:15.132 INFO [localhost-startStop-1] org.apache.catalina.startup.HostConfig.deployDirectory Deployment of web application directory /Users/shivendrasrivastava/Documents/Apache_SAPFieldglass/apache_2/webapps/docs has finished in 246 ms
08-Mar-2017 19:33:15.132 INFO [localhost-startStop-1] org.apache.catalina.startup.HostConfig.deployDirectory Deploying web application directory /Users/shivendrasrivastava/Documents/Apache_SAPFieldglass/apache_2/webapps/examples
08-Mar-2017 19:33:15.351 INFO [localhost-startStop-1] org.apache.catalina.startup.HostConfig.deployDirectory Deployment of web application directory /Users/shivendrasrivastava/Documents/Apache_SAPFieldglass/apache_2/webapps/examples has finished in 219 ms
08-Mar-2017 19:33:15.351 INFO [localhost-startStop-1] org.apache.catalina.startup.HostConfig.deployDirectory Deploying web application directory /Users/shivendrasrivastava/Documents/Apache_SAPFieldglass/apache_2/webapps/host-manager
08-Mar-2017 19:33:15.366 INFO [localhost-startStop-1] org.apache.catalina.startup.HostConfig.deployDirectory Deployment of web application directory /Users/shivendrasrivastava/Documents/Apache_SAPFieldglass/apache_2/webapps/host-manager has finished in 15 ms
08-Mar-2017 19:33:15.366 INFO [localhost-startStop-1] org.apache.catalina.startup.HostConfig.deployDirectory Deploying web application directory /Users/shivendrasrivastava/Documents/Apache_SAPFieldglass/apache_2/webapps/manager
08-Mar-2017 19:33:15.378 INFO [localhost-startStop-1] org.apache.catalina.startup.HostConfig.deployDirectory Deployment of web application directory /Users/shivendrasrivastava/Documents/Apache_SAPFieldglass/apache_2/webapps/manager has finished in 12 ms
08-Mar-2017 19:33:15.378 INFO [localhost-startStop-1] org.apache.catalina.startup.HostConfig.deployDirectory Deploying web application directory /Users/shivendrasrivastava/Documents/Apache_SAPFieldglass/apache_2/webapps/ROOT
08-Mar-2017 19:33:15.386 INFO [localhost-startStop-1] org.apache.catalina.startup.HostConfig.deployDirectory Deployment of web application directory /Users/shivendrasrivastava/Documents/Apache_SAPFieldglass/apache_2/webapps/ROOT has finished in 8 ms
08-Mar-2017 19:33:15.387 INFO [main] org.apache.coyote.AbstractProtocol.start Starting ProtocolHandler [http-nio-8082]
08-Mar-2017 19:33:15.391 INFO [main] org.apache.catalina.startup.Catalina.start Server startup in 532 ms
08-Mar-2017 20:38:25.860 INFO [main] org.apache.catalina.core.StandardServer.await A valid shutdown command was received via the shutdown port. Stopping the Server instance.
08-Mar-2017 20:38:25.861 INFO [main] org.apache.coyote.AbstractProtocol.pause Pausing ProtocolHandler ["http-nio-8082"]
08-Mar-2017 20:38:25.918 INFO [main] org.apache.coyote.AbstractProtocol.pause Pausing ProtocolHandler ["ajp-nio-8011"]
08-Mar-2017 20:38:25.918 INFO [main] org.apache.catalina.core.StandardService.stopInternal Stopping service Catalina
08-Mar-2017 20:38:25.934 INFO [main] org.apache.coyote.AbstractProtocol.stop Stopping ProtocolHandler ["http-nio-8082"]
08-Mar-2017 20:38:25.937 INFO [main] org.apache.coyote.AbstractProtocol.destroy Destroying ProtocolHandler ["http-nio-8082"]
08-Mar-2017 20:38:25.938 INFO [main] org.apache.coyote.AbstractProtocol.stop Stopping ProtocolHandler ["ajp-nio-8011"]
08-Mar-2017 20:38:25.938 INFO [main] org.apache.coyote.AbstractProtocol.destroy Destroying ProtocolHandler ["ajp-nio-8011"]
