09-Mar-2017 15:35:21.500 SEVERE [main] org.apache.tomcat.util.digester.Digester.fatalError Parse Fatal Error at line 134 column 91: Open quote is expected for attribute "channelSendOptions" associated with an  element type  "Cluster".
 org.xml.sax.SAXParseException; systemId: file:/Users/shivendrasrivastava/Documents/Apache_SAPFieldglass/apache_3/conf/server.xml; lineNumber: 134; columnNumber: 91; Open quote is expected for attribute "channelSendOptions" associated with an  element type  "Cluster".
	at com.sun.org.apache.xerces.internal.util.ErrorHandlerWrapper.createSAXParseException(ErrorHandlerWrapper.java:203)
	at com.sun.org.apache.xerces.internal.util.ErrorHandlerWrapper.fatalError(ErrorHandlerWrapper.java:177)
	at com.sun.org.apache.xerces.internal.impl.XMLErrorReporter.reportError(XMLErrorReporter.java:400)
	at com.sun.org.apache.xerces.internal.impl.XMLErrorReporter.reportError(XMLErrorReporter.java:327)
	at com.sun.org.apache.xerces.internal.impl.XMLScanner.reportFatalError(XMLScanner.java:1472)
	at com.sun.org.apache.xerces.internal.impl.XMLScanner.scanAttributeValue(XMLScanner.java:852)
	at com.sun.org.apache.xerces.internal.impl.XMLDocumentFragmentScannerImpl.scanAttribute(XMLDocumentFragmentScannerImpl.java:1548)
	at com.sun.org.apache.xerces.internal.impl.XMLDocumentFragmentScannerImpl.scanStartElement(XMLDocumentFragmentScannerImpl.java:1315)
	at com.sun.org.apache.xerces.internal.impl.XMLDocumentFragmentScannerImpl$FragmentContentDriver.next(XMLDocumentFragmentScannerImpl.java:2784)
	at com.sun.org.apache.xerces.internal.impl.XMLDocumentScannerImpl.next(XMLDocumentScannerImpl.java:602)
	at com.sun.org.apache.xerces.internal.impl.XMLDocumentFragmentScannerImpl.scanDocument(XMLDocumentFragmentScannerImpl.java:505)
	at com.sun.org.apache.xerces.internal.parsers.XML11Configuration.parse(XML11Configuration.java:841)
	at com.sun.org.apache.xerces.internal.parsers.XML11Configuration.parse(XML11Configuration.java:770)
	at com.sun.org.apache.xerces.internal.parsers.XMLParser.parse(XMLParser.java:141)
	at com.sun.org.apache.xerces.internal.parsers.AbstractSAXParser.parse(AbstractSAXParser.java:1213)
	at com.sun.org.apache.xerces.internal.jaxp.SAXParserImpl$JAXPSAXParser.parse(SAXParserImpl.java:643)
	at org.apache.tomcat.util.digester.Digester.parse(Digester.java:1458)
	at org.apache.catalina.startup.Catalina.load(Catalina.java:578)
	at org.apache.catalina.startup.Catalina.load(Catalina.java:629)
	at sun.reflect.NativeMethodAccessorImpl.invoke0(Native Method)
	at sun.reflect.NativeMethodAccessorImpl.invoke(NativeMethodAccessorImpl.java:62)
	at sun.reflect.DelegatingMethodAccessorImpl.invoke(DelegatingMethodAccessorImpl.java:43)
	at java.lang.reflect.Method.invoke(Method.java:498)
	at org.apache.catalina.startup.Bootstrap.load(Bootstrap.java:311)
	at org.apache.catalina.startup.Bootstrap.main(Bootstrap.java:494)

09-Mar-2017 15:35:21.503 WARNING [main] org.apache.catalina.startup.Catalina.load Catalina.start using conf/server.xml: Open quote is expected for attribute "channelSendOptions" associated with an  element type  "Cluster".
09-Mar-2017 15:35:21.506 SEVERE [main] org.apache.tomcat.util.digester.Digester.fatalError Parse Fatal Error at line 134 column 91: Open quote is expected for attribute "channelSendOptions" associated with an  element type  "Cluster".
 org.xml.sax.SAXParseException; systemId: file:/Users/shivendrasrivastava/Documents/Apache_SAPFieldglass/apache_3/conf/server.xml; lineNumber: 134; columnNumber: 91; Open quote is expected for attribute "channelSendOptions" associated with an  element type  "Cluster".
	at com.sun.org.apache.xerces.internal.util.ErrorHandlerWrapper.createSAXParseException(ErrorHandlerWrapper.java:203)
	at com.sun.org.apache.xerces.internal.util.ErrorHandlerWrapper.fatalError(ErrorHandlerWrapper.java:177)
	at com.sun.org.apache.xerces.internal.impl.XMLErrorReporter.reportError(XMLErrorReporter.java:400)
	at com.sun.org.apache.xerces.internal.impl.XMLErrorReporter.reportError(XMLErrorReporter.java:327)
	at com.sun.org.apache.xerces.internal.impl.XMLScanner.reportFatalError(XMLScanner.java:1472)
	at com.sun.org.apache.xerces.internal.impl.XMLScanner.scanAttributeValue(XMLScanner.java:852)
	at com.sun.org.apache.xerces.internal.impl.XMLDocumentFragmentScannerImpl.scanAttribute(XMLDocumentFragmentScannerImpl.java:1548)
	at com.sun.org.apache.xerces.internal.impl.XMLDocumentFragmentScannerImpl.scanStartElement(XMLDocumentFragmentScannerImpl.java:1315)
	at com.sun.org.apache.xerces.internal.impl.XMLDocumentFragmentScannerImpl$FragmentContentDriver.next(XMLDocumentFragmentScannerImpl.java:2784)
	at com.sun.org.apache.xerces.internal.impl.XMLDocumentScannerImpl.next(XMLDocumentScannerImpl.java:602)
	at com.sun.org.apache.xerces.internal.impl.XMLDocumentFragmentScannerImpl.scanDocument(XMLDocumentFragmentScannerImpl.java:505)
	at com.sun.org.apache.xerces.internal.parsers.XML11Configuration.parse(XML11Configuration.java:841)
	at com.sun.org.apache.xerces.internal.parsers.XML11Configuration.parse(XML11Configuration.java:770)
	at com.sun.org.apache.xerces.internal.parsers.XMLParser.parse(XMLParser.java:141)
	at com.sun.org.apache.xerces.internal.parsers.AbstractSAXParser.parse(AbstractSAXParser.java:1213)
	at com.sun.org.apache.xerces.internal.jaxp.SAXParserImpl$JAXPSAXParser.parse(SAXParserImpl.java:643)
	at org.apache.tomcat.util.digester.Digester.parse(Digester.java:1458)
	at org.apache.catalina.startup.Catalina.load(Catalina.java:578)
	at org.apache.catalina.startup.Catalina.start(Catalina.java:643)
	at sun.reflect.NativeMethodAccessorImpl.invoke0(Native Method)
	at sun.reflect.NativeMethodAccessorImpl.invoke(NativeMethodAccessorImpl.java:62)
	at sun.reflect.DelegatingMethodAccessorImpl.invoke(DelegatingMethodAccessorImpl.java:43)
	at java.lang.reflect.Method.invoke(Method.java:498)
	at org.apache.catalina.startup.Bootstrap.start(Bootstrap.java:355)
	at org.apache.catalina.startup.Bootstrap.main(Bootstrap.java:495)

09-Mar-2017 15:35:21.506 WARNING [1] org.apache.catalina.startup.Catalina.load Catalina.start using conf/server.xml: Open quote is expected for attribute "channelSendOptions" associated with an  element type  "Cluster".
09-Mar-2017 15:35:21.506 SEVERE [1] org.apache.catalina.startup.Catalina.start Cannot start server. Server instance is not configured.
09-Mar-2017 15:42:32.081 WARNING [main] org.apache.tomcat.util.digester.SetPropertiesRule.begin [SetPropertiesRule]{Server/Service/Engine/Cluster/Manager} Setting property 'notifyListenerOnReplication' to 'true' did not find a matching property.
09-Mar-2017 15:42:32.089 SEVERE [main] org.apache.tomcat.util.digester.Digester.startElement Begin event threw exception
 java.lang.ClassNotFoundException: org.apache.catalina.tribes.group.interceptors.MessageDispatch15Interceptor
	at java.net.URLClassLoader.findClass(URLClassLoader.java:381)
	at java.lang.ClassLoader.loadClass(ClassLoader.java:424)
	at java.lang.ClassLoader.loadClass(ClassLoader.java:357)
	at org.apache.tomcat.util.digester.ObjectCreateRule.begin(ObjectCreateRule.java:116)
	at org.apache.tomcat.util.digester.Digester.startElement(Digester.java:1190)
	at com.sun.org.apache.xerces.internal.parsers.AbstractSAXParser.startElement(AbstractSAXParser.java:509)
	at com.sun.org.apache.xerces.internal.parsers.AbstractXMLDocumentParser.emptyElement(AbstractXMLDocumentParser.java:182)
	at com.sun.org.apache.xerces.internal.impl.XMLDocumentFragmentScannerImpl.scanStartElement(XMLDocumentFragmentScannerImpl.java:1339)
	at com.sun.org.apache.xerces.internal.impl.XMLDocumentFragmentScannerImpl$FragmentContentDriver.next(XMLDocumentFragmentScannerImpl.java:2784)
	at com.sun.org.apache.xerces.internal.impl.XMLDocumentScannerImpl.next(XMLDocumentScannerImpl.java:602)
	at com.sun.org.apache.xerces.internal.impl.XMLDocumentFragmentScannerImpl.scanDocument(XMLDocumentFragmentScannerImpl.java:505)
	at com.sun.org.apache.xerces.internal.parsers.XML11Configuration.parse(XML11Configuration.java:841)
	at com.sun.org.apache.xerces.internal.parsers.XML11Configuration.parse(XML11Configuration.java:770)
	at com.sun.org.apache.xerces.internal.parsers.XMLParser.parse(XMLParser.java:141)
	at com.sun.org.apache.xerces.internal.parsers.AbstractSAXParser.parse(AbstractSAXParser.java:1213)
	at com.sun.org.apache.xerces.internal.jaxp.SAXParserImpl$JAXPSAXParser.parse(SAXParserImpl.java:643)
	at org.apache.tomcat.util.digester.Digester.parse(Digester.java:1458)
	at org.apache.catalina.startup.Catalina.load(Catalina.java:578)
	at org.apache.catalina.startup.Catalina.load(Catalina.java:629)
	at sun.reflect.NativeMethodAccessorImpl.invoke0(Native Method)
	at sun.reflect.NativeMethodAccessorImpl.invoke(NativeMethodAccessorImpl.java:62)
	at sun.reflect.DelegatingMethodAccessorImpl.invoke(DelegatingMethodAccessorImpl.java:43)
	at java.lang.reflect.Method.invoke(Method.java:498)
	at org.apache.catalina.startup.Bootstrap.load(Bootstrap.java:311)
	at org.apache.catalina.startup.Bootstrap.main(Bootstrap.java:494)

09-Mar-2017 15:42:32.090 WARNING [main] org.apache.catalina.startup.Catalina.load Catalina.start using conf/server.xml: Error at (158, 114) : org.apache.catalina.tribes.group.interceptors.MessageDispatch15Interceptor
09-Mar-2017 15:42:32.093 WARNING [main] org.apache.tomcat.util.digester.SetPropertiesRule.begin [SetPropertiesRule]{Server/Service/Engine/Cluster/Manager} Setting property 'notifyListenerOnReplication' to 'true' did not find a matching property.
09-Mar-2017 15:42:32.094 SEVERE [main] org.apache.tomcat.util.digester.Digester.startElement Begin event threw exception
 java.lang.ClassNotFoundException: org.apache.catalina.tribes.group.interceptors.MessageDispatch15Interceptor
	at java.net.URLClassLoader.findClass(URLClassLoader.java:381)
	at java.lang.ClassLoader.loadClass(ClassLoader.java:424)
	at java.lang.ClassLoader.loadClass(ClassLoader.java:357)
	at org.apache.tomcat.util.digester.ObjectCreateRule.begin(ObjectCreateRule.java:116)
	at org.apache.tomcat.util.digester.Digester.startElement(Digester.java:1190)
	at com.sun.org.apache.xerces.internal.parsers.AbstractSAXParser.startElement(AbstractSAXParser.java:509)
	at com.sun.org.apache.xerces.internal.parsers.AbstractXMLDocumentParser.emptyElement(AbstractXMLDocumentParser.java:182)
	at com.sun.org.apache.xerces.internal.impl.XMLDocumentFragmentScannerImpl.scanStartElement(XMLDocumentFragmentScannerImpl.java:1339)
	at com.sun.org.apache.xerces.internal.impl.XMLDocumentFragmentScannerImpl$FragmentContentDriver.next(XMLDocumentFragmentScannerImpl.java:2784)
	at com.sun.org.apache.xerces.internal.impl.XMLDocumentScannerImpl.next(XMLDocumentScannerImpl.java:602)
	at com.sun.org.apache.xerces.internal.impl.XMLDocumentFragmentScannerImpl.scanDocument(XMLDocumentFragmentScannerImpl.java:505)
	at com.sun.org.apache.xerces.internal.parsers.XML11Configuration.parse(XML11Configuration.java:841)
	at com.sun.org.apache.xerces.internal.parsers.XML11Configuration.parse(XML11Configuration.java:770)
	at com.sun.org.apache.xerces.internal.parsers.XMLParser.parse(XMLParser.java:141)
	at com.sun.org.apache.xerces.internal.parsers.AbstractSAXParser.parse(AbstractSAXParser.java:1213)
	at com.sun.org.apache.xerces.internal.jaxp.SAXParserImpl$JAXPSAXParser.parse(SAXParserImpl.java:643)
	at org.apache.tomcat.util.digester.Digester.parse(Digester.java:1458)
	at org.apache.catalina.startup.Catalina.load(Catalina.java:578)
	at org.apache.catalina.startup.Catalina.start(Catalina.java:643)
	at sun.reflect.NativeMethodAccessorImpl.invoke0(Native Method)
	at sun.reflect.NativeMethodAccessorImpl.invoke(NativeMethodAccessorImpl.java:62)
	at sun.reflect.DelegatingMethodAccessorImpl.invoke(DelegatingMethodAccessorImpl.java:43)
	at java.lang.reflect.Method.invoke(Method.java:498)
	at org.apache.catalina.startup.Bootstrap.start(Bootstrap.java:355)
	at org.apache.catalina.startup.Bootstrap.main(Bootstrap.java:495)

09-Mar-2017 15:42:32.094 WARNING [main] org.apache.catalina.startup.Catalina.load Catalina.start using conf/server.xml: Error at (158, 114) : org.apache.catalina.tribes.group.interceptors.MessageDispatch15Interceptor
09-Mar-2017 15:42:32.094 SEVERE [1] org.apache.catalina.startup.Catalina.start Cannot start server. Server instance is not configured.
09-Mar-2017 15:56:01.440 WARNING [main] org.apache.tomcat.util.digester.SetPropertiesRule.begin [SetPropertiesRule]{Server/Service/Engine/Cluster/Manager} Setting property 'notifyListenerOnReplication' to 'true' did not find a matching property.
09-Mar-2017 15:56:01.449 SEVERE [main] org.apache.tomcat.util.digester.Digester.startElement Begin event threw exception
 java.lang.ClassNotFoundException: org.apache.catalina.tribes.group.interceptors.MessageDispatch15Interceptor
	at java.net.URLClassLoader.findClass(URLClassLoader.java:381)
	at java.lang.ClassLoader.loadClass(ClassLoader.java:424)
	at java.lang.ClassLoader.loadClass(ClassLoader.java:357)
	at org.apache.tomcat.util.digester.ObjectCreateRule.begin(ObjectCreateRule.java:116)
	at org.apache.tomcat.util.digester.Digester.startElement(Digester.java:1190)
	at com.sun.org.apache.xerces.internal.parsers.AbstractSAXParser.startElement(AbstractSAXParser.java:509)
	at com.sun.org.apache.xerces.internal.parsers.AbstractXMLDocumentParser.emptyElement(AbstractXMLDocumentParser.java:182)
	at com.sun.org.apache.xerces.internal.impl.XMLDocumentFragmentScannerImpl.scanStartElement(XMLDocumentFragmentScannerImpl.java:1339)
	at com.sun.org.apache.xerces.internal.impl.XMLDocumentFragmentScannerImpl$FragmentContentDriver.next(XMLDocumentFragmentScannerImpl.java:2784)
	at com.sun.org.apache.xerces.internal.impl.XMLDocumentScannerImpl.next(XMLDocumentScannerImpl.java:602)
	at com.sun.org.apache.xerces.internal.impl.XMLDocumentFragmentScannerImpl.scanDocument(XMLDocumentFragmentScannerImpl.java:505)
	at com.sun.org.apache.xerces.internal.parsers.XML11Configuration.parse(XML11Configuration.java:841)
	at com.sun.org.apache.xerces.internal.parsers.XML11Configuration.parse(XML11Configuration.java:770)
	at com.sun.org.apache.xerces.internal.parsers.XMLParser.parse(XMLParser.java:141)
	at com.sun.org.apache.xerces.internal.parsers.AbstractSAXParser.parse(AbstractSAXParser.java:1213)
	at com.sun.org.apache.xerces.internal.jaxp.SAXParserImpl$JAXPSAXParser.parse(SAXParserImpl.java:643)
	at org.apache.tomcat.util.digester.Digester.parse(Digester.java:1458)
	at org.apache.catalina.startup.Catalina.load(Catalina.java:578)
	at org.apache.catalina.startup.Catalina.load(Catalina.java:629)
	at sun.reflect.NativeMethodAccessorImpl.invoke0(Native Method)
	at sun.reflect.NativeMethodAccessorImpl.invoke(NativeMethodAccessorImpl.java:62)
	at sun.reflect.DelegatingMethodAccessorImpl.invoke(DelegatingMethodAccessorImpl.java:43)
	at java.lang.reflect.Method.invoke(Method.java:498)
	at org.apache.catalina.startup.Bootstrap.load(Bootstrap.java:311)
	at org.apache.catalina.startup.Bootstrap.main(Bootstrap.java:494)

09-Mar-2017 15:56:01.451 WARNING [main] org.apache.catalina.startup.Catalina.load Catalina.start using conf/server.xml: Error at (158, 114) : org.apache.catalina.tribes.group.interceptors.MessageDispatch15Interceptor
09-Mar-2017 15:56:01.454 WARNING [main] org.apache.tomcat.util.digester.SetPropertiesRule.begin [SetPropertiesRule]{Server/Service/Engine/Cluster/Manager} Setting property 'notifyListenerOnReplication' to 'true' did not find a matching property.
09-Mar-2017 15:56:01.454 SEVERE [main] org.apache.tomcat.util.digester.Digester.startElement Begin event threw exception
 java.lang.ClassNotFoundException: org.apache.catalina.tribes.group.interceptors.MessageDispatch15Interceptor
	at java.net.URLClassLoader.findClass(URLClassLoader.java:381)
	at java.lang.ClassLoader.loadClass(ClassLoader.java:424)
	at java.lang.ClassLoader.loadClass(ClassLoader.java:357)
	at org.apache.tomcat.util.digester.ObjectCreateRule.begin(ObjectCreateRule.java:116)
	at org.apache.tomcat.util.digester.Digester.startElement(Digester.java:1190)
	at com.sun.org.apache.xerces.internal.parsers.AbstractSAXParser.startElement(AbstractSAXParser.java:509)
	at com.sun.org.apache.xerces.internal.parsers.AbstractXMLDocumentParser.emptyElement(AbstractXMLDocumentParser.java:182)
	at com.sun.org.apache.xerces.internal.impl.XMLDocumentFragmentScannerImpl.scanStartElement(XMLDocumentFragmentScannerImpl.java:1339)
	at com.sun.org.apache.xerces.internal.impl.XMLDocumentFragmentScannerImpl$FragmentContentDriver.next(XMLDocumentFragmentScannerImpl.java:2784)
	at com.sun.org.apache.xerces.internal.impl.XMLDocumentScannerImpl.next(XMLDocumentScannerImpl.java:602)
	at com.sun.org.apache.xerces.internal.impl.XMLDocumentFragmentScannerImpl.scanDocument(XMLDocumentFragmentScannerImpl.java:505)
	at com.sun.org.apache.xerces.internal.parsers.XML11Configuration.parse(XML11Configuration.java:841)
	at com.sun.org.apache.xerces.internal.parsers.XML11Configuration.parse(XML11Configuration.java:770)
	at com.sun.org.apache.xerces.internal.parsers.XMLParser.parse(XMLParser.java:141)
	at com.sun.org.apache.xerces.internal.parsers.AbstractSAXParser.parse(AbstractSAXParser.java:1213)
	at com.sun.org.apache.xerces.internal.jaxp.SAXParserImpl$JAXPSAXParser.parse(SAXParserImpl.java:643)
	at org.apache.tomcat.util.digester.Digester.parse(Digester.java:1458)
	at org.apache.catalina.startup.Catalina.load(Catalina.java:578)
	at org.apache.catalina.startup.Catalina.start(Catalina.java:643)
	at sun.reflect.NativeMethodAccessorImpl.invoke0(Native Method)
	at sun.reflect.NativeMethodAccessorImpl.invoke(NativeMethodAccessorImpl.java:62)
	at sun.reflect.DelegatingMethodAccessorImpl.invoke(DelegatingMethodAccessorImpl.java:43)
	at java.lang.reflect.Method.invoke(Method.java:498)
	at org.apache.catalina.startup.Bootstrap.start(Bootstrap.java:355)
	at org.apache.catalina.startup.Bootstrap.main(Bootstrap.java:495)

09-Mar-2017 15:56:01.455 WARNING [main] org.apache.catalina.startup.Catalina.load Catalina.start using conf/server.xml: Error at (158, 114) : org.apache.catalina.tribes.group.interceptors.MessageDispatch15Interceptor
09-Mar-2017 15:56:01.455 SEVERE [main] org.apache.catalina.startup.Catalina.start Cannot start server. Server instance is not configured.
09-Mar-2017 16:07:23.526 WARNING [main] org.apache.tomcat.util.digester.SetPropertiesRule.begin [SetPropertiesRule]{Server/Service/Engine/Cluster/Manager} Setting property 'notifyListenerOnReplication' to 'true' did not find a matching property.
09-Mar-2017 16:07:23.534 SEVERE [main] org.apache.tomcat.util.digester.Digester.startElement Begin event threw exception
 java.lang.ClassNotFoundException: org.apache.catalina.tribes.group.interceptors.MessageDispatch15Interceptor
	at java.net.URLClassLoader.findClass(URLClassLoader.java:381)
	at java.lang.ClassLoader.loadClass(ClassLoader.java:424)
	at java.lang.ClassLoader.loadClass(ClassLoader.java:357)
	at org.apache.tomcat.util.digester.ObjectCreateRule.begin(ObjectCreateRule.java:116)
	at org.apache.tomcat.util.digester.Digester.startElement(Digester.java:1190)
	at com.sun.org.apache.xerces.internal.parsers.AbstractSAXParser.startElement(AbstractSAXParser.java:509)
	at com.sun.org.apache.xerces.internal.parsers.AbstractXMLDocumentParser.emptyElement(AbstractXMLDocumentParser.java:182)
	at com.sun.org.apache.xerces.internal.impl.XMLDocumentFragmentScannerImpl.scanStartElement(XMLDocumentFragmentScannerImpl.java:1339)
	at com.sun.org.apache.xerces.internal.impl.XMLDocumentFragmentScannerImpl$FragmentContentDriver.next(XMLDocumentFragmentScannerImpl.java:2784)
	at com.sun.org.apache.xerces.internal.impl.XMLDocumentScannerImpl.next(XMLDocumentScannerImpl.java:602)
	at com.sun.org.apache.xerces.internal.impl.XMLDocumentFragmentScannerImpl.scanDocument(XMLDocumentFragmentScannerImpl.java:505)
	at com.sun.org.apache.xerces.internal.parsers.XML11Configuration.parse(XML11Configuration.java:841)
	at com.sun.org.apache.xerces.internal.parsers.XML11Configuration.parse(XML11Configuration.java:770)
	at com.sun.org.apache.xerces.internal.parsers.XMLParser.parse(XMLParser.java:141)
	at com.sun.org.apache.xerces.internal.parsers.AbstractSAXParser.parse(AbstractSAXParser.java:1213)
	at com.sun.org.apache.xerces.internal.jaxp.SAXParserImpl$JAXPSAXParser.parse(SAXParserImpl.java:643)
	at org.apache.tomcat.util.digester.Digester.parse(Digester.java:1458)
	at org.apache.catalina.startup.Catalina.load(Catalina.java:578)
	at org.apache.catalina.startup.Catalina.load(Catalina.java:629)
	at sun.reflect.NativeMethodAccessorImpl.invoke0(Native Method)
	at sun.reflect.NativeMethodAccessorImpl.invoke(NativeMethodAccessorImpl.java:62)
	at sun.reflect.DelegatingMethodAccessorImpl.invoke(DelegatingMethodAccessorImpl.java:43)
	at java.lang.reflect.Method.invoke(Method.java:498)
	at org.apache.catalina.startup.Bootstrap.load(Bootstrap.java:311)
	at org.apache.catalina.startup.Bootstrap.main(Bootstrap.java:494)

09-Mar-2017 16:07:23.535 WARNING [main] org.apache.catalina.startup.Catalina.load Catalina.start using conf/server.xml: Error at (158, 114) : org.apache.catalina.tribes.group.interceptors.MessageDispatch15Interceptor
09-Mar-2017 16:07:23.538 WARNING [main] org.apache.tomcat.util.digester.SetPropertiesRule.begin [SetPropertiesRule]{Server/Service/Engine/Cluster/Manager} Setting property 'notifyListenerOnReplication' to 'true' did not find a matching property.
09-Mar-2017 16:07:23.539 SEVERE [main] org.apache.tomcat.util.digester.Digester.startElement Begin event threw exception
 java.lang.ClassNotFoundException: org.apache.catalina.tribes.group.interceptors.MessageDispatch15Interceptor
	at java.net.URLClassLoader.findClass(URLClassLoader.java:381)
	at java.lang.ClassLoader.loadClass(ClassLoader.java:424)
	at java.lang.ClassLoader.loadClass(ClassLoader.java:357)
	at org.apache.tomcat.util.digester.ObjectCreateRule.begin(ObjectCreateRule.java:116)
	at org.apache.tomcat.util.digester.Digester.startElement(Digester.java:1190)
	at com.sun.org.apache.xerces.internal.parsers.AbstractSAXParser.startElement(AbstractSAXParser.java:509)
	at com.sun.org.apache.xerces.internal.parsers.AbstractXMLDocumentParser.emptyElement(AbstractXMLDocumentParser.java:182)
	at com.sun.org.apache.xerces.internal.impl.XMLDocumentFragmentScannerImpl.scanStartElement(XMLDocumentFragmentScannerImpl.java:1339)
	at com.sun.org.apache.xerces.internal.impl.XMLDocumentFragmentScannerImpl$FragmentContentDriver.next(XMLDocumentFragmentScannerImpl.java:2784)
	at com.sun.org.apache.xerces.internal.impl.XMLDocumentScannerImpl.next(XMLDocumentScannerImpl.java:602)
	at com.sun.org.apache.xerces.internal.impl.XMLDocumentFragmentScannerImpl.scanDocument(XMLDocumentFragmentScannerImpl.java:505)
	at com.sun.org.apache.xerces.internal.parsers.XML11Configuration.parse(XML11Configuration.java:841)
	at com.sun.org.apache.xerces.internal.parsers.XML11Configuration.parse(XML11Configuration.java:770)
	at com.sun.org.apache.xerces.internal.parsers.XMLParser.parse(XMLParser.java:141)
	at com.sun.org.apache.xerces.internal.parsers.AbstractSAXParser.parse(AbstractSAXParser.java:1213)
	at com.sun.org.apache.xerces.internal.jaxp.SAXParserImpl$JAXPSAXParser.parse(SAXParserImpl.java:643)
	at org.apache.tomcat.util.digester.Digester.parse(Digester.java:1458)
	at org.apache.catalina.startup.Catalina.load(Catalina.java:578)
	at org.apache.catalina.startup.Catalina.start(Catalina.java:643)
	at sun.reflect.NativeMethodAccessorImpl.invoke0(Native Method)
	at sun.reflect.NativeMethodAccessorImpl.invoke(NativeMethodAccessorImpl.java:62)
	at sun.reflect.DelegatingMethodAccessorImpl.invoke(DelegatingMethodAccessorImpl.java:43)
	at java.lang.reflect.Method.invoke(Method.java:498)
	at org.apache.catalina.startup.Bootstrap.start(Bootstrap.java:355)
	at org.apache.catalina.startup.Bootstrap.main(Bootstrap.java:495)

09-Mar-2017 16:07:23.539 WARNING [main] org.apache.catalina.startup.Catalina.load Catalina.start using conf/server.xml: Error at (158, 114) : org.apache.catalina.tribes.group.interceptors.MessageDispatch15Interceptor
09-Mar-2017 16:07:23.539 SEVERE [1] org.apache.catalina.startup.Catalina.start Cannot start server. Server instance is not configured.
09-Mar-2017 16:07:51.102 WARNING [main] org.apache.tomcat.util.digester.SetPropertiesRule.begin [SetPropertiesRule]{Server/Service/Engine/Cluster/Manager} Setting property 'notifyListenerOnReplication' to 'true' did not find a matching property.
09-Mar-2017 16:07:51.111 SEVERE [main] org.apache.tomcat.util.digester.Digester.startElement Begin event threw exception
 java.lang.ClassNotFoundException: org.apache.catalina.tribes.group.interceptors.MessageDispatch15Interceptor
	at java.net.URLClassLoader.findClass(URLClassLoader.java:381)
	at java.lang.ClassLoader.loadClass(ClassLoader.java:424)
	at java.lang.ClassLoader.loadClass(ClassLoader.java:357)
	at org.apache.tomcat.util.digester.ObjectCreateRule.begin(ObjectCreateRule.java:116)
	at org.apache.tomcat.util.digester.Digester.startElement(Digester.java:1190)
	at com.sun.org.apache.xerces.internal.parsers.AbstractSAXParser.startElement(AbstractSAXParser.java:509)
	at com.sun.org.apache.xerces.internal.parsers.AbstractXMLDocumentParser.emptyElement(AbstractXMLDocumentParser.java:182)
	at com.sun.org.apache.xerces.internal.impl.XMLDocumentFragmentScannerImpl.scanStartElement(XMLDocumentFragmentScannerImpl.java:1339)
	at com.sun.org.apache.xerces.internal.impl.XMLDocumentFragmentScannerImpl$FragmentContentDriver.next(XMLDocumentFragmentScannerImpl.java:2784)
	at com.sun.org.apache.xerces.internal.impl.XMLDocumentScannerImpl.next(XMLDocumentScannerImpl.java:602)
	at com.sun.org.apache.xerces.internal.impl.XMLDocumentFragmentScannerImpl.scanDocument(XMLDocumentFragmentScannerImpl.java:505)
	at com.sun.org.apache.xerces.internal.parsers.XML11Configuration.parse(XML11Configuration.java:841)
	at com.sun.org.apache.xerces.internal.parsers.XML11Configuration.parse(XML11Configuration.java:770)
	at com.sun.org.apache.xerces.internal.parsers.XMLParser.parse(XMLParser.java:141)
	at com.sun.org.apache.xerces.internal.parsers.AbstractSAXParser.parse(AbstractSAXParser.java:1213)
	at com.sun.org.apache.xerces.internal.jaxp.SAXParserImpl$JAXPSAXParser.parse(SAXParserImpl.java:643)
	at org.apache.tomcat.util.digester.Digester.parse(Digester.java:1458)
	at org.apache.catalina.startup.Catalina.load(Catalina.java:578)
	at org.apache.catalina.startup.Catalina.load(Catalina.java:629)
	at sun.reflect.NativeMethodAccessorImpl.invoke0(Native Method)
	at sun.reflect.NativeMethodAccessorImpl.invoke(NativeMethodAccessorImpl.java:62)
	at sun.reflect.DelegatingMethodAccessorImpl.invoke(DelegatingMethodAccessorImpl.java:43)
	at java.lang.reflect.Method.invoke(Method.java:498)
	at org.apache.catalina.startup.Bootstrap.load(Bootstrap.java:311)
	at org.apache.catalina.startup.Bootstrap.main(Bootstrap.java:494)

09-Mar-2017 16:07:51.112 WARNING [main] org.apache.catalina.startup.Catalina.load Catalina.start using conf/server.xml: Error at (158, 114) : org.apache.catalina.tribes.group.interceptors.MessageDispatch15Interceptor
09-Mar-2017 16:07:51.115 WARNING [main] org.apache.tomcat.util.digester.SetPropertiesRule.begin [SetPropertiesRule]{Server/Service/Engine/Cluster/Manager} Setting property 'notifyListenerOnReplication' to 'true' did not find a matching property.
09-Mar-2017 16:07:51.116 SEVERE [main] org.apache.tomcat.util.digester.Digester.startElement Begin event threw exception
 java.lang.ClassNotFoundException: org.apache.catalina.tribes.group.interceptors.MessageDispatch15Interceptor
	at java.net.URLClassLoader.findClass(URLClassLoader.java:381)
	at java.lang.ClassLoader.loadClass(ClassLoader.java:424)
	at java.lang.ClassLoader.loadClass(ClassLoader.java:357)
	at org.apache.tomcat.util.digester.ObjectCreateRule.begin(ObjectCreateRule.java:116)
	at org.apache.tomcat.util.digester.Digester.startElement(Digester.java:1190)
	at com.sun.org.apache.xerces.internal.parsers.AbstractSAXParser.startElement(AbstractSAXParser.java:509)
	at com.sun.org.apache.xerces.internal.parsers.AbstractXMLDocumentParser.emptyElement(AbstractXMLDocumentParser.java:182)
	at com.sun.org.apache.xerces.internal.impl.XMLDocumentFragmentScannerImpl.scanStartElement(XMLDocumentFragmentScannerImpl.java:1339)
	at com.sun.org.apache.xerces.internal.impl.XMLDocumentFragmentScannerImpl$FragmentContentDriver.next(XMLDocumentFragmentScannerImpl.java:2784)
	at com.sun.org.apache.xerces.internal.impl.XMLDocumentScannerImpl.next(XMLDocumentScannerImpl.java:602)
	at com.sun.org.apache.xerces.internal.impl.XMLDocumentFragmentScannerImpl.scanDocument(XMLDocumentFragmentScannerImpl.java:505)
	at com.sun.org.apache.xerces.internal.parsers.XML11Configuration.parse(XML11Configuration.java:841)
	at com.sun.org.apache.xerces.internal.parsers.XML11Configuration.parse(XML11Configuration.java:770)
	at com.sun.org.apache.xerces.internal.parsers.XMLParser.parse(XMLParser.java:141)
	at com.sun.org.apache.xerces.internal.parsers.AbstractSAXParser.parse(AbstractSAXParser.java:1213)
	at com.sun.org.apache.xerces.internal.jaxp.SAXParserImpl$JAXPSAXParser.parse(SAXParserImpl.java:643)
	at org.apache.tomcat.util.digester.Digester.parse(Digester.java:1458)
	at org.apache.catalina.startup.Catalina.load(Catalina.java:578)
	at org.apache.catalina.startup.Catalina.start(Catalina.java:643)
	at sun.reflect.NativeMethodAccessorImpl.invoke0(Native Method)
	at sun.reflect.NativeMethodAccessorImpl.invoke(NativeMethodAccessorImpl.java:62)
	at sun.reflect.DelegatingMethodAccessorImpl.invoke(DelegatingMethodAccessorImpl.java:43)
	at java.lang.reflect.Method.invoke(Method.java:498)
	at org.apache.catalina.startup.Bootstrap.start(Bootstrap.java:355)
	at org.apache.catalina.startup.Bootstrap.main(Bootstrap.java:495)

09-Mar-2017 16:07:51.116 WARNING [main] org.apache.catalina.startup.Catalina.load Catalina.start using conf/server.xml: Error at (158, 114) : org.apache.catalina.tribes.group.interceptors.MessageDispatch15Interceptor
09-Mar-2017 16:07:51.117 SEVERE [main] org.apache.catalina.startup.Catalina.start Cannot start server. Server instance is not configured.
09-Mar-2017 16:15:24.263 WARNING [main] org.apache.tomcat.util.digester.SetPropertiesRule.begin [SetPropertiesRule]{Server/Service/Engine/Cluster/Manager} Setting property 'notifyListenerOnReplication' to 'true' did not find a matching property.
09-Mar-2017 16:15:24.306 INFO [main] org.apache.catalina.startup.VersionLoggerListener.log Server version:        Apache Tomcat/9.0.0.M17
09-Mar-2017 16:15:24.306 INFO [main] org.apache.catalina.startup.VersionLoggerListener.log Server built:          Jan 10 2017 20:59:20 UTC
09-Mar-2017 16:15:24.306 INFO [main] org.apache.catalina.startup.VersionLoggerListener.log Server number:         9.0.0.0
09-Mar-2017 16:15:24.306 INFO [main] org.apache.catalina.startup.VersionLoggerListener.log OS Name:               Mac OS X
09-Mar-2017 16:15:24.307 INFO [main] org.apache.catalina.startup.VersionLoggerListener.log OS Version:            10.12.3
09-Mar-2017 16:15:24.307 INFO [main] org.apache.catalina.startup.VersionLoggerListener.log Architecture:          x86_64
09-Mar-2017 16:15:24.307 INFO [main] org.apache.catalina.startup.VersionLoggerListener.log Java Home:             /Library/Java/JavaVirtualMachines/jdk1.8.0_102.jdk/Contents/Home/jre
09-Mar-2017 16:15:24.307 INFO [main] org.apache.catalina.startup.VersionLoggerListener.log JVM Version:           1.8.0_102-b14
09-Mar-2017 16:15:24.307 INFO [main] org.apache.catalina.startup.VersionLoggerListener.log JVM Vendor:            Oracle Corporation
09-Mar-2017 16:15:24.307 INFO [main] org.apache.catalina.startup.VersionLoggerListener.log CATALINA_BASE:         /Users/shivendrasrivastava/Documents/Apache_SAPFieldglass/apache_3
09-Mar-2017 16:15:24.307 INFO [main] org.apache.catalina.startup.VersionLoggerListener.log CATALINA_HOME:         /Users/shivendrasrivastava/Documents/Apache_SAPFieldglass/apache_3
09-Mar-2017 16:15:24.308 INFO [main] org.apache.catalina.startup.VersionLoggerListener.log Command line argument: -Djava.util.logging.config.file=/Users/shivendrasrivastava/Documents/Apache_SAPFieldglass/apache_3/conf/logging.properties
09-Mar-2017 16:15:24.308 INFO [main] org.apache.catalina.startup.VersionLoggerListener.log Command line argument: -Djava.util.logging.manager=org.apache.juli.ClassLoaderLogManager
09-Mar-2017 16:15:24.308 INFO [main] org.apache.catalina.startup.VersionLoggerListener.log Command line argument: -Djdk.tls.ephemeralDHKeySize=2048
09-Mar-2017 16:15:24.308 INFO [main] org.apache.catalina.startup.VersionLoggerListener.log Command line argument: -Djava.protocol.handler.pkgs=org.apache.catalina.webresources
09-Mar-2017 16:15:24.308 INFO [main] org.apache.catalina.startup.VersionLoggerListener.log Command line argument: -Dcatalina.base=/Users/shivendrasrivastava/Documents/Apache_SAPFieldglass/apache_3
09-Mar-2017 16:15:24.308 INFO [main] org.apache.catalina.startup.VersionLoggerListener.log Command line argument: -Dcatalina.home=/Users/shivendrasrivastava/Documents/Apache_SAPFieldglass/apache_3
09-Mar-2017 16:15:24.308 INFO [main] org.apache.catalina.startup.VersionLoggerListener.log Command line argument: -Djava.io.tmpdir=/Users/shivendrasrivastava/Documents/Apache_SAPFieldglass/apache_3/temp
09-Mar-2017 16:15:24.311 INFO [main] org.apache.catalina.core.AprLifecycleListener.lifecycleEvent The APR based Apache Tomcat Native library which allows optimal performance in production environments was not found on the java.library.path: /Users/shivendrasrivastava/Library/Java/Extensions:/Library/Java/Extensions:/Network/Library/Java/Extensions:/System/Library/Java/Extensions:/usr/lib/java:.
09-Mar-2017 16:15:24.474 INFO [main] org.apache.coyote.AbstractProtocol.init Initializing ProtocolHandler ["http-nio-8083"]
09-Mar-2017 16:15:24.503 INFO [main] org.apache.tomcat.util.net.NioSelectorPool.getSharedSelector Using a shared selector for servlet write/read
09-Mar-2017 16:15:24.505 INFO [main] org.apache.coyote.AbstractProtocol.init Initializing ProtocolHandler ["ajp-nio-8011"]
09-Mar-2017 16:15:24.506 INFO [main] org.apache.tomcat.util.net.NioSelectorPool.getSharedSelector Using a shared selector for servlet write/read
09-Mar-2017 16:15:24.507 INFO [main] org.apache.catalina.startup.Catalina.load Initialization processed in 511 ms
09-Mar-2017 16:15:24.529 INFO [main] org.apache.catalina.core.StandardService.startInternal Starting service Catalina
09-Mar-2017 16:15:24.529 INFO [main] org.apache.catalina.core.StandardEngine.startInternal Starting Servlet Engine: Apache Tomcat/9.0.0.M17
09-Mar-2017 16:15:24.539 INFO [main] org.apache.catalina.ha.tcp.SimpleTcpCluster.startInternal Cluster is about to start
09-Mar-2017 16:15:29.548 INFO [main] org.apache.catalina.tribes.transport.ReceiverBase.bind Receiver Server Socket bound to:/10.0.0.22:4000
09-Mar-2017 16:15:29.573 INFO [main] org.apache.catalina.tribes.membership.McastServiceImpl.setupSocket Setting cluster mcast soTimeout to 500
09-Mar-2017 16:15:29.575 SEVERE [main] org.apache.catalina.tribes.membership.McastServiceImpl.start Unable to join multicast group, make sure your system has multicasting enabled.
09-Mar-2017 16:15:29.575 SEVERE [main] org.apache.catalina.ha.tcp.SimpleTcpCluster.startInternal Unable to start cluster.
 org.apache.catalina.tribes.ChannelException: java.net.SocketException: Can't assign requested address; No faulty members identified.
	at org.apache.catalina.tribes.group.ChannelCoordinator.internalStart(ChannelCoordinator.java:201)
	at org.apache.catalina.tribes.group.ChannelCoordinator.start(ChannelCoordinator.java:105)
	at org.apache.catalina.tribes.group.ChannelInterceptorBase.start(ChannelInterceptorBase.java:157)
	at org.apache.catalina.tribes.group.ChannelInterceptorBase.start(ChannelInterceptorBase.java:157)
	at org.apache.catalina.tribes.group.interceptors.MessageDispatchInterceptor.start(MessageDispatchInterceptor.java:224)
	at org.apache.catalina.tribes.group.ChannelInterceptorBase.start(ChannelInterceptorBase.java:157)
	at org.apache.catalina.tribes.group.ChannelInterceptorBase.start(ChannelInterceptorBase.java:157)
	at org.apache.catalina.tribes.group.GroupChannel.start(GroupChannel.java:435)
	at org.apache.catalina.ha.tcp.SimpleTcpCluster.startInternal(SimpleTcpCluster.java:538)
	at org.apache.catalina.util.LifecycleBase.start(LifecycleBase.java:183)
	at org.apache.catalina.core.ContainerBase.startInternal(ContainerBase.java:922)
	at org.apache.catalina.core.StandardEngine.startInternal(StandardEngine.java:262)
	at org.apache.catalina.util.LifecycleBase.start(LifecycleBase.java:183)
	at org.apache.catalina.core.StandardService.startInternal(StandardService.java:422)
	at org.apache.catalina.util.LifecycleBase.start(LifecycleBase.java:183)
	at org.apache.catalina.core.StandardServer.startInternal(StandardServer.java:793)
	at org.apache.catalina.util.LifecycleBase.start(LifecycleBase.java:183)
	at org.apache.catalina.startup.Catalina.start(Catalina.java:655)
	at sun.reflect.NativeMethodAccessorImpl.invoke0(Native Method)
	at sun.reflect.NativeMethodAccessorImpl.invoke(NativeMethodAccessorImpl.java:62)
	at sun.reflect.DelegatingMethodAccessorImpl.invoke(DelegatingMethodAccessorImpl.java:43)
	at java.lang.reflect.Method.invoke(Method.java:498)
	at org.apache.catalina.startup.Bootstrap.start(Bootstrap.java:355)
	at org.apache.catalina.startup.Bootstrap.main(Bootstrap.java:495)
Caused by: java.net.SocketException: Can't assign requested address
	at java.net.PlainDatagramSocketImpl.join(Native Method)
	at java.net.AbstractPlainDatagramSocketImpl.join(AbstractPlainDatagramSocketImpl.java:178)
	at java.net.MulticastSocket.joinGroup(MulticastSocket.java:323)
	at org.apache.catalina.tribes.membership.McastServiceImpl.start(McastServiceImpl.java:264)
	at org.apache.catalina.tribes.membership.McastService.start(McastService.java:365)
	at org.apache.catalina.tribes.group.ChannelCoordinator.internalStart(ChannelCoordinator.java:185)
	... 23 more

09-Mar-2017 16:15:29.577 SEVERE [main] org.apache.catalina.startup.Catalina.start The required Server component failed to start so Tomcat is unable to start.
 org.apache.catalina.LifecycleException: org.apache.catalina.tribes.ChannelException: java.net.SocketException: Can't assign requested address; No faulty members identified.
	at org.apache.catalina.ha.tcp.SimpleTcpCluster.startInternal(SimpleTcpCluster.java:543)
	at org.apache.catalina.util.LifecycleBase.start(LifecycleBase.java:183)
	at org.apache.catalina.core.ContainerBase.startInternal(ContainerBase.java:922)
	at org.apache.catalina.core.StandardEngine.startInternal(StandardEngine.java:262)
	at org.apache.catalina.util.LifecycleBase.start(LifecycleBase.java:183)
	at org.apache.catalina.core.StandardService.startInternal(StandardService.java:422)
	at org.apache.catalina.util.LifecycleBase.start(LifecycleBase.java:183)
	at org.apache.catalina.core.StandardServer.startInternal(StandardServer.java:793)
	at org.apache.catalina.util.LifecycleBase.start(LifecycleBase.java:183)
	at org.apache.catalina.startup.Catalina.start(Catalina.java:655)
	at sun.reflect.NativeMethodAccessorImpl.invoke0(Native Method)
	at sun.reflect.NativeMethodAccessorImpl.invoke(NativeMethodAccessorImpl.java:62)
	at sun.reflect.DelegatingMethodAccessorImpl.invoke(DelegatingMethodAccessorImpl.java:43)
	at java.lang.reflect.Method.invoke(Method.java:498)
	at org.apache.catalina.startup.Bootstrap.start(Bootstrap.java:355)
	at org.apache.catalina.startup.Bootstrap.main(Bootstrap.java:495)
Caused by: org.apache.catalina.tribes.ChannelException: java.net.SocketException: Can't assign requested address; No faulty members identified.
	at org.apache.catalina.tribes.group.ChannelCoordinator.internalStart(ChannelCoordinator.java:201)
	at org.apache.catalina.tribes.group.ChannelCoordinator.start(ChannelCoordinator.java:105)
	at org.apache.catalina.tribes.group.ChannelInterceptorBase.start(ChannelInterceptorBase.java:157)
	at org.apache.catalina.tribes.group.ChannelInterceptorBase.start(ChannelInterceptorBase.java:157)
	at org.apache.catalina.tribes.group.interceptors.MessageDispatchInterceptor.start(MessageDispatchInterceptor.java:224)
	at org.apache.catalina.tribes.group.ChannelInterceptorBase.start(ChannelInterceptorBase.java:157)
	at org.apache.catalina.tribes.group.ChannelInterceptorBase.start(ChannelInterceptorBase.java:157)
	at org.apache.catalina.tribes.group.GroupChannel.start(GroupChannel.java:435)
	at org.apache.catalina.ha.tcp.SimpleTcpCluster.startInternal(SimpleTcpCluster.java:538)
	... 15 more
Caused by: java.net.SocketException: Can't assign requested address
	at java.net.PlainDatagramSocketImpl.join(Native Method)
	at java.net.AbstractPlainDatagramSocketImpl.join(AbstractPlainDatagramSocketImpl.java:178)
	at java.net.MulticastSocket.joinGroup(MulticastSocket.java:323)
	at org.apache.catalina.tribes.membership.McastServiceImpl.start(McastServiceImpl.java:264)
	at org.apache.catalina.tribes.membership.McastService.start(McastService.java:365)
	at org.apache.catalina.tribes.group.ChannelCoordinator.internalStart(ChannelCoordinator.java:185)
	... 23 more

09-Mar-2017 16:15:29.578 INFO [main] org.apache.coyote.AbstractProtocol.pause Pausing ProtocolHandler ["http-nio-8083"]
09-Mar-2017 16:15:29.578 INFO [main] org.apache.coyote.AbstractProtocol.pause Pausing ProtocolHandler ["ajp-nio-8011"]
09-Mar-2017 16:15:29.578 INFO [main] org.apache.catalina.core.StandardService.stopInternal Stopping service Catalina
09-Mar-2017 16:15:29.580 INFO [main] org.apache.coyote.AbstractProtocol.destroy Destroying ProtocolHandler ["http-nio-8083"]
09-Mar-2017 16:15:29.585 INFO [main] org.apache.coyote.AbstractProtocol.destroy Destroying ProtocolHandler ["ajp-nio-8011"]
09-Mar-2017 16:16:27.875 WARNING [main] org.apache.tomcat.util.digester.SetPropertiesRule.begin [SetPropertiesRule]{Server/Service/Engine/Cluster/Manager} Setting property 'notifyListenerOnReplication' to 'true' did not find a matching property.
09-Mar-2017 16:16:27.908 INFO [main] org.apache.catalina.startup.VersionLoggerListener.log Server version:        Apache Tomcat/9.0.0.M17
09-Mar-2017 16:16:27.908 INFO [main] org.apache.catalina.startup.VersionLoggerListener.log Server built:          Jan 10 2017 20:59:20 UTC
09-Mar-2017 16:16:27.908 INFO [main] org.apache.catalina.startup.VersionLoggerListener.log Server number:         9.0.0.0
09-Mar-2017 16:16:27.908 INFO [main] org.apache.catalina.startup.VersionLoggerListener.log OS Name:               Mac OS X
09-Mar-2017 16:16:27.908 INFO [main] org.apache.catalina.startup.VersionLoggerListener.log OS Version:            10.12.3
09-Mar-2017 16:16:27.908 INFO [main] org.apache.catalina.startup.VersionLoggerListener.log Architecture:          x86_64
09-Mar-2017 16:16:27.908 INFO [main] org.apache.catalina.startup.VersionLoggerListener.log Java Home:             /Library/Java/JavaVirtualMachines/jdk1.8.0_102.jdk/Contents/Home/jre
09-Mar-2017 16:16:27.909 INFO [main] org.apache.catalina.startup.VersionLoggerListener.log JVM Version:           1.8.0_102-b14
09-Mar-2017 16:16:27.909 INFO [main] org.apache.catalina.startup.VersionLoggerListener.log JVM Vendor:            Oracle Corporation
09-Mar-2017 16:16:27.909 INFO [main] org.apache.catalina.startup.VersionLoggerListener.log CATALINA_BASE:         /Users/shivendrasrivastava/Documents/Apache_SAPFieldglass/apache_3
09-Mar-2017 16:16:27.909 INFO [main] org.apache.catalina.startup.VersionLoggerListener.log CATALINA_HOME:         /Users/shivendrasrivastava/Documents/Apache_SAPFieldglass/apache_3
09-Mar-2017 16:16:27.909 INFO [main] org.apache.catalina.startup.VersionLoggerListener.log Command line argument: -Djava.util.logging.config.file=/Users/shivendrasrivastava/Documents/Apache_SAPFieldglass/apache_3/conf/logging.properties
09-Mar-2017 16:16:27.910 INFO [main] org.apache.catalina.startup.VersionLoggerListener.log Command line argument: -Djava.util.logging.manager=org.apache.juli.ClassLoaderLogManager
09-Mar-2017 16:16:27.910 INFO [main] org.apache.catalina.startup.VersionLoggerListener.log Command line argument: -Djdk.tls.ephemeralDHKeySize=2048
09-Mar-2017 16:16:27.910 INFO [main] org.apache.catalina.startup.VersionLoggerListener.log Command line argument: -Djava.protocol.handler.pkgs=org.apache.catalina.webresources
09-Mar-2017 16:16:27.910 INFO [main] org.apache.catalina.startup.VersionLoggerListener.log Command line argument: -Dcatalina.base=/Users/shivendrasrivastava/Documents/Apache_SAPFieldglass/apache_3
09-Mar-2017 16:16:27.910 INFO [main] org.apache.catalina.startup.VersionLoggerListener.log Command line argument: -Dcatalina.home=/Users/shivendrasrivastava/Documents/Apache_SAPFieldglass/apache_3
09-Mar-2017 16:16:27.910 INFO [main] org.apache.catalina.startup.VersionLoggerListener.log Command line argument: -Djava.io.tmpdir=/Users/shivendrasrivastava/Documents/Apache_SAPFieldglass/apache_3/temp
09-Mar-2017 16:16:27.912 INFO [main] org.apache.catalina.core.AprLifecycleListener.lifecycleEvent The APR based Apache Tomcat Native library which allows optimal performance in production environments was not found on the java.library.path: /Users/shivendrasrivastava/Library/Java/Extensions:/Library/Java/Extensions:/Network/Library/Java/Extensions:/System/Library/Java/Extensions:/usr/lib/java:.
09-Mar-2017 16:16:28.000 INFO [main] org.apache.coyote.AbstractProtocol.init Initializing ProtocolHandler ["http-nio-8083"]
09-Mar-2017 16:16:28.025 INFO [main] org.apache.tomcat.util.net.NioSelectorPool.getSharedSelector Using a shared selector for servlet write/read
09-Mar-2017 16:16:28.027 INFO [main] org.apache.coyote.AbstractProtocol.init Initializing ProtocolHandler ["ajp-nio-8011"]
09-Mar-2017 16:16:28.028 INFO [main] org.apache.tomcat.util.net.NioSelectorPool.getSharedSelector Using a shared selector for servlet write/read
09-Mar-2017 16:16:28.029 INFO [main] org.apache.catalina.startup.Catalina.load Initialization processed in 437 ms
09-Mar-2017 16:16:28.045 INFO [main] org.apache.catalina.core.StandardService.startInternal Starting service Catalina
09-Mar-2017 16:16:28.046 INFO [main] org.apache.catalina.core.StandardEngine.startInternal Starting Servlet Engine: Apache Tomcat/9.0.0.M17
09-Mar-2017 16:16:28.053 INFO [main] org.apache.catalina.ha.tcp.SimpleTcpCluster.startInternal Cluster is about to start
09-Mar-2017 16:16:33.062 INFO [main] org.apache.catalina.tribes.transport.ReceiverBase.bind Receiver Server Socket bound to:/10.0.0.22:4000
09-Mar-2017 16:16:33.076 INFO [main] org.apache.catalina.tribes.membership.McastServiceImpl.setupSocket Setting cluster mcast soTimeout to 500
09-Mar-2017 16:16:33.078 SEVERE [main] org.apache.catalina.tribes.membership.McastServiceImpl.start Unable to join multicast group, make sure your system has multicasting enabled.
09-Mar-2017 16:16:33.079 SEVERE [main] org.apache.catalina.ha.tcp.SimpleTcpCluster.startInternal Unable to start cluster.
 org.apache.catalina.tribes.ChannelException: java.net.SocketException: Can't assign requested address; No faulty members identified.
	at org.apache.catalina.tribes.group.ChannelCoordinator.internalStart(ChannelCoordinator.java:201)
	at org.apache.catalina.tribes.group.ChannelCoordinator.start(ChannelCoordinator.java:105)
	at org.apache.catalina.tribes.group.ChannelInterceptorBase.start(ChannelInterceptorBase.java:157)
	at org.apache.catalina.tribes.group.ChannelInterceptorBase.start(ChannelInterceptorBase.java:157)
	at org.apache.catalina.tribes.group.interceptors.MessageDispatchInterceptor.start(MessageDispatchInterceptor.java:224)
	at org.apache.catalina.tribes.group.ChannelInterceptorBase.start(ChannelInterceptorBase.java:157)
	at org.apache.catalina.tribes.group.ChannelInterceptorBase.start(ChannelInterceptorBase.java:157)
	at org.apache.catalina.tribes.group.GroupChannel.start(GroupChannel.java:435)
	at org.apache.catalina.ha.tcp.SimpleTcpCluster.startInternal(SimpleTcpCluster.java:538)
	at org.apache.catalina.util.LifecycleBase.start(LifecycleBase.java:183)
	at org.apache.catalina.core.ContainerBase.startInternal(ContainerBase.java:922)
	at org.apache.catalina.core.StandardEngine.startInternal(StandardEngine.java:262)
	at org.apache.catalina.util.LifecycleBase.start(LifecycleBase.java:183)
	at org.apache.catalina.core.StandardService.startInternal(StandardService.java:422)
	at org.apache.catalina.util.LifecycleBase.start(LifecycleBase.java:183)
	at org.apache.catalina.core.StandardServer.startInternal(StandardServer.java:793)
	at org.apache.catalina.util.LifecycleBase.start(LifecycleBase.java:183)
	at org.apache.catalina.startup.Catalina.start(Catalina.java:655)
	at sun.reflect.NativeMethodAccessorImpl.invoke0(Native Method)
	at sun.reflect.NativeMethodAccessorImpl.invoke(NativeMethodAccessorImpl.java:62)
	at sun.reflect.DelegatingMethodAccessorImpl.invoke(DelegatingMethodAccessorImpl.java:43)
	at java.lang.reflect.Method.invoke(Method.java:498)
	at org.apache.catalina.startup.Bootstrap.start(Bootstrap.java:355)
	at org.apache.catalina.startup.Bootstrap.main(Bootstrap.java:495)
Caused by: java.net.SocketException: Can't assign requested address
	at java.net.PlainDatagramSocketImpl.join(Native Method)
	at java.net.AbstractPlainDatagramSocketImpl.join(AbstractPlainDatagramSocketImpl.java:178)
	at java.net.MulticastSocket.joinGroup(MulticastSocket.java:323)
	at org.apache.catalina.tribes.membership.McastServiceImpl.start(McastServiceImpl.java:264)
	at org.apache.catalina.tribes.membership.McastService.start(McastService.java:365)
	at org.apache.catalina.tribes.group.ChannelCoordinator.internalStart(ChannelCoordinator.java:185)
	... 23 more

09-Mar-2017 16:16:33.080 SEVERE [main] org.apache.catalina.startup.Catalina.start The required Server component failed to start so Tomcat is unable to start.
 org.apache.catalina.LifecycleException: org.apache.catalina.tribes.ChannelException: java.net.SocketException: Can't assign requested address; No faulty members identified.
	at org.apache.catalina.ha.tcp.SimpleTcpCluster.startInternal(SimpleTcpCluster.java:543)
	at org.apache.catalina.util.LifecycleBase.start(LifecycleBase.java:183)
	at org.apache.catalina.core.ContainerBase.startInternal(ContainerBase.java:922)
	at org.apache.catalina.core.StandardEngine.startInternal(StandardEngine.java:262)
	at org.apache.catalina.util.LifecycleBase.start(LifecycleBase.java:183)
	at org.apache.catalina.core.StandardService.startInternal(StandardService.java:422)
	at org.apache.catalina.util.LifecycleBase.start(LifecycleBase.java:183)
	at org.apache.catalina.core.StandardServer.startInternal(StandardServer.java:793)
	at org.apache.catalina.util.LifecycleBase.start(LifecycleBase.java:183)
	at org.apache.catalina.startup.Catalina.start(Catalina.java:655)
	at sun.reflect.NativeMethodAccessorImpl.invoke0(Native Method)
	at sun.reflect.NativeMethodAccessorImpl.invoke(NativeMethodAccessorImpl.java:62)
	at sun.reflect.DelegatingMethodAccessorImpl.invoke(DelegatingMethodAccessorImpl.java:43)
	at java.lang.reflect.Method.invoke(Method.java:498)
	at org.apache.catalina.startup.Bootstrap.start(Bootstrap.java:355)
	at org.apache.catalina.startup.Bootstrap.main(Bootstrap.java:495)
Caused by: org.apache.catalina.tribes.ChannelException: java.net.SocketException: Can't assign requested address; No faulty members identified.
	at org.apache.catalina.tribes.group.ChannelCoordinator.internalStart(ChannelCoordinator.java:201)
	at org.apache.catalina.tribes.group.ChannelCoordinator.start(ChannelCoordinator.java:105)
	at org.apache.catalina.tribes.group.ChannelInterceptorBase.start(ChannelInterceptorBase.java:157)
	at org.apache.catalina.tribes.group.ChannelInterceptorBase.start(ChannelInterceptorBase.java:157)
	at org.apache.catalina.tribes.group.interceptors.MessageDispatchInterceptor.start(MessageDispatchInterceptor.java:224)
	at org.apache.catalina.tribes.group.ChannelInterceptorBase.start(ChannelInterceptorBase.java:157)
	at org.apache.catalina.tribes.group.ChannelInterceptorBase.start(ChannelInterceptorBase.java:157)
	at org.apache.catalina.tribes.group.GroupChannel.start(GroupChannel.java:435)
	at org.apache.catalina.ha.tcp.SimpleTcpCluster.startInternal(SimpleTcpCluster.java:538)
	... 15 more
Caused by: java.net.SocketException: Can't assign requested address
	at java.net.PlainDatagramSocketImpl.join(Native Method)
	at java.net.AbstractPlainDatagramSocketImpl.join(AbstractPlainDatagramSocketImpl.java:178)
	at java.net.MulticastSocket.joinGroup(MulticastSocket.java:323)
	at org.apache.catalina.tribes.membership.McastServiceImpl.start(McastServiceImpl.java:264)
	at org.apache.catalina.tribes.membership.McastService.start(McastService.java:365)
	at org.apache.catalina.tribes.group.ChannelCoordinator.internalStart(ChannelCoordinator.java:185)
	... 23 more

09-Mar-2017 16:16:33.081 INFO [main] org.apache.coyote.AbstractProtocol.pause Pausing ProtocolHandler ["http-nio-8083"]
09-Mar-2017 16:16:33.081 INFO [main] org.apache.coyote.AbstractProtocol.pause Pausing ProtocolHandler ["ajp-nio-8011"]
09-Mar-2017 16:16:33.081 INFO [main] org.apache.catalina.core.StandardService.stopInternal Stopping service Catalina
09-Mar-2017 16:16:33.083 INFO [main] org.apache.coyote.AbstractProtocol.destroy Destroying ProtocolHandler ["http-nio-8083"]
09-Mar-2017 16:16:33.087 INFO [main] org.apache.coyote.AbstractProtocol.destroy Destroying ProtocolHandler ["ajp-nio-8011"]
09-Mar-2017 16:38:38.634 WARNING [main] org.apache.tomcat.util.digester.SetPropertiesRule.begin [SetPropertiesRule]{Server/Service/Engine/Cluster/Manager} Setting property 'notifyListenerOnReplication' to 'true' did not find a matching property.
09-Mar-2017 16:38:38.679 INFO [main] org.apache.catalina.startup.VersionLoggerListener.log Server version:        Apache Tomcat/9.0.0.M17
09-Mar-2017 16:38:38.679 INFO [main] org.apache.catalina.startup.VersionLoggerListener.log Server built:          Jan 10 2017 20:59:20 UTC
09-Mar-2017 16:38:38.679 INFO [main] org.apache.catalina.startup.VersionLoggerListener.log Server number:         9.0.0.0
09-Mar-2017 16:38:38.679 INFO [main] org.apache.catalina.startup.VersionLoggerListener.log OS Name:               Mac OS X
09-Mar-2017 16:38:38.679 INFO [main] org.apache.catalina.startup.VersionLoggerListener.log OS Version:            10.12.3
09-Mar-2017 16:38:38.679 INFO [main] org.apache.catalina.startup.VersionLoggerListener.log Architecture:          x86_64
09-Mar-2017 16:38:38.680 INFO [main] org.apache.catalina.startup.VersionLoggerListener.log Java Home:             /Library/Java/JavaVirtualMachines/jdk1.8.0_102.jdk/Contents/Home/jre
09-Mar-2017 16:38:38.680 INFO [main] org.apache.catalina.startup.VersionLoggerListener.log JVM Version:           1.8.0_102-b14
09-Mar-2017 16:38:38.680 INFO [main] org.apache.catalina.startup.VersionLoggerListener.log JVM Vendor:            Oracle Corporation
09-Mar-2017 16:38:38.680 INFO [main] org.apache.catalina.startup.VersionLoggerListener.log CATALINA_BASE:         /Users/shivendrasrivastava/Documents/Apache_SAPFieldglass/apache_3
09-Mar-2017 16:38:38.680 INFO [main] org.apache.catalina.startup.VersionLoggerListener.log CATALINA_HOME:         /Users/shivendrasrivastava/Documents/Apache_SAPFieldglass/apache_3
09-Mar-2017 16:38:38.681 INFO [main] org.apache.catalina.startup.VersionLoggerListener.log Command line argument: -Djava.util.logging.config.file=/Users/shivendrasrivastava/Documents/Apache_SAPFieldglass/apache_3/conf/logging.properties
09-Mar-2017 16:38:38.681 INFO [main] org.apache.catalina.startup.VersionLoggerListener.log Command line argument: -Djava.util.logging.manager=org.apache.juli.ClassLoaderLogManager
09-Mar-2017 16:38:38.681 INFO [main] org.apache.catalina.startup.VersionLoggerListener.log Command line argument: -Djdk.tls.ephemeralDHKeySize=2048
09-Mar-2017 16:38:38.681 INFO [main] org.apache.catalina.startup.VersionLoggerListener.log Command line argument: -Djava.protocol.handler.pkgs=org.apache.catalina.webresources
09-Mar-2017 16:38:38.681 INFO [main] org.apache.catalina.startup.VersionLoggerListener.log Command line argument: -Dcatalina.base=/Users/shivendrasrivastava/Documents/Apache_SAPFieldglass/apache_3
09-Mar-2017 16:38:38.681 INFO [main] org.apache.catalina.startup.VersionLoggerListener.log Command line argument: -Dcatalina.home=/Users/shivendrasrivastava/Documents/Apache_SAPFieldglass/apache_3
09-Mar-2017 16:38:38.681 INFO [main] org.apache.catalina.startup.VersionLoggerListener.log Command line argument: -Djava.io.tmpdir=/Users/shivendrasrivastava/Documents/Apache_SAPFieldglass/apache_3/temp
09-Mar-2017 16:38:38.683 INFO [main] org.apache.catalina.core.AprLifecycleListener.lifecycleEvent The APR based Apache Tomcat Native library which allows optimal performance in production environments was not found on the java.library.path: /Users/shivendrasrivastava/Library/Java/Extensions:/Library/Java/Extensions:/Network/Library/Java/Extensions:/System/Library/Java/Extensions:/usr/lib/java:.
09-Mar-2017 16:38:38.852 INFO [main] org.apache.coyote.AbstractProtocol.init Initializing ProtocolHandler ["http-nio-8083"]
09-Mar-2017 16:38:38.883 INFO [main] org.apache.tomcat.util.net.NioSelectorPool.getSharedSelector Using a shared selector for servlet write/read
09-Mar-2017 16:38:38.886 INFO [main] org.apache.coyote.AbstractProtocol.init Initializing ProtocolHandler ["ajp-nio-8011"]
09-Mar-2017 16:38:38.887 INFO [main] org.apache.tomcat.util.net.NioSelectorPool.getSharedSelector Using a shared selector for servlet write/read
09-Mar-2017 16:38:38.887 INFO [main] org.apache.catalina.startup.Catalina.load Initialization processed in 628 ms
09-Mar-2017 16:38:38.911 INFO [main] org.apache.catalina.core.StandardService.startInternal Starting service Catalina
09-Mar-2017 16:38:38.911 INFO [main] org.apache.catalina.core.StandardEngine.startInternal Starting Servlet Engine: Apache Tomcat/9.0.0.M17
09-Mar-2017 16:38:38.921 INFO [main] org.apache.catalina.ha.tcp.SimpleTcpCluster.startInternal Cluster is about to start
09-Mar-2017 16:38:43.930 INFO [main] org.apache.catalina.tribes.transport.ReceiverBase.bind Receiver Server Socket bound to:/10.0.0.22:4000
09-Mar-2017 16:38:43.947 INFO [main] org.apache.catalina.tribes.membership.McastServiceImpl.setupSocket Setting cluster mcast soTimeout to 500
09-Mar-2017 16:38:43.950 SEVERE [main] org.apache.catalina.tribes.membership.McastServiceImpl.start Unable to join multicast group, make sure your system has multicasting enabled.
09-Mar-2017 16:38:43.950 SEVERE [main] org.apache.catalina.ha.tcp.SimpleTcpCluster.startInternal Unable to start cluster.
 org.apache.catalina.tribes.ChannelException: java.net.SocketException: Can't assign requested address; No faulty members identified.
	at org.apache.catalina.tribes.group.ChannelCoordinator.internalStart(ChannelCoordinator.java:201)
	at org.apache.catalina.tribes.group.ChannelCoordinator.start(ChannelCoordinator.java:105)
	at org.apache.catalina.tribes.group.ChannelInterceptorBase.start(ChannelInterceptorBase.java:157)
	at org.apache.catalina.tribes.group.ChannelInterceptorBase.start(ChannelInterceptorBase.java:157)
	at org.apache.catalina.tribes.group.interceptors.MessageDispatchInterceptor.start(MessageDispatchInterceptor.java:224)
	at org.apache.catalina.tribes.group.ChannelInterceptorBase.start(ChannelInterceptorBase.java:157)
	at org.apache.catalina.tribes.group.ChannelInterceptorBase.start(ChannelInterceptorBase.java:157)
	at org.apache.catalina.tribes.group.GroupChannel.start(GroupChannel.java:435)
	at org.apache.catalina.ha.tcp.SimpleTcpCluster.startInternal(SimpleTcpCluster.java:538)
	at org.apache.catalina.util.LifecycleBase.start(LifecycleBase.java:183)
	at org.apache.catalina.core.ContainerBase.startInternal(ContainerBase.java:922)
	at org.apache.catalina.core.StandardEngine.startInternal(StandardEngine.java:262)
	at org.apache.catalina.util.LifecycleBase.start(LifecycleBase.java:183)
	at org.apache.catalina.core.StandardService.startInternal(StandardService.java:422)
	at org.apache.catalina.util.LifecycleBase.start(LifecycleBase.java:183)
	at org.apache.catalina.core.StandardServer.startInternal(StandardServer.java:793)
	at org.apache.catalina.util.LifecycleBase.start(LifecycleBase.java:183)
	at org.apache.catalina.startup.Catalina.start(Catalina.java:655)
	at sun.reflect.NativeMethodAccessorImpl.invoke0(Native Method)
	at sun.reflect.NativeMethodAccessorImpl.invoke(NativeMethodAccessorImpl.java:62)
	at sun.reflect.DelegatingMethodAccessorImpl.invoke(DelegatingMethodAccessorImpl.java:43)
	at java.lang.reflect.Method.invoke(Method.java:498)
	at org.apache.catalina.startup.Bootstrap.start(Bootstrap.java:355)
	at org.apache.catalina.startup.Bootstrap.main(Bootstrap.java:495)
Caused by: java.net.SocketException: Can't assign requested address
	at java.net.PlainDatagramSocketImpl.join(Native Method)
	at java.net.AbstractPlainDatagramSocketImpl.join(AbstractPlainDatagramSocketImpl.java:178)
	at java.net.MulticastSocket.joinGroup(MulticastSocket.java:323)
	at org.apache.catalina.tribes.membership.McastServiceImpl.start(McastServiceImpl.java:264)
	at org.apache.catalina.tribes.membership.McastService.start(McastService.java:365)
	at org.apache.catalina.tribes.group.ChannelCoordinator.internalStart(ChannelCoordinator.java:185)
	... 23 more

09-Mar-2017 16:38:43.952 SEVERE [main] org.apache.catalina.startup.Catalina.start The required Server component failed to start so Tomcat is unable to start.
 org.apache.catalina.LifecycleException: org.apache.catalina.tribes.ChannelException: java.net.SocketException: Can't assign requested address; No faulty members identified.
	at org.apache.catalina.ha.tcp.SimpleTcpCluster.startInternal(SimpleTcpCluster.java:543)
	at org.apache.catalina.util.LifecycleBase.start(LifecycleBase.java:183)
	at org.apache.catalina.core.ContainerBase.startInternal(ContainerBase.java:922)
	at org.apache.catalina.core.StandardEngine.startInternal(StandardEngine.java:262)
	at org.apache.catalina.util.LifecycleBase.start(LifecycleBase.java:183)
	at org.apache.catalina.core.StandardService.startInternal(StandardService.java:422)
	at org.apache.catalina.util.LifecycleBase.start(LifecycleBase.java:183)
	at org.apache.catalina.core.StandardServer.startInternal(StandardServer.java:793)
	at org.apache.catalina.util.LifecycleBase.start(LifecycleBase.java:183)
	at org.apache.catalina.startup.Catalina.start(Catalina.java:655)
	at sun.reflect.NativeMethodAccessorImpl.invoke0(Native Method)
	at sun.reflect.NativeMethodAccessorImpl.invoke(NativeMethodAccessorImpl.java:62)
	at sun.reflect.DelegatingMethodAccessorImpl.invoke(DelegatingMethodAccessorImpl.java:43)
	at java.lang.reflect.Method.invoke(Method.java:498)
	at org.apache.catalina.startup.Bootstrap.start(Bootstrap.java:355)
	at org.apache.catalina.startup.Bootstrap.main(Bootstrap.java:495)
Caused by: org.apache.catalina.tribes.ChannelException: java.net.SocketException: Can't assign requested address; No faulty members identified.
	at org.apache.catalina.tribes.group.ChannelCoordinator.internalStart(ChannelCoordinator.java:201)
	at org.apache.catalina.tribes.group.ChannelCoordinator.start(ChannelCoordinator.java:105)
	at org.apache.catalina.tribes.group.ChannelInterceptorBase.start(ChannelInterceptorBase.java:157)
	at org.apache.catalina.tribes.group.ChannelInterceptorBase.start(ChannelInterceptorBase.java:157)
	at org.apache.catalina.tribes.group.interceptors.MessageDispatchInterceptor.start(MessageDispatchInterceptor.java:224)
	at org.apache.catalina.tribes.group.ChannelInterceptorBase.start(ChannelInterceptorBase.java:157)
	at org.apache.catalina.tribes.group.ChannelInterceptorBase.start(ChannelInterceptorBase.java:157)
	at org.apache.catalina.tribes.group.GroupChannel.start(GroupChannel.java:435)
	at org.apache.catalina.ha.tcp.SimpleTcpCluster.startInternal(SimpleTcpCluster.java:538)
	... 15 more
Caused by: java.net.SocketException: Can't assign requested address
	at java.net.PlainDatagramSocketImpl.join(Native Method)
	at java.net.AbstractPlainDatagramSocketImpl.join(AbstractPlainDatagramSocketImpl.java:178)
	at java.net.MulticastSocket.joinGroup(MulticastSocket.java:323)
	at org.apache.catalina.tribes.membership.McastServiceImpl.start(McastServiceImpl.java:264)
	at org.apache.catalina.tribes.membership.McastService.start(McastService.java:365)
	at org.apache.catalina.tribes.group.ChannelCoordinator.internalStart(ChannelCoordinator.java:185)
	... 23 more

09-Mar-2017 16:38:43.952 INFO [main] org.apache.coyote.AbstractProtocol.pause Pausing ProtocolHandler ["http-nio-8083"]
09-Mar-2017 16:38:43.952 INFO [main] org.apache.coyote.AbstractProtocol.pause Pausing ProtocolHandler ["ajp-nio-8011"]
09-Mar-2017 16:38:43.953 INFO [main] org.apache.catalina.core.StandardService.stopInternal Stopping service Catalina
09-Mar-2017 16:38:43.955 INFO [main] org.apache.coyote.AbstractProtocol.destroy Destroying ProtocolHandler ["http-nio-8083"]
09-Mar-2017 16:38:43.959 INFO [main] org.apache.coyote.AbstractProtocol.destroy Destroying ProtocolHandler ["ajp-nio-8011"]
09-Mar-2017 16:39:41.980 WARNING [main] org.apache.tomcat.util.digester.SetPropertiesRule.begin [SetPropertiesRule]{Server/Service/Engine/Cluster/Manager} Setting property 'notifyListenerOnReplication' to 'true' did not find a matching property.
09-Mar-2017 16:39:42.012 INFO [main] org.apache.catalina.startup.VersionLoggerListener.log Server version:        Apache Tomcat/9.0.0.M17
09-Mar-2017 16:39:42.013 INFO [main] org.apache.catalina.startup.VersionLoggerListener.log Server built:          Jan 10 2017 20:59:20 UTC
09-Mar-2017 16:39:42.013 INFO [main] org.apache.catalina.startup.VersionLoggerListener.log Server number:         9.0.0.0
09-Mar-2017 16:39:42.013 INFO [main] org.apache.catalina.startup.VersionLoggerListener.log OS Name:               Mac OS X
09-Mar-2017 16:39:42.013 INFO [main] org.apache.catalina.startup.VersionLoggerListener.log OS Version:            10.12.3
09-Mar-2017 16:39:42.013 INFO [main] org.apache.catalina.startup.VersionLoggerListener.log Architecture:          x86_64
09-Mar-2017 16:39:42.013 INFO [main] org.apache.catalina.startup.VersionLoggerListener.log Java Home:             /Library/Java/JavaVirtualMachines/jdk1.8.0_102.jdk/Contents/Home/jre
09-Mar-2017 16:39:42.013 INFO [main] org.apache.catalina.startup.VersionLoggerListener.log JVM Version:           1.8.0_102-b14
09-Mar-2017 16:39:42.013 INFO [main] org.apache.catalina.startup.VersionLoggerListener.log JVM Vendor:            Oracle Corporation
09-Mar-2017 16:39:42.013 INFO [main] org.apache.catalina.startup.VersionLoggerListener.log CATALINA_BASE:         /Users/shivendrasrivastava/Documents/Apache_SAPFieldglass/apache_3
09-Mar-2017 16:39:42.013 INFO [main] org.apache.catalina.startup.VersionLoggerListener.log CATALINA_HOME:         /Users/shivendrasrivastava/Documents/Apache_SAPFieldglass/apache_3
09-Mar-2017 16:39:42.014 INFO [main] org.apache.catalina.startup.VersionLoggerListener.log Command line argument: -Djava.util.logging.config.file=/Users/shivendrasrivastava/Documents/Apache_SAPFieldglass/apache_3/conf/logging.properties
09-Mar-2017 16:39:42.014 INFO [main] org.apache.catalina.startup.VersionLoggerListener.log Command line argument: -Djava.util.logging.manager=org.apache.juli.ClassLoaderLogManager
09-Mar-2017 16:39:42.014 INFO [main] org.apache.catalina.startup.VersionLoggerListener.log Command line argument: -Djdk.tls.ephemeralDHKeySize=2048
09-Mar-2017 16:39:42.014 INFO [main] org.apache.catalina.startup.VersionLoggerListener.log Command line argument: -Djava.protocol.handler.pkgs=org.apache.catalina.webresources
09-Mar-2017 16:39:42.014 INFO [main] org.apache.catalina.startup.VersionLoggerListener.log Command line argument: -Dcatalina.base=/Users/shivendrasrivastava/Documents/Apache_SAPFieldglass/apache_3
09-Mar-2017 16:39:42.014 INFO [main] org.apache.catalina.startup.VersionLoggerListener.log Command line argument: -Dcatalina.home=/Users/shivendrasrivastava/Documents/Apache_SAPFieldglass/apache_3
09-Mar-2017 16:39:42.015 INFO [main] org.apache.catalina.startup.VersionLoggerListener.log Command line argument: -Djava.io.tmpdir=/Users/shivendrasrivastava/Documents/Apache_SAPFieldglass/apache_3/temp
09-Mar-2017 16:39:42.016 INFO [main] org.apache.catalina.core.AprLifecycleListener.lifecycleEvent The APR based Apache Tomcat Native library which allows optimal performance in production environments was not found on the java.library.path: /Users/shivendrasrivastava/Library/Java/Extensions:/Library/Java/Extensions:/Network/Library/Java/Extensions:/System/Library/Java/Extensions:/usr/lib/java:.
09-Mar-2017 16:39:42.107 INFO [main] org.apache.coyote.AbstractProtocol.init Initializing ProtocolHandler ["http-nio-8083"]
09-Mar-2017 16:39:42.129 INFO [main] org.apache.tomcat.util.net.NioSelectorPool.getSharedSelector Using a shared selector for servlet write/read
09-Mar-2017 16:39:42.132 INFO [main] org.apache.coyote.AbstractProtocol.init Initializing ProtocolHandler ["ajp-nio-8011"]
09-Mar-2017 16:39:42.133 INFO [main] org.apache.tomcat.util.net.NioSelectorPool.getSharedSelector Using a shared selector for servlet write/read
09-Mar-2017 16:39:42.133 INFO [main] org.apache.catalina.startup.Catalina.load Initialization processed in 434 ms
09-Mar-2017 16:39:42.151 INFO [main] org.apache.catalina.core.StandardService.startInternal Starting service Catalina
09-Mar-2017 16:39:42.151 INFO [main] org.apache.catalina.core.StandardEngine.startInternal Starting Servlet Engine: Apache Tomcat/9.0.0.M17
09-Mar-2017 16:39:42.159 INFO [main] org.apache.catalina.ha.tcp.SimpleTcpCluster.startInternal Cluster is about to start
09-Mar-2017 16:39:47.171 INFO [main] org.apache.catalina.tribes.transport.ReceiverBase.bind Receiver Server Socket bound to:/10.0.0.22:4000
09-Mar-2017 16:39:47.185 INFO [main] org.apache.catalina.tribes.membership.McastServiceImpl.setupSocket Setting cluster mcast soTimeout to 500
09-Mar-2017 16:39:47.187 SEVERE [main] org.apache.catalina.tribes.membership.McastServiceImpl.start Unable to join multicast group, make sure your system has multicasting enabled.
09-Mar-2017 16:39:47.188 SEVERE [main] org.apache.catalina.ha.tcp.SimpleTcpCluster.startInternal Unable to start cluster.
 org.apache.catalina.tribes.ChannelException: java.net.SocketException: Can't assign requested address; No faulty members identified.
	at org.apache.catalina.tribes.group.ChannelCoordinator.internalStart(ChannelCoordinator.java:201)
	at org.apache.catalina.tribes.group.ChannelCoordinator.start(ChannelCoordinator.java:105)
	at org.apache.catalina.tribes.group.ChannelInterceptorBase.start(ChannelInterceptorBase.java:157)
	at org.apache.catalina.tribes.group.ChannelInterceptorBase.start(ChannelInterceptorBase.java:157)
	at org.apache.catalina.tribes.group.interceptors.MessageDispatchInterceptor.start(MessageDispatchInterceptor.java:224)
	at org.apache.catalina.tribes.group.ChannelInterceptorBase.start(ChannelInterceptorBase.java:157)
	at org.apache.catalina.tribes.group.ChannelInterceptorBase.start(ChannelInterceptorBase.java:157)
	at org.apache.catalina.tribes.group.GroupChannel.start(GroupChannel.java:435)
	at org.apache.catalina.ha.tcp.SimpleTcpCluster.startInternal(SimpleTcpCluster.java:538)
	at org.apache.catalina.util.LifecycleBase.start(LifecycleBase.java:183)
	at org.apache.catalina.core.ContainerBase.startInternal(ContainerBase.java:922)
	at org.apache.catalina.core.StandardEngine.startInternal(StandardEngine.java:262)
	at org.apache.catalina.util.LifecycleBase.start(LifecycleBase.java:183)
	at org.apache.catalina.core.StandardService.startInternal(StandardService.java:422)
	at org.apache.catalina.util.LifecycleBase.start(LifecycleBase.java:183)
	at org.apache.catalina.core.StandardServer.startInternal(StandardServer.java:793)
	at org.apache.catalina.util.LifecycleBase.start(LifecycleBase.java:183)
	at org.apache.catalina.startup.Catalina.start(Catalina.java:655)
	at sun.reflect.NativeMethodAccessorImpl.invoke0(Native Method)
	at sun.reflect.NativeMethodAccessorImpl.invoke(NativeMethodAccessorImpl.java:62)
	at sun.reflect.DelegatingMethodAccessorImpl.invoke(DelegatingMethodAccessorImpl.java:43)
	at java.lang.reflect.Method.invoke(Method.java:498)
	at org.apache.catalina.startup.Bootstrap.start(Bootstrap.java:355)
	at org.apache.catalina.startup.Bootstrap.main(Bootstrap.java:495)
Caused by: java.net.SocketException: Can't assign requested address
	at java.net.PlainDatagramSocketImpl.join(Native Method)
	at java.net.AbstractPlainDatagramSocketImpl.join(AbstractPlainDatagramSocketImpl.java:178)
	at java.net.MulticastSocket.joinGroup(MulticastSocket.java:323)
	at org.apache.catalina.tribes.membership.McastServiceImpl.start(McastServiceImpl.java:264)
	at org.apache.catalina.tribes.membership.McastService.start(McastService.java:365)
	at org.apache.catalina.tribes.group.ChannelCoordinator.internalStart(ChannelCoordinator.java:185)
	... 23 more

09-Mar-2017 16:39:47.189 SEVERE [main] org.apache.catalina.startup.Catalina.start The required Server component failed to start so Tomcat is unable to start.
 org.apache.catalina.LifecycleException: org.apache.catalina.tribes.ChannelException: java.net.SocketException: Can't assign requested address; No faulty members identified.
	at org.apache.catalina.ha.tcp.SimpleTcpCluster.startInternal(SimpleTcpCluster.java:543)
	at org.apache.catalina.util.LifecycleBase.start(LifecycleBase.java:183)
	at org.apache.catalina.core.ContainerBase.startInternal(ContainerBase.java:922)
	at org.apache.catalina.core.StandardEngine.startInternal(StandardEngine.java:262)
	at org.apache.catalina.util.LifecycleBase.start(LifecycleBase.java:183)
	at org.apache.catalina.core.StandardService.startInternal(StandardService.java:422)
	at org.apache.catalina.util.LifecycleBase.start(LifecycleBase.java:183)
	at org.apache.catalina.core.StandardServer.startInternal(StandardServer.java:793)
	at org.apache.catalina.util.LifecycleBase.start(LifecycleBase.java:183)
	at org.apache.catalina.startup.Catalina.start(Catalina.java:655)
	at sun.reflect.NativeMethodAccessorImpl.invoke0(Native Method)
	at sun.reflect.NativeMethodAccessorImpl.invoke(NativeMethodAccessorImpl.java:62)
	at sun.reflect.DelegatingMethodAccessorImpl.invoke(DelegatingMethodAccessorImpl.java:43)
	at java.lang.reflect.Method.invoke(Method.java:498)
	at org.apache.catalina.startup.Bootstrap.start(Bootstrap.java:355)
	at org.apache.catalina.startup.Bootstrap.main(Bootstrap.java:495)
Caused by: org.apache.catalina.tribes.ChannelException: java.net.SocketException: Can't assign requested address; No faulty members identified.
	at org.apache.catalina.tribes.group.ChannelCoordinator.internalStart(ChannelCoordinator.java:201)
	at org.apache.catalina.tribes.group.ChannelCoordinator.start(ChannelCoordinator.java:105)
	at org.apache.catalina.tribes.group.ChannelInterceptorBase.start(ChannelInterceptorBase.java:157)
	at org.apache.catalina.tribes.group.ChannelInterceptorBase.start(ChannelInterceptorBase.java:157)
	at org.apache.catalina.tribes.group.interceptors.MessageDispatchInterceptor.start(MessageDispatchInterceptor.java:224)
	at org.apache.catalina.tribes.group.ChannelInterceptorBase.start(ChannelInterceptorBase.java:157)
	at org.apache.catalina.tribes.group.ChannelInterceptorBase.start(ChannelInterceptorBase.java:157)
	at org.apache.catalina.tribes.group.GroupChannel.start(GroupChannel.java:435)
	at org.apache.catalina.ha.tcp.SimpleTcpCluster.startInternal(SimpleTcpCluster.java:538)
	... 15 more
Caused by: java.net.SocketException: Can't assign requested address
	at java.net.PlainDatagramSocketImpl.join(Native Method)
	at java.net.AbstractPlainDatagramSocketImpl.join(AbstractPlainDatagramSocketImpl.java:178)
	at java.net.MulticastSocket.joinGroup(MulticastSocket.java:323)
	at org.apache.catalina.tribes.membership.McastServiceImpl.start(McastServiceImpl.java:264)
	at org.apache.catalina.tribes.membership.McastService.start(McastService.java:365)
	at org.apache.catalina.tribes.group.ChannelCoordinator.internalStart(ChannelCoordinator.java:185)
	... 23 more

09-Mar-2017 16:39:47.190 INFO [main] org.apache.coyote.AbstractProtocol.pause Pausing ProtocolHandler ["http-nio-8083"]
09-Mar-2017 16:39:47.190 INFO [main] org.apache.coyote.AbstractProtocol.pause Pausing ProtocolHandler ["ajp-nio-8011"]
09-Mar-2017 16:39:47.190 INFO [main] org.apache.catalina.core.StandardService.stopInternal Stopping service Catalina
09-Mar-2017 16:39:47.192 INFO [main] org.apache.coyote.AbstractProtocol.destroy Destroying ProtocolHandler ["http-nio-8083"]
09-Mar-2017 16:39:47.197 INFO [main] org.apache.coyote.AbstractProtocol.destroy Destroying ProtocolHandler ["ajp-nio-8011"]
09-Mar-2017 20:02:31.163 WARNING [main] org.apache.tomcat.util.digester.SetPropertiesRule.begin [SetPropertiesRule]{Server/Service/Engine/Cluster/Manager} Setting property 'notifyListenerOnReplication' to 'true' did not find a matching property.
09-Mar-2017 20:02:31.212 INFO [main] org.apache.catalina.startup.VersionLoggerListener.log Server version:        Apache Tomcat/9.0.0.M17
09-Mar-2017 20:02:31.212 INFO [main] org.apache.catalina.startup.VersionLoggerListener.log Server built:          Jan 10 2017 20:59:20 UTC
09-Mar-2017 20:02:31.212 INFO [main] org.apache.catalina.startup.VersionLoggerListener.log Server number:         9.0.0.0
09-Mar-2017 20:02:31.212 INFO [main] org.apache.catalina.startup.VersionLoggerListener.log OS Name:               Mac OS X
09-Mar-2017 20:02:31.212 INFO [main] org.apache.catalina.startup.VersionLoggerListener.log OS Version:            10.12.3
09-Mar-2017 20:02:31.212 INFO [main] org.apache.catalina.startup.VersionLoggerListener.log Architecture:          x86_64
09-Mar-2017 20:02:31.212 INFO [main] org.apache.catalina.startup.VersionLoggerListener.log Java Home:             /Library/Java/JavaVirtualMachines/jdk1.8.0_102.jdk/Contents/Home/jre
09-Mar-2017 20:02:31.212 INFO [main] org.apache.catalina.startup.VersionLoggerListener.log JVM Version:           1.8.0_102-b14
09-Mar-2017 20:02:31.213 INFO [main] org.apache.catalina.startup.VersionLoggerListener.log JVM Vendor:            Oracle Corporation
09-Mar-2017 20:02:31.213 INFO [main] org.apache.catalina.startup.VersionLoggerListener.log CATALINA_BASE:         /Users/shivendrasrivastava/Documents/Apache_SAPFieldglass/apache_3
09-Mar-2017 20:02:31.213 INFO [main] org.apache.catalina.startup.VersionLoggerListener.log CATALINA_HOME:         /Users/shivendrasrivastava/Documents/Apache_SAPFieldglass/apache_3
09-Mar-2017 20:02:31.213 INFO [main] org.apache.catalina.startup.VersionLoggerListener.log Command line argument: -Djava.util.logging.config.file=/Users/shivendrasrivastava/Documents/Apache_SAPFieldglass/apache_3/conf/logging.properties
09-Mar-2017 20:02:31.213 INFO [main] org.apache.catalina.startup.VersionLoggerListener.log Command line argument: -Djava.util.logging.manager=org.apache.juli.ClassLoaderLogManager
09-Mar-2017 20:02:31.213 INFO [main] org.apache.catalina.startup.VersionLoggerListener.log Command line argument: -Djdk.tls.ephemeralDHKeySize=2048
09-Mar-2017 20:02:31.214 INFO [main] org.apache.catalina.startup.VersionLoggerListener.log Command line argument: -Djava.protocol.handler.pkgs=org.apache.catalina.webresources
09-Mar-2017 20:02:31.214 INFO [main] org.apache.catalina.startup.VersionLoggerListener.log Command line argument: -Dcatalina.base=/Users/shivendrasrivastava/Documents/Apache_SAPFieldglass/apache_3
09-Mar-2017 20:02:31.214 INFO [main] org.apache.catalina.startup.VersionLoggerListener.log Command line argument: -Dcatalina.home=/Users/shivendrasrivastava/Documents/Apache_SAPFieldglass/apache_3
09-Mar-2017 20:02:31.214 INFO [main] org.apache.catalina.startup.VersionLoggerListener.log Command line argument: -Djava.io.tmpdir=/Users/shivendrasrivastava/Documents/Apache_SAPFieldglass/apache_3/temp
09-Mar-2017 20:02:31.214 INFO [main] org.apache.catalina.core.AprLifecycleListener.lifecycleEvent The APR based Apache Tomcat Native library which allows optimal performance in production environments was not found on the java.library.path: /Users/shivendrasrivastava/Library/Java/Extensions:/Library/Java/Extensions:/Network/Library/Java/Extensions:/System/Library/Java/Extensions:/usr/lib/java:.
09-Mar-2017 20:02:31.398 INFO [main] org.apache.coyote.AbstractProtocol.init Initializing ProtocolHandler ["http-nio-8083"]
09-Mar-2017 20:02:31.427 INFO [main] org.apache.tomcat.util.net.NioSelectorPool.getSharedSelector Using a shared selector for servlet write/read
09-Mar-2017 20:02:31.430 INFO [main] org.apache.coyote.AbstractProtocol.init Initializing ProtocolHandler ["ajp-nio-8011"]
09-Mar-2017 20:02:31.431 INFO [main] org.apache.tomcat.util.net.NioSelectorPool.getSharedSelector Using a shared selector for servlet write/read
09-Mar-2017 20:02:31.431 INFO [main] org.apache.catalina.startup.Catalina.load Initialization processed in 644 ms
09-Mar-2017 20:02:31.454 INFO [main] org.apache.catalina.core.StandardService.startInternal Starting service Catalina
09-Mar-2017 20:02:31.454 INFO [main] org.apache.catalina.core.StandardEngine.startInternal Starting Servlet Engine: Apache Tomcat/9.0.0.M17
09-Mar-2017 20:02:31.466 INFO [main] org.apache.catalina.ha.tcp.SimpleTcpCluster.startInternal Cluster is about to start
09-Mar-2017 20:02:36.475 INFO [main] org.apache.catalina.tribes.transport.ReceiverBase.bind Receiver Server Socket bound to:/10.0.0.22:4000
09-Mar-2017 20:02:36.498 INFO [main] org.apache.catalina.tribes.membership.McastServiceImpl.setupSocket Setting cluster mcast soTimeout to 500
09-Mar-2017 20:02:36.501 SEVERE [main] org.apache.catalina.tribes.membership.McastServiceImpl.start Unable to join multicast group, make sure your system has multicasting enabled.
09-Mar-2017 20:02:36.501 SEVERE [main] org.apache.catalina.ha.tcp.SimpleTcpCluster.startInternal Unable to start cluster.
 org.apache.catalina.tribes.ChannelException: java.net.SocketException: Can't assign requested address; No faulty members identified.
	at org.apache.catalina.tribes.group.ChannelCoordinator.internalStart(ChannelCoordinator.java:201)
	at org.apache.catalina.tribes.group.ChannelCoordinator.start(ChannelCoordinator.java:105)
	at org.apache.catalina.tribes.group.ChannelInterceptorBase.start(ChannelInterceptorBase.java:157)
	at org.apache.catalina.tribes.group.ChannelInterceptorBase.start(ChannelInterceptorBase.java:157)
	at org.apache.catalina.tribes.group.interceptors.MessageDispatchInterceptor.start(MessageDispatchInterceptor.java:224)
	at org.apache.catalina.tribes.group.ChannelInterceptorBase.start(ChannelInterceptorBase.java:157)
	at org.apache.catalina.tribes.group.ChannelInterceptorBase.start(ChannelInterceptorBase.java:157)
	at org.apache.catalina.tribes.group.GroupChannel.start(GroupChannel.java:435)
	at org.apache.catalina.ha.tcp.SimpleTcpCluster.startInternal(SimpleTcpCluster.java:538)
	at org.apache.catalina.util.LifecycleBase.start(LifecycleBase.java:183)
	at org.apache.catalina.core.ContainerBase.startInternal(ContainerBase.java:922)
	at org.apache.catalina.core.StandardEngine.startInternal(StandardEngine.java:262)
	at org.apache.catalina.util.LifecycleBase.start(LifecycleBase.java:183)
	at org.apache.catalina.core.StandardService.startInternal(StandardService.java:422)
	at org.apache.catalina.util.LifecycleBase.start(LifecycleBase.java:183)
	at org.apache.catalina.core.StandardServer.startInternal(StandardServer.java:793)
	at org.apache.catalina.util.LifecycleBase.start(LifecycleBase.java:183)
	at org.apache.catalina.startup.Catalina.start(Catalina.java:655)
	at sun.reflect.NativeMethodAccessorImpl.invoke0(Native Method)
	at sun.reflect.NativeMethodAccessorImpl.invoke(NativeMethodAccessorImpl.java:62)
	at sun.reflect.DelegatingMethodAccessorImpl.invoke(DelegatingMethodAccessorImpl.java:43)
	at java.lang.reflect.Method.invoke(Method.java:498)
	at org.apache.catalina.startup.Bootstrap.start(Bootstrap.java:355)
	at org.apache.catalina.startup.Bootstrap.main(Bootstrap.java:495)
Caused by: java.net.SocketException: Can't assign requested address
	at java.net.PlainDatagramSocketImpl.join(Native Method)
	at java.net.AbstractPlainDatagramSocketImpl.join(AbstractPlainDatagramSocketImpl.java:178)
	at java.net.MulticastSocket.joinGroup(MulticastSocket.java:323)
	at org.apache.catalina.tribes.membership.McastServiceImpl.start(McastServiceImpl.java:264)
	at org.apache.catalina.tribes.membership.McastService.start(McastService.java:365)
	at org.apache.catalina.tribes.group.ChannelCoordinator.internalStart(ChannelCoordinator.java:185)
	... 23 more

09-Mar-2017 20:02:36.503 SEVERE [main] org.apache.catalina.startup.Catalina.start The required Server component failed to start so Tomcat is unable to start.
 org.apache.catalina.LifecycleException: org.apache.catalina.tribes.ChannelException: java.net.SocketException: Can't assign requested address; No faulty members identified.
	at org.apache.catalina.ha.tcp.SimpleTcpCluster.startInternal(SimpleTcpCluster.java:543)
	at org.apache.catalina.util.LifecycleBase.start(LifecycleBase.java:183)
	at org.apache.catalina.core.ContainerBase.startInternal(ContainerBase.java:922)
	at org.apache.catalina.core.StandardEngine.startInternal(StandardEngine.java:262)
	at org.apache.catalina.util.LifecycleBase.start(LifecycleBase.java:183)
	at org.apache.catalina.core.StandardService.startInternal(StandardService.java:422)
	at org.apache.catalina.util.LifecycleBase.start(LifecycleBase.java:183)
	at org.apache.catalina.core.StandardServer.startInternal(StandardServer.java:793)
	at org.apache.catalina.util.LifecycleBase.start(LifecycleBase.java:183)
	at org.apache.catalina.startup.Catalina.start(Catalina.java:655)
	at sun.reflect.NativeMethodAccessorImpl.invoke0(Native Method)
	at sun.reflect.NativeMethodAccessorImpl.invoke(NativeMethodAccessorImpl.java:62)
	at sun.reflect.DelegatingMethodAccessorImpl.invoke(DelegatingMethodAccessorImpl.java:43)
	at java.lang.reflect.Method.invoke(Method.java:498)
	at org.apache.catalina.startup.Bootstrap.start(Bootstrap.java:355)
	at org.apache.catalina.startup.Bootstrap.main(Bootstrap.java:495)
Caused by: org.apache.catalina.tribes.ChannelException: java.net.SocketException: Can't assign requested address; No faulty members identified.
	at org.apache.catalina.tribes.group.ChannelCoordinator.internalStart(ChannelCoordinator.java:201)
	at org.apache.catalina.tribes.group.ChannelCoordinator.start(ChannelCoordinator.java:105)
	at org.apache.catalina.tribes.group.ChannelInterceptorBase.start(ChannelInterceptorBase.java:157)
	at org.apache.catalina.tribes.group.ChannelInterceptorBase.start(ChannelInterceptorBase.java:157)
	at org.apache.catalina.tribes.group.interceptors.MessageDispatchInterceptor.start(MessageDispatchInterceptor.java:224)
	at org.apache.catalina.tribes.group.ChannelInterceptorBase.start(ChannelInterceptorBase.java:157)
	at org.apache.catalina.tribes.group.ChannelInterceptorBase.start(ChannelInterceptorBase.java:157)
	at org.apache.catalina.tribes.group.GroupChannel.start(GroupChannel.java:435)
	at org.apache.catalina.ha.tcp.SimpleTcpCluster.startInternal(SimpleTcpCluster.java:538)
	... 15 more
Caused by: java.net.SocketException: Can't assign requested address
	at java.net.PlainDatagramSocketImpl.join(Native Method)
	at java.net.AbstractPlainDatagramSocketImpl.join(AbstractPlainDatagramSocketImpl.java:178)
	at java.net.MulticastSocket.joinGroup(MulticastSocket.java:323)
	at org.apache.catalina.tribes.membership.McastServiceImpl.start(McastServiceImpl.java:264)
	at org.apache.catalina.tribes.membership.McastService.start(McastService.java:365)
	at org.apache.catalina.tribes.group.ChannelCoordinator.internalStart(ChannelCoordinator.java:185)
	... 23 more

09-Mar-2017 20:02:36.504 INFO [main] org.apache.coyote.AbstractProtocol.pause Pausing ProtocolHandler ["http-nio-8083"]
09-Mar-2017 20:02:36.504 INFO [main] org.apache.coyote.AbstractProtocol.pause Pausing ProtocolHandler ["ajp-nio-8011"]
09-Mar-2017 20:02:36.504 INFO [main] org.apache.catalina.core.StandardService.stopInternal Stopping service Catalina
09-Mar-2017 20:02:36.506 INFO [main] org.apache.coyote.AbstractProtocol.destroy Destroying ProtocolHandler ["http-nio-8083"]
09-Mar-2017 20:02:36.511 INFO [main] org.apache.coyote.AbstractProtocol.destroy Destroying ProtocolHandler ["ajp-nio-8011"]
