This file contains any messages produced by compilers while
running configure, to aid debugging if configure makes a mistake.

It was created by mod_jk configure 1.2.42, which was
generated by GNU Autoconf 2.69.  Invocation command line was

  $ ./configure --with-apxs=/Users/shivendrasrivastava/Documents/Apache_SAPFieldglass/httpd/bin/apxs

## --------- ##
## Platform. ##
## --------- ##

hostname = SSrivastava-MacBook-Pro.local
uname -m = x86_64
uname -r = 16.4.0
uname -s = Darwin
uname -v = Darwin Kernel Version 16.4.0: Thu Dec 22 22:53:21 PST 2016; root:xnu-3789.41.3~3/RELEASE_X86_64

/usr/bin/uname -p = i386
/bin/uname -X     = unknown

/bin/arch              = unknown
/usr/bin/arch -k       = unknown
/usr/convex/getsysinfo = unknown
/usr/bin/hostinfo      = Mach kernel version:
	 Darwin Kernel Version 16.4.0: Thu Dec 22 22:53:21 PST 2016; root:xnu-3789.41.3~3/RELEASE_X86_64
Kernel configured for up to 8 processors.
4 processors are physically available.
8 processors are logically available.
Processor type: x86_64h (Intel x86-64h Haswell)
Processors active: 0 1 2 3 4 5 6 7
Primary memory available: 16.00 gigabytes
Default processor set: 407 tasks, 2454 threads, 8 processors
Load average: 2.60, Mach factor: 5.41
/bin/machine           = unknown
/usr/bin/oslevel       = unknown
/bin/universe          = unknown

PATH: /usr/local/pcre/bin
PATH: /usr/local/sbin
PATH: /usr/local/mysql/bin
PATH: /usr/local/bin
PATH: /Users/shivendrasrivastava/.jenv/bin
PATH: /usr/local/pcre/bin
PATH: /usr/local/sbin
PATH: /usr/local/mysql/bin
PATH: /usr/local/bin
PATH: /Users/shivendrasrivastava/.jenv/bin
PATH: /usr/local/sbin
PATH: /usr/local/mysql/bin
PATH: /usr/local/bin
PATH: /Users/shivendrasrivastava/.jenv/bin
PATH: /usr/local/bin
PATH: /usr/bin
PATH: /bin
PATH: /usr/sbin
PATH: /sbin
PATH: /Library/Frameworks/Mono.framework/Versions/Current/Commands
PATH: /Users/shivendrasrivastava/Library/Android/sdk/tools
PATH: /Users/shivendrasrivastava/Library/Android/sdk/platform-tools
PATH: /Users/shivendrasrivastava/Library/Android/sdk/tools
PATH: /Users/shivendrasrivastava/Library/Android/sdk/platform-tools
PATH: /Users/shivendrasrivastava/Library/Android/sdk/tools
PATH: /Users/shivendrasrivastava/Library/Android/sdk/platform-tools


## ----------- ##
## Core tests. ##
## ----------- ##

configure:2493: checking build system type
configure:2507: result: x86_64-apple-darwin16.4.0
configure:2527: checking host system type
configure:2540: result: x86_64-apple-darwin16.4.0
configure:2560: checking target system type
configure:2573: result: x86_64-apple-darwin16.4.0
configure:2617: checking for a BSD-compatible install
configure:2685: result: /usr/bin/install -c
configure:2696: checking whether build environment is sane
configure:2751: result: yes
configure:2902: checking for a thread-safe mkdir -p
configure:2941: result: scripts/build/unix/install-sh -c -d
configure:2948: checking for gawk
configure:2978: result: no
configure:2948: checking for mawk
configure:2978: result: no
configure:2948: checking for nawk
configure:2978: result: no
configure:2948: checking for awk
configure:2964: found /usr/bin/awk
configure:2975: result: awk
configure:2986: checking whether make sets $(MAKE)
configure:3008: result: yes
configure:3037: checking whether make supports nested variables
configure:3054: result: yes
configure:3256: checking for test
configure:3274: found /bin/test
configure:3287: result: /bin/test
configure:3298: checking for grep
configure:3316: found /usr/bin/grep
configure:3329: result: /usr/bin/grep
configure:3340: checking for echo
configure:3358: found /bin/echo
configure:3371: result: /bin/echo
configure:3382: checking for sed
configure:3400: found /usr/bin/sed
configure:3413: result: /usr/bin/sed
configure:3424: checking for cp
configure:3442: found /bin/cp
configure:3455: result: /bin/cp
configure:3466: checking for mkdir
configure:3484: found /bin/mkdir
configure:3497: result: /bin/mkdir
configure:3527: result: need to check for Perl first, apxs depends on it...
configure:3531: checking for perl
configure:3549: found /usr/bin/perl
configure:3562: result: /usr/bin/perl
configure:3645: result: APRINCLUDEDIR is  -I/Users/shivendrasrivastava/Documents/Apache_SAPFieldglass/httpd/include -I/Users/shivendrasrivastava/Documents/Apache_SAPFieldglass/httpd/include
configure:3654: result: building connector for "apache-2.0"
configure:3726: checking for gcc
configure:3753: result: gcc
configure:3982: checking for C compiler version
configure:3991: gcc --version >&5
Apple LLVM version 8.0.0 (clang-800.0.42.1)
Target: x86_64-apple-darwin16.4.0
Thread model: posix
InstalledDir: /Library/Developer/CommandLineTools/usr/bin
Configured with: --prefix=/Library/Developer/CommandLineTools/usr --with-gxx-include-dir=/usr/include/c++/4.2.1
configure:4002: $? = 0
configure:3991: gcc -v >&5
Configured with: --prefix=/Library/Developer/CommandLineTools/usr --with-gxx-include-dir=/usr/include/c++/4.2.1
Apple LLVM version 8.0.0 (clang-800.0.42.1)
Target: x86_64-apple-darwin16.4.0
Thread model: posix
InstalledDir: /Library/Developer/CommandLineTools/usr/bin
configure:4002: $? = 0
configure:3991: gcc -V >&5
clang: error: argument to '-V' is missing (expected 1 value)
clang: error: no input files
configure:4002: $? = 1
configure:3991: gcc -qversion >&5
clang: error: unknown argument: '-qversion'
clang: error: no input files
configure:4002: $? = 1
configure:4022: checking whether the C compiler works
configure:4044: gcc  -DHAVE_CONFIG_H   conftest.c  >&5
configure:4048: $? = 0
configure:4096: result: yes
configure:4099: checking for C compiler default output file name
configure:4101: result: a.out
configure:4107: checking for suffix of executables
configure:4114: gcc -o conftest  -DHAVE_CONFIG_H   conftest.c  >&5
configure:4118: $? = 0
configure:4140: result: 
configure:4162: checking whether we are cross compiling
configure:4170: gcc -o conftest  -DHAVE_CONFIG_H   conftest.c  >&5
configure:4174: $? = 0
configure:4181: ./conftest
configure:4185: $? = 0
configure:4200: result: no
configure:4205: checking for suffix of object files
configure:4227: gcc -c  -DHAVE_CONFIG_H  conftest.c >&5
configure:4231: $? = 0
configure:4252: result: o
configure:4256: checking whether we are using the GNU C compiler
configure:4275: gcc -c  -DHAVE_CONFIG_H  conftest.c >&5
configure:4275: $? = 0
configure:4284: result: yes
configure:4293: checking whether gcc accepts -g
configure:4313: gcc -c -g  conftest.c >&5
configure:4313: $? = 0
configure:4354: result: yes
configure:4371: checking for gcc option to accept ISO C89
configure:4434: gcc  -c  -DHAVE_CONFIG_H  conftest.c >&5
configure:4434: $? = 0
configure:4447: result: none needed
configure:4472: checking whether gcc understands -c and -o together
configure:4494: gcc -c conftest.c -o conftest2.o
configure:4497: $? = 0
configure:4494: gcc -c conftest.c -o conftest2.o
configure:4497: $? = 0
configure:4509: result: yes
configure:4537: checking for style of include used by make
configure:4565: result: GNU
configure:4591: checking dependency style of gcc
configure:4702: result: none
configure:4717: checking for a sed that does not truncate output
configure:4781: result: /usr/bin/sed
configure:4799: checking for grep that handles long lines and -e
configure:4857: result: /usr/bin/grep
configure:4862: checking for egrep
configure:4924: result: /usr/bin/grep -E
configure:4929: checking for fgrep
configure:4991: result: /usr/bin/grep -F
configure:5018: checking how to print strings
configure:5045: result: printf
configure:5078: checking for ld used by gcc
configure:5145: result: /Library/Developer/CommandLineTools/usr/bin/ld
configure:5152: checking if the linker (/Library/Developer/CommandLineTools/usr/bin/ld) is GNU ld
configure:5167: result: no
configure:5229: checking for BSD- or MS-compatible name lister (nm)
configure:5283: result: /usr/bin/nm -B
configure:5413: checking the name lister (/usr/bin/nm -B) interface
configure:5420: gcc -c  -DHAVE_CONFIG_H  conftest.c >&5
configure:5423: /usr/bin/nm -B "conftest.o"
configure:5426: output
0000000000000000 S _some_variable
configure:5433: result: BSD nm
configure:5436: checking whether ln -s works
configure:5440: result: yes
configure:5448: checking the maximum length of command line arguments
configure:5579: result: 196608
configure:5627: checking how to convert x86_64-apple-darwin16.4.0 file names to x86_64-apple-darwin16.4.0 format
configure:5667: result: func_convert_file_noop
configure:5674: checking how to convert x86_64-apple-darwin16.4.0 file names to toolchain format
configure:5694: result: func_convert_file_noop
configure:5701: checking for /Library/Developer/CommandLineTools/usr/bin/ld option to reload object files
configure:5708: result: -r
configure:5782: checking for objdump
configure:5798: found /usr/bin/objdump
configure:5809: result: objdump
configure:5841: checking how to recognize dependent libraries
configure:6041: result: pass_all
configure:6126: checking for dlltool
configure:6156: result: no
configure:6186: checking how to associate runtime and link libraries
configure:6213: result: printf %s\n
configure:6274: checking for ar
configure:6290: found /usr/bin/ar
configure:6301: result: ar
configure:6338: checking for archiver @FILE support
configure:6355: gcc -c  -DHAVE_CONFIG_H  conftest.c >&5
configure:6355: $? = 0
configure:6358: ar cru libconftest.a @conftest.lst >&5
ar: @conftest.lst: No such file or directory
configure:6361: $? = 1
configure:6381: result: no
configure:6439: checking for strip
configure:6455: found /usr/bin/strip
configure:6466: result: strip
configure:6538: checking for ranlib
configure:6554: found /usr/bin/ranlib
configure:6565: result: ranlib
configure:6667: checking command to parse /usr/bin/nm -B output from gcc object
configure:6820: gcc -c  -DHAVE_CONFIG_H  conftest.c >&5
configure:6823: $? = 0
configure:6827: /usr/bin/nm -B conftest.o \| sed -n -e 's/^.*[ ]\([BCDEGRST][BCDEGRST]*\)[ ][ ]*\([_A-Za-z][_A-Za-z0-9]*\)$/\1 \2 \2/p' | sed '/ __gnu_lto/d' \> conftest.nm
configure:6830: $? = 0
cannot find nm_test_var in conftest.nm
configure:6820: gcc -c  -DHAVE_CONFIG_H  conftest.c >&5
configure:6823: $? = 0
configure:6827: /usr/bin/nm -B conftest.o \| sed -n -e 's/^.*[ ]\([BCDEGRST][BCDEGRST]*\)[ ][ ]*_\([_A-Za-z][_A-Za-z0-9]*\)$/\1 _\2 \2/p' | sed '/ __gnu_lto/d' \> conftest.nm
configure:6830: $? = 0
configure:6896: gcc -o conftest  -DHAVE_CONFIG_H   conftest.c conftstm.o >&5
configure:6899: $? = 0
configure:6937: result: ok
configure:6984: checking for sysroot
configure:7014: result: no
configure:7021: checking for a working dd
configure:7059: result: /bin/dd
configure:7063: checking how to truncate binary pipes
configure:7078: result: /bin/dd bs=4096 count=1
configure:7407: checking for mt
configure:7437: result: no
configure:7457: checking if : is a manifest tool
configure:7463: : '-?'
configure:7471: result: no
configure:7527: checking for dsymutil
configure:7543: found /usr/bin/dsymutil
configure:7554: result: dsymutil
configure:7619: checking for nmedit
configure:7635: found /usr/bin/nmedit
configure:7646: result: nmedit
configure:7711: checking for lipo
configure:7727: found /usr/bin/lipo
configure:7738: result: lipo
configure:7803: checking for otool
configure:7819: found /usr/bin/otool
configure:7830: result: otool
configure:7895: checking for otool64
configure:7925: result: no
configure:7970: checking for -single_module linker flag
gcc  -DHAVE_CONFIG_H  -o libconftest.dylib -dynamiclib -Wl,-single_module conftest.c
configure:8003: result: yes
configure:8006: checking for -exported_symbols_list linker flag
configure:8026: gcc -o conftest  -DHAVE_CONFIG_H   -Wl,-exported_symbols_list,conftest.sym conftest.c  >&5
configure:8026: $? = 0
configure:8036: result: yes
configure:8039: checking for -force_load linker flag
gcc  -DHAVE_CONFIG_H -c -o conftest.o conftest.c
ar cru libconftest.a conftest.o
ranlib libconftest.a
gcc  -DHAVE_CONFIG_H  -o conftest conftest.c -Wl,-force_load,./libconftest.a
configure:8071: result: yes
configure:8148: checking how to run the C preprocessor
configure:8179: gcc -E  conftest.c
configure:8179: $? = 0
configure:8193: gcc -E  conftest.c
conftest.c:11:10: fatal error: 'ac_nonexistent.h' file not found
#include <ac_nonexistent.h>
         ^
1 error generated.
configure:8193: $? = 1
configure: failed program was:
| /* confdefs.h */
| #define PACKAGE_NAME "mod_jk"
| #define PACKAGE_TARNAME "mod_jk"
| #define PACKAGE_VERSION "1.2.42"
| #define PACKAGE_STRING "mod_jk 1.2.42"
| #define PACKAGE_BUGREPORT ""
| #define PACKAGE_URL ""
| #define PACKAGE "mod_jk"
| #define VERSION "1.2.42"
| /* end confdefs.h.  */
| #include <ac_nonexistent.h>
configure:8218: result: gcc -E
configure:8238: gcc -E  conftest.c
configure:8238: $? = 0
configure:8252: gcc -E  conftest.c
conftest.c:11:10: fatal error: 'ac_nonexistent.h' file not found
#include <ac_nonexistent.h>
         ^
1 error generated.
configure:8252: $? = 1
configure: failed program was:
| /* confdefs.h */
| #define PACKAGE_NAME "mod_jk"
| #define PACKAGE_TARNAME "mod_jk"
| #define PACKAGE_VERSION "1.2.42"
| #define PACKAGE_STRING "mod_jk 1.2.42"
| #define PACKAGE_BUGREPORT ""
| #define PACKAGE_URL ""
| #define PACKAGE "mod_jk"
| #define VERSION "1.2.42"
| /* end confdefs.h.  */
| #include <ac_nonexistent.h>
configure:8281: checking for ANSI C header files
configure:8301: gcc -c  -DHAVE_CONFIG_H  conftest.c >&5
configure:8301: $? = 0
configure:8374: gcc -o conftest  -DHAVE_CONFIG_H   conftest.c  >&5
configure:8374: $? = 0
configure:8374: ./conftest
configure:8374: $? = 0
configure:8385: result: yes
configure:8398: checking for sys/types.h
configure:8398: gcc -c  -DHAVE_CONFIG_H  conftest.c >&5
configure:8398: $? = 0
configure:8398: result: yes
configure:8398: checking for sys/stat.h
configure:8398: gcc -c  -DHAVE_CONFIG_H  conftest.c >&5
configure:8398: $? = 0
configure:8398: result: yes
configure:8398: checking for stdlib.h
configure:8398: gcc -c  -DHAVE_CONFIG_H  conftest.c >&5
configure:8398: $? = 0
configure:8398: result: yes
configure:8398: checking for string.h
configure:8398: gcc -c  -DHAVE_CONFIG_H  conftest.c >&5
configure:8398: $? = 0
configure:8398: result: yes
configure:8398: checking for memory.h
configure:8398: gcc -c  -DHAVE_CONFIG_H  conftest.c >&5
configure:8398: $? = 0
configure:8398: result: yes
configure:8398: checking for strings.h
configure:8398: gcc -c  -DHAVE_CONFIG_H  conftest.c >&5
configure:8398: $? = 0
configure:8398: result: yes
configure:8398: checking for inttypes.h
configure:8398: gcc -c  -DHAVE_CONFIG_H  conftest.c >&5
configure:8398: $? = 0
configure:8398: result: yes
configure:8398: checking for stdint.h
configure:8398: gcc -c  -DHAVE_CONFIG_H  conftest.c >&5
configure:8398: $? = 0
configure:8398: result: yes
configure:8398: checking for unistd.h
configure:8398: gcc -c  -DHAVE_CONFIG_H  conftest.c >&5
configure:8398: $? = 0
configure:8398: result: yes
configure:8412: checking for dlfcn.h
configure:8412: gcc -c  -DHAVE_CONFIG_H  conftest.c >&5
configure:8412: $? = 0
configure:8412: result: yes
configure:8666: checking for objdir
configure:8681: result: .libs
configure:8941: checking if gcc supports -fno-rtti -fno-exceptions
configure:8959: gcc -c  -DHAVE_CONFIG_H  -fno-rtti -fno-exceptions conftest.c >&5
configure:8963: $? = 0
configure:8976: result: yes
configure:9334: checking for gcc option to produce PIC
configure:9341: result: -fno-common -DPIC
configure:9349: checking if gcc PIC flag -fno-common -DPIC works
configure:9367: gcc -c  -DHAVE_CONFIG_H  -fno-common -DPIC -DPIC conftest.c >&5
configure:9371: $? = 0
configure:9384: result: yes
configure:9413: checking if gcc static flag -static works
configure:9441: result: no
configure:9456: checking if gcc supports -c -o file.o
configure:9477: gcc -c  -DHAVE_CONFIG_H  -o out/conftest2.o conftest.c >&5
configure:9481: $? = 0
configure:9503: result: yes
configure:9511: checking if gcc supports -c -o file.o
configure:9558: result: yes
configure:9591: checking whether the gcc linker (/Library/Developer/CommandLineTools/usr/bin/ld) supports shared libraries
configure:10850: result: yes
configure:11090: checking dynamic linker characteristics
configure:11908: result: darwin16.4.0 dyld
configure:12030: checking how to hardcode library paths into programs
configure:12055: result: immediate
configure:12100: checking for dlopen in -ldl
configure:12125: gcc -o conftest  -DHAVE_CONFIG_H   conftest.c -ldl   >&5
configure:12125: $? = 0
configure:12134: result: yes
configure:12357: checking whether a program can dlopen itself
configure:12437: gcc -o conftest  -DHAVE_CONFIG_H  -DHAVE_DLFCN_H   conftest.c -ldl  >&5
configure:12440: $? = 0
configure:12458: result: yes
configure:12463: checking whether a statically linked program can dlopen itself
configure:12543: gcc -o conftest  -DHAVE_CONFIG_H  -DHAVE_DLFCN_H    conftest.c -ldl  >&5
configure:12546: $? = 0
configure:12564: result: yes
configure:12603: checking whether stripping libraries is possible
configure:12617: result: yes
configure:12643: checking if libtool supports shared libraries
configure:12645: result: yes
configure:12648: checking whether to build shared libraries
configure:12673: result: yes
configure:12676: checking whether to build static libraries
configure:12680: result: yes
configure:12721: result: LIBTOOL="/Users/shivendrasrivastava/Documents/Apache_SAPFieldglass/httpd/build/libtool --silent"
configure:12731: checking size of char
configure:12736: gcc -o conftest  -DHAVE_CONFIG_H   conftest.c  >&5
configure:12736: $? = 0
configure:12736: ./conftest
configure:12736: $? = 0
configure:12750: result: 1
configure:12764: checking size of int
configure:12769: gcc -o conftest  -DHAVE_CONFIG_H   conftest.c  >&5
configure:12769: $? = 0
configure:12769: ./conftest
configure:12769: $? = 0
configure:12783: result: 4
configure:12797: checking size of long
configure:12802: gcc -o conftest  -DHAVE_CONFIG_H   conftest.c  >&5
configure:12802: $? = 0
configure:12802: ./conftest
configure:12802: $? = 0
configure:12816: result: 8
configure:12830: checking size of short
configure:12835: gcc -o conftest  -DHAVE_CONFIG_H   conftest.c  >&5
configure:12835: $? = 0
configure:12835: ./conftest
configure:12835: $? = 0
configure:12849: result: 2
configure:12863: checking size of long double
configure:12868: gcc -o conftest  -DHAVE_CONFIG_H   conftest.c  >&5
configure:12868: $? = 0
configure:12868: ./conftest
configure:12868: $? = 0
configure:12882: result: 16
configure:12896: checking size of long long
configure:12901: gcc -o conftest  -DHAVE_CONFIG_H   conftest.c  >&5
configure:12901: $? = 0
configure:12901: ./conftest
configure:12901: $? = 0
configure:12915: result: 8
configure:12929: checking size of longlong
configure:12934: gcc -o conftest  -DHAVE_CONFIG_H   conftest.c  >&5
conftest.c:62:57: error: use of undeclared identifier 'longlong'
static long int longval () { return (long int) (sizeof (longlong)); }
                                                        ^
conftest.c:63:67: error: use of undeclared identifier 'longlong'
static unsigned long int ulongval () { return (long int) (sizeof (longlong)); }
                                                                  ^
conftest.c:73:28: error: use of undeclared identifier 'longlong'
  if (((long int) (sizeof (longlong))) < 0)
                           ^
conftest.c:76:37: error: use of undeclared identifier 'longlong'
      if (i != ((long int) (sizeof (longlong))))
                                    ^
conftest.c:83:37: error: use of undeclared identifier 'longlong'
      if (i != ((long int) (sizeof (longlong))))
                                    ^
5 errors generated.
configure:12934: $? = 1
configure: program exited with status 1
configure: failed program was:
| /* confdefs.h */
| #define PACKAGE_NAME "mod_jk"
| #define PACKAGE_TARNAME "mod_jk"
| #define PACKAGE_VERSION "1.2.42"
| #define PACKAGE_STRING "mod_jk 1.2.42"
| #define PACKAGE_BUGREPORT ""
| #define PACKAGE_URL ""
| #define PACKAGE "mod_jk"
| #define VERSION "1.2.42"
| #define STDC_HEADERS 1
| #define HAVE_SYS_TYPES_H 1
| #define HAVE_SYS_STAT_H 1
| #define HAVE_STDLIB_H 1
| #define HAVE_STRING_H 1
| #define HAVE_MEMORY_H 1
| #define HAVE_STRINGS_H 1
| #define HAVE_INTTYPES_H 1
| #define HAVE_STDINT_H 1
| #define HAVE_UNISTD_H 1
| #define HAVE_DLFCN_H 1
| #define LT_OBJDIR ".libs/"
| #define SIZEOF_CHAR 1
| #define SIZEOF_INT 4
| #define SIZEOF_LONG 8
| #define SIZEOF_SHORT 2
| #define SIZEOF_LONG_DOUBLE 16
| #define SIZEOF_LONG_LONG 8
| /* end confdefs.h.  */
| #include <stdio.h>
| #ifdef HAVE_SYS_TYPES_H
| # include <sys/types.h>
| #endif
| #ifdef HAVE_SYS_STAT_H
| # include <sys/stat.h>
| #endif
| #ifdef STDC_HEADERS
| # include <stdlib.h>
| # include <stddef.h>
| #else
| # ifdef HAVE_STDLIB_H
| #  include <stdlib.h>
| # endif
| #endif
| #ifdef HAVE_STRING_H
| # if !defined STDC_HEADERS && defined HAVE_MEMORY_H
| #  include <memory.h>
| # endif
| # include <string.h>
| #endif
| #ifdef HAVE_STRINGS_H
| # include <strings.h>
| #endif
| #ifdef HAVE_INTTYPES_H
| # include <inttypes.h>
| #endif
| #ifdef HAVE_STDINT_H
| # include <stdint.h>
| #endif
| #ifdef HAVE_UNISTD_H
| # include <unistd.h>
| #endif
| static long int longval () { return (long int) (sizeof (longlong)); }
| static unsigned long int ulongval () { return (long int) (sizeof (longlong)); }
| #include <stdio.h>
| #include <stdlib.h>
| int
| main ()
| {
| 
|   FILE *f = fopen ("conftest.val", "w");
|   if (! f)
|     return 1;
|   if (((long int) (sizeof (longlong))) < 0)
|     {
|       long int i = longval ();
|       if (i != ((long int) (sizeof (longlong))))
| 	return 1;
|       fprintf (f, "%ld", i);
|     }
|   else
|     {
|       unsigned long int i = ulongval ();
|       if (i != ((long int) (sizeof (longlong))))
| 	return 1;
|       fprintf (f, "%lu", i);
|     }
|   /* Do not output a trailing newline, as this causes \r\n confusion
|      on some platforms.  */
|   return ferror (f) || fclose (f) != 0;
| 
|   ;
|   return 0;
| }
configure:12948: result: 0
configure:13016: checking size of pid_t
configure:13036: gcc -o conftest  -DHAVE_CONFIG_H   conftest.c  >&5
conftest.c:32:1: warning: type specifier missing, defaults to 'int' [-Wimplicit-int]
main()
^
conftest.c:35:11: warning: implicitly declaring library function 'exit' with type 'void (int) __attribute__((noreturn))' [-Wimplicit-function-declaration]
  if (!f) exit(1);
          ^
conftest.c:35:11: note: include the header <stdlib.h> or explicitly provide a declaration for 'exit'
conftest.c:36:22: warning: format specifies type 'int' but the argument has type 'unsigned long' [-Wformat]
  fprintf(f, "%d\n", sizeof(pid_t));
              ~~     ^~~~~~~~~~~~~
              %lu
3 warnings generated.
configure:13036: $? = 0
configure:13036: ./conftest
configure:13036: $? = 0
configure:13046: result: 4
configure:13067: checking size of pthread_t
configure:13087: gcc -o conftest  -DHAVE_CONFIG_H   conftest.c  >&5
conftest.c:33:1: warning: type specifier missing, defaults to 'int' [-Wimplicit-int]
main()
^
conftest.c:36:11: warning: implicitly declaring library function 'exit' with type 'void (int) __attribute__((noreturn))' [-Wimplicit-function-declaration]
  if (!f) exit(1);
          ^
conftest.c:36:11: note: include the header <stdlib.h> or explicitly provide a declaration for 'exit'
conftest.c:37:22: warning: format specifies type 'int' but the argument has type 'unsigned long' [-Wformat]
  fprintf(f, "%d\n", sizeof(pthread_t));
              ~~     ^~~~~~~~~~~~~~~~~
              %lu
3 warnings generated.
configure:13087: $? = 0
configure:13087: ./conftest
configure:13087: $? = 0
configure:13097: result: 8
configure:13146: checking for snprintf
configure:13146: gcc -o conftest  -DHAVE_CONFIG_H   conftest.c  >&5
conftest.c:55:6: warning: incompatible redeclaration of library function 'snprintf' [-Wincompatible-library-redeclaration]
char snprintf ();
     ^
conftest.c:55:6: note: 'snprintf' is a builtin with type 'int (char *, unsigned long, const char *, ...)'
1 warning generated.
configure:13146: $? = 0
configure:13146: result: yes
configure:13153: checking for vsnprintf
configure:13153: gcc -o conftest  -DHAVE_CONFIG_H   conftest.c  >&5
conftest.c:56:6: warning: incompatible redeclaration of library function 'vsnprintf' [-Wincompatible-library-redeclaration]
char vsnprintf ();
     ^
conftest.c:56:6: note: 'vsnprintf' is a builtin with type 'int (char *, unsigned long, const char *, struct __va_list_tag *)'
1 warning generated.
configure:13153: $? = 0
configure:13153: result: yes
configure:13160: checking for flock
configure:13160: gcc -o conftest  -DHAVE_CONFIG_H   conftest.c  >&5
configure:13160: $? = 0
configure:13160: result: yes
configure:13168: checking for setsockopt in -lsocket
configure:13193: gcc -o conftest  -DHAVE_CONFIG_H   conftest.c -lsocket   >&5
ld: library not found for -lsocket
clang: error: linker command failed with exit code 1 (use -v to see invocation)
configure:13193: $? = 1
configure: failed program was:
| /* confdefs.h */
| #define PACKAGE_NAME "mod_jk"
| #define PACKAGE_TARNAME "mod_jk"
| #define PACKAGE_VERSION "1.2.42"
| #define PACKAGE_STRING "mod_jk 1.2.42"
| #define PACKAGE_BUGREPORT ""
| #define PACKAGE_URL ""
| #define PACKAGE "mod_jk"
| #define VERSION "1.2.42"
| #define STDC_HEADERS 1
| #define HAVE_SYS_TYPES_H 1
| #define HAVE_SYS_STAT_H 1
| #define HAVE_STDLIB_H 1
| #define HAVE_STRING_H 1
| #define HAVE_MEMORY_H 1
| #define HAVE_STRINGS_H 1
| #define HAVE_INTTYPES_H 1
| #define HAVE_STDINT_H 1
| #define HAVE_UNISTD_H 1
| #define HAVE_DLFCN_H 1
| #define LT_OBJDIR ".libs/"
| #define SIZEOF_CHAR 1
| #define SIZEOF_INT 4
| #define SIZEOF_LONG 8
| #define SIZEOF_SHORT 2
| #define SIZEOF_LONG_DOUBLE 16
| #define SIZEOF_LONG_LONG 8
| #define SIZEOF_LONGLONG 0
| #define SIZEOF_PID_T 4
| #define SIZEOF_PTHREAD_T 8
| #define HAVE_SNPRINTF 1
| #define HAVE_VSNPRINTF 1
| #define HAVE_FLOCK 1
| /* end confdefs.h.  */
| 
| /* Override any GCC internal prototype to avoid an error.
|    Use char because int might match the return type of a GCC
|    builtin and then its argument prototype would still apply.  */
| #ifdef __cplusplus
| extern "C"
| #endif
| char setsockopt ();
| int
| main ()
| {
| return setsockopt ();
|   ;
|   return 0;
| }
configure:13202: result: no
configure:13211: checking sys/filio.h usability
configure:13211: gcc -c  -DHAVE_CONFIG_H  conftest.c >&5
configure:13211: $? = 0
configure:13211: result: yes
configure:13211: checking sys/filio.h presence
configure:13211: gcc -E  conftest.c
configure:13211: $? = 0
configure:13211: result: yes
configure:13211: checking for sys/filio.h
configure:13211: result: yes
configure:13224: checking whether to use SO_RCVTIMEO with setsockopt()
configure:13263: gcc -o conftest  -DHAVE_CONFIG_H   conftest.c  >&5
conftest.c:52:9: warning: implicitly declaring library function 'exit' with type 'void (int) __attribute__((noreturn))' [-Wimplicit-function-declaration]
        exit(2);
        ^
conftest.c:52:9: note: include the header <stdlib.h> or explicitly provide a declaration for 'exit'
1 warning generated.
configure:13263: $? = 0
configure:13263: ./conftest
configure:13263: $? = 0
configure:13264: result: yes
configure:13280: checking whether to use SO_SNDTIMEO with setsockopt()
configure:13319: gcc -o conftest  -DHAVE_CONFIG_H   conftest.c  >&5
conftest.c:53:9: warning: implicitly declaring library function 'exit' with type 'void (int) __attribute__((noreturn))' [-Wimplicit-function-declaration]
        exit(2);
        ^
conftest.c:53:9: note: include the header <stdlib.h> or explicitly provide a declaration for 'exit'
1 warning generated.
configure:13319: $? = 0
configure:13319: ./conftest
configure:13319: $? = 0
configure:13320: result: yes
configure:13396: checking whether to use SOCK_CLOEXEC with socket()
configure:13427: gcc -o conftest  -DHAVE_CONFIG_H   conftest.c  >&5
conftest.c:48:5: warning: implicitly declaring library function 'exit' with type 'void (int) __attribute__((noreturn))' [-Wimplicit-function-declaration]
    exit(3);
    ^
conftest.c:48:5: note: include the header <stdlib.h> or explicitly provide a declaration for 'exit'
1 warning generated.
configure:13427: $? = 0
configure:13427: ./conftest
configure:13427: $? = 3
configure: program exited with status 3
configure: failed program was:
| /* confdefs.h */
| #define PACKAGE_NAME "mod_jk"
| #define PACKAGE_TARNAME "mod_jk"
| #define PACKAGE_VERSION "1.2.42"
| #define PACKAGE_STRING "mod_jk 1.2.42"
| #define PACKAGE_BUGREPORT ""
| #define PACKAGE_URL ""
| #define PACKAGE "mod_jk"
| #define VERSION "1.2.42"
| #define STDC_HEADERS 1
| #define HAVE_SYS_TYPES_H 1
| #define HAVE_SYS_STAT_H 1
| #define HAVE_STDLIB_H 1
| #define HAVE_STRING_H 1
| #define HAVE_MEMORY_H 1
| #define HAVE_STRINGS_H 1
| #define HAVE_INTTYPES_H 1
| #define HAVE_STDINT_H 1
| #define HAVE_UNISTD_H 1
| #define HAVE_DLFCN_H 1
| #define LT_OBJDIR ".libs/"
| #define SIZEOF_CHAR 1
| #define SIZEOF_INT 4
| #define SIZEOF_LONG 8
| #define SIZEOF_SHORT 2
| #define SIZEOF_LONG_DOUBLE 16
| #define SIZEOF_LONG_LONG 8
| #define SIZEOF_LONGLONG 0
| #define SIZEOF_PID_T 4
| #define SIZEOF_PTHREAD_T 8
| #define HAVE_SNPRINTF 1
| #define HAVE_VSNPRINTF 1
| #define HAVE_FLOCK 1
| #define HAVE_SYS_FILIO_H 1
| #define USE_SO_RCVTIMEO 1
| #define USE_SO_SNDTIMEO 1
| /* end confdefs.h.  */
| 
| #include <sys/types.h>
| #include <sys/socket.h>
| #include <sys/time.h>
| 
| int main(void)
| {
|     int s;
| 
| #ifndef SOCK_CLOEXEC
|     exit(3);
| #else
|     if ((s = socket(AF_INET, SOCK_STREAM | SOCK_CLOEXEC, 0)) == -1)
|         exit(2);
| 
|     exit(0);
| #endif
| }
| 
| 
configure:13434: result: no
configure:13449: checking poll.h usability
configure:13449: gcc -c  -DHAVE_CONFIG_H  conftest.c >&5
configure:13449: $? = 0
configure:13449: result: yes
configure:13449: checking poll.h presence
configure:13449: gcc -E  conftest.c
configure:13449: $? = 0
configure:13449: result: yes
configure:13449: checking for poll.h
configure:13449: result: yes
configure:13459: checking for poll
configure:13459: gcc -o conftest  -DHAVE_CONFIG_H   conftest.c  >&5
configure:13459: $? = 0
configure:13459: result: yes
configure:13468: checking netinet/in.h usability
configure:13468: gcc -c  -DHAVE_CONFIG_H  conftest.c >&5
configure:13468: $? = 0
configure:13468: result: yes
configure:13468: checking netinet/in.h presence
configure:13468: gcc -E  conftest.c
configure:13468: $? = 0
configure:13468: result: yes
configure:13468: checking for netinet/in.h
configure:13468: result: yes
configure:13480: checking netdb.h usability
configure:13480: gcc -c  -DHAVE_CONFIG_H  conftest.c >&5
configure:13480: $? = 0
configure:13480: result: yes
configure:13480: checking netdb.h presence
configure:13480: gcc -E  conftest.c
configure:13480: $? = 0
configure:13480: result: yes
configure:13480: checking for netdb.h
configure:13480: result: yes
configure:13494: checking for IPv6 with socket()
configure:13520: gcc -o conftest  -DHAVE_CONFIG_H   conftest.c  >&5
conftest.c:52:9: warning: implicitly declaring library function 'exit' with type 'void (int) __attribute__((noreturn))' [-Wimplicit-function-declaration]
        exit(2);
        ^
conftest.c:52:9: note: include the header <stdlib.h> or explicitly provide a declaration for 'exit'
1 warning generated.
configure:13520: $? = 0
configure:13520: ./conftest
configure:13520: $? = 0
configure:13521: result: yes
configure:13537: checking for struct sockaddr_storage
configure:13560: gcc -o conftest  -DHAVE_CONFIG_H   conftest.c  >&5
conftest.c:51:5: warning: implicitly declaring library function 'exit' with type 'void (int) __attribute__((noreturn))' [-Wimplicit-function-declaration]
    exit(sizeof(sa) == 0);
    ^
conftest.c:51:5: note: include the header <stdlib.h> or explicitly provide a declaration for 'exit'
1 warning generated.
configure:13560: $? = 0
configure:13560: ./conftest
configure:13560: $? = 0
configure:13561: result: yes
configure:13576: checking for getaddrinfo
configure:13576: gcc -o conftest  -DHAVE_CONFIG_H   conftest.c  >&5
configure:13576: $? = 0
configure:13576: result: yes
configure:13583: checking for gethostbyname_r
configure:13583: gcc -o conftest  -DHAVE_CONFIG_H   conftest.c  >&5
Undefined symbols for architecture x86_64:
  "_gethostbyname_r", referenced from:
      _main in conftest-cb62d8.o
ld: symbol(s) not found for architecture x86_64
clang: error: linker command failed with exit code 1 (use -v to see invocation)
configure:13583: $? = 1
configure: failed program was:
| /* confdefs.h */
| #define PACKAGE_NAME "mod_jk"
| #define PACKAGE_TARNAME "mod_jk"
| #define PACKAGE_VERSION "1.2.42"
| #define PACKAGE_STRING "mod_jk 1.2.42"
| #define PACKAGE_BUGREPORT ""
| #define PACKAGE_URL ""
| #define PACKAGE "mod_jk"
| #define VERSION "1.2.42"
| #define STDC_HEADERS 1
| #define HAVE_SYS_TYPES_H 1
| #define HAVE_SYS_STAT_H 1
| #define HAVE_STDLIB_H 1
| #define HAVE_STRING_H 1
| #define HAVE_MEMORY_H 1
| #define HAVE_STRINGS_H 1
| #define HAVE_INTTYPES_H 1
| #define HAVE_STDINT_H 1
| #define HAVE_UNISTD_H 1
| #define HAVE_DLFCN_H 1
| #define LT_OBJDIR ".libs/"
| #define SIZEOF_CHAR 1
| #define SIZEOF_INT 4
| #define SIZEOF_LONG 8
| #define SIZEOF_SHORT 2
| #define SIZEOF_LONG_DOUBLE 16
| #define SIZEOF_LONG_LONG 8
| #define SIZEOF_LONGLONG 0
| #define SIZEOF_PID_T 4
| #define SIZEOF_PTHREAD_T 8
| #define HAVE_SNPRINTF 1
| #define HAVE_VSNPRINTF 1
| #define HAVE_FLOCK 1
| #define HAVE_SYS_FILIO_H 1
| #define USE_SO_RCVTIMEO 1
| #define USE_SO_SNDTIMEO 1
| #define HAVE_POLL_H 1
| #define HAVE_POLL 1
| #define HAVE_NETINET_IN_H 1
| #define HAVE_NETDB_H 1
| #define HAVE_AF_INET6 1
| #define HAVE_SOCKADDR_STORAGE 1
| #define HAVE_GETADDRINFO 1
| /* end confdefs.h.  */
| /* Define gethostbyname_r to an innocuous variant, in case <limits.h> declares gethostbyname_r.
|    For example, HP-UX 11i <limits.h> declares gettimeofday.  */
| #define gethostbyname_r innocuous_gethostbyname_r
| 
| /* System header to define __stub macros and hopefully few prototypes,
|     which can conflict with char gethostbyname_r (); below.
|     Prefer <limits.h> to <assert.h> if __STDC__ is defined, since
|     <limits.h> exists even on freestanding compilers.  */
| 
| #ifdef __STDC__
| # include <limits.h>
| #else
| # include <assert.h>
| #endif
| 
| #undef gethostbyname_r
| 
| /* Override any GCC internal prototype to avoid an error.
|    Use char because int might match the return type of a GCC
|    builtin and then its argument prototype would still apply.  */
| #ifdef __cplusplus
| extern "C"
| #endif
| char gethostbyname_r ();
| /* The GNU C library defines this for functions which it implements
|     to always fail with ENOSYS.  Some functions are actually named
|     something starting with __ and the normal name is an alias.  */
| #if defined __stub_gethostbyname_r || defined __stub___gethostbyname_r
| choke me
| #endif
| 
| int
| main ()
| {
| return gethostbyname_r ();
|   ;
|   return 0;
| }
configure:13583: result: no
configure:13593: checking whether the compiler provides atomic builtins
configure:13619: gcc -o conftest  -DHAVE_CONFIG_H   conftest.c  >&5
configure:13619: $? = 0
configure:13619: ./conftest
configure:13619: $? = 0
configure:13620: result: yes
configure:13638: checking for target platform
configure:13662: result: unix
configure:13742: result: no apache given
configure:13766: result: no netscape given
configure:14041: checking that generated files are newer than configure
configure:14047: result: done
configure:14074: creating ./config.status

## ---------------------- ##
## Running config.status. ##
## ---------------------- ##

This file was extended by mod_jk config.status 1.2.42, which was
generated by GNU Autoconf 2.69.  Invocation command line was

  CONFIG_FILES    = 
  CONFIG_HEADERS  = 
  CONFIG_LINKS    = 
  CONFIG_COMMANDS = 
  $ ./config.status 

on SSrivastava-MacBook-Pro.local

config.status:1144: creating Makefile
config.status:1144: creating apache-1.3/Makefile
config.status:1144: creating apache-1.3/Makefile.apxs
config.status:1144: creating apache-2.0/Makefile
config.status:1144: creating apache-2.0/Makefile.apxs
config.status:1144: creating common/Makefile
config.status:1144: creating common/list.mk
config.status:1144: creating common/jk_types.h
config.status:1144: creating common/config.h
config.status:1373: executing depfiles commands
config.status:1373: executing libtool commands

## ---------------- ##
## Cache variables. ##
## ---------------- ##

ac_cv_build=x86_64-apple-darwin16.4.0
ac_cv_c_compiler_gnu=yes
ac_cv_env_CC_set=
ac_cv_env_CC_value=
ac_cv_env_CFLAGS_set=
ac_cv_env_CFLAGS_value=
ac_cv_env_CPPFLAGS_set=
ac_cv_env_CPPFLAGS_value=
ac_cv_env_CPP_set=
ac_cv_env_CPP_value=
ac_cv_env_LDFLAGS_set=
ac_cv_env_LDFLAGS_value=
ac_cv_env_LIBS_set=
ac_cv_env_LIBS_value=
ac_cv_env_LT_SYS_LIBRARY_PATH_set=
ac_cv_env_LT_SYS_LIBRARY_PATH_value=
ac_cv_env_build_alias_set=
ac_cv_env_build_alias_value=
ac_cv_env_host_alias_set=
ac_cv_env_host_alias_value=
ac_cv_env_target_alias_set=
ac_cv_env_target_alias_value=
ac_cv_func_flock=yes
ac_cv_func_getaddrinfo=yes
ac_cv_func_gethostbyname_r=no
ac_cv_func_poll=yes
ac_cv_func_snprintf=yes
ac_cv_func_vsnprintf=yes
ac_cv_header_dlfcn_h=yes
ac_cv_header_inttypes_h=yes
ac_cv_header_memory_h=yes
ac_cv_header_netdb_h=yes
ac_cv_header_netinet_in_h=yes
ac_cv_header_poll_h=yes
ac_cv_header_stdc=yes
ac_cv_header_stdint_h=yes
ac_cv_header_stdlib_h=yes
ac_cv_header_string_h=yes
ac_cv_header_strings_h=yes
ac_cv_header_sys_filio_h=yes
ac_cv_header_sys_stat_h=yes
ac_cv_header_sys_types_h=yes
ac_cv_header_unistd_h=yes
ac_cv_host=x86_64-apple-darwin16.4.0
ac_cv_lib_dl_dlopen=yes
ac_cv_lib_socket_setsockopt=no
ac_cv_objext=o
ac_cv_path_CP=/bin/cp
ac_cv_path_ECHO=/bin/echo
ac_cv_path_EGREP='/usr/bin/grep -E'
ac_cv_path_FGREP='/usr/bin/grep -F'
ac_cv_path_GREP=/usr/bin/grep
ac_cv_path_MKDIR=/bin/mkdir
ac_cv_path_PERL=/usr/bin/perl
ac_cv_path_SED=/usr/bin/sed
ac_cv_path_TEST=/bin/test
ac_cv_path_install='/usr/bin/install -c'
ac_cv_path_lt_DD=/bin/dd
ac_cv_prog_AWK=awk
ac_cv_prog_CPP='gcc -E'
ac_cv_prog_ac_ct_AR=ar
ac_cv_prog_ac_ct_CC=gcc
ac_cv_prog_ac_ct_DSYMUTIL=dsymutil
ac_cv_prog_ac_ct_LIPO=lipo
ac_cv_prog_ac_ct_NMEDIT=nmedit
ac_cv_prog_ac_ct_OBJDUMP=objdump
ac_cv_prog_ac_ct_OTOOL=otool
ac_cv_prog_ac_ct_RANLIB=ranlib
ac_cv_prog_ac_ct_STRIP=strip
ac_cv_prog_cc_c89=
ac_cv_prog_cc_g=yes
ac_cv_prog_make_make_set=yes
ac_cv_sizeof_char=1
ac_cv_sizeof_int=4
ac_cv_sizeof_long=8
ac_cv_sizeof_long_double=16
ac_cv_sizeof_long_long=8
ac_cv_sizeof_longlong=0
ac_cv_sizeof_pid_t=4
ac_cv_sizeof_pthread_t=8
ac_cv_sizeof_short=2
ac_cv_target=x86_64-apple-darwin16.4.0
am_cv_CC_dependencies_compiler_type=none
am_cv_make_support_nested_variables=yes
am_cv_prog_cc_c_o=yes
lt_cv_apple_cc_single_mod=yes
lt_cv_ar_at_file=no
lt_cv_deplibs_check_method=pass_all
lt_cv_dlopen=dlopen
lt_cv_dlopen_libs=-ldl
lt_cv_dlopen_self=yes
lt_cv_dlopen_self_static=yes
lt_cv_file_magic_cmd='$MAGIC_CMD'
lt_cv_file_magic_test_file=
lt_cv_ld_exported_symbols_list=yes
lt_cv_ld_force_load=yes
lt_cv_ld_reload_flag=-r
lt_cv_nm_interface='BSD nm'
lt_cv_objdir=.libs
lt_cv_path_LD=/Library/Developer/CommandLineTools/usr/bin/ld
lt_cv_path_NM='/usr/bin/nm -B'
lt_cv_path_mainfest_tool=no
lt_cv_prog_compiler_c_o=yes
lt_cv_prog_compiler_pic='-fno-common -DPIC'
lt_cv_prog_compiler_pic_works=yes
lt_cv_prog_compiler_rtti_exceptions=yes
lt_cv_prog_compiler_static_works=no
lt_cv_prog_gnu_ld=no
lt_cv_sharedlib_from_linklib_cmd='printf %s\n'
lt_cv_sys_global_symbol_pipe='sed -n -e '\''s/^.*[	 ]\([BCDEGRST][BCDEGRST]*\)[	 ][	 ]*_\([_A-Za-z][_A-Za-z0-9]*\)$/\1 _\2 \2/p'\'' | sed '\''/ __gnu_lto/d'\'''
lt_cv_sys_global_symbol_to_c_name_address='sed -n -e '\''s/^: \(.*\) .*$/  {"\1", (void *) 0},/p'\'' -e '\''s/^[BCDEGRST][BCDEGRST]* .* \(.*\)$/  {"\1", (void *) \&\1},/p'\'''
lt_cv_sys_global_symbol_to_c_name_address_lib_prefix='sed -n -e '\''s/^: \(.*\) .*$/  {"\1", (void *) 0},/p'\'' -e '\''s/^[BCDEGRST][BCDEGRST]* .* \(lib.*\)$/  {"\1", (void *) \&\1},/p'\'' -e '\''s/^[BCDEGRST][BCDEGRST]* .* \(.*\)$/  {"lib\1", (void *) \&\1},/p'\'''
lt_cv_sys_global_symbol_to_cdecl='sed -n -e '\''s/^T .* \(.*\)$/extern int \1();/p'\'' -e '\''s/^[BCDEGRST][BCDEGRST]* .* \(.*\)$/extern char \1;/p'\'''
lt_cv_sys_global_symbol_to_import=
lt_cv_sys_max_cmd_len=196608
lt_cv_to_host_file_cmd=func_convert_file_noop
lt_cv_to_tool_file_cmd=func_convert_file_noop
lt_cv_truncate_bin='/bin/dd bs=4096 count=1'

## ----------------- ##
## Output variables. ##
## ----------------- ##

ACLOCAL='${SHELL} /Users/shivendrasrivastava/Documents/Apache_SAPFieldglass/tomcat-connectors-1.2.42-src/native/scripts/build/unix/missing aclocal-1.15'
AMDEPBACKSLASH='\'
AMDEP_FALSE='#'
AMDEP_TRUE=''
AMTAR='$${TAR-tar}'
AM_BACKSLASH='\'
AM_DEFAULT_V='$(AM_DEFAULT_VERBOSITY)'
AM_DEFAULT_VERBOSITY='1'
AM_V='$(V)'
APACHE20_OEXT='.c'
APACHE_CONFIG_VARS='/Users/shivendrasrivastava/Documents/Apache_SAPFieldglass/httpd/build/config_vars.mk'
APACHE_DIR='/Users/shivendrasrivastava/Documents/Apache_SAPFieldglass/httpd'
APXS='/Users/shivendrasrivastava/Documents/Apache_SAPFieldglass/httpd/bin/apxs'
APXSCFLAGS=' -g -O2 -DHAVE_APR  -I/Users/shivendrasrivastava/Documents/Apache_SAPFieldglass/httpd/include -I/Users/shivendrasrivastava/Documents/Apache_SAPFieldglass/httpd/include  -DHAVE_CONFIG_H'
APXSCPPFLAGS='-DDARWIN -DSIGPROCMASK_SETS_THREAD_MASK -DDARWIN_10'
APXSLDFLAGS=''
AR='ar'
AUTOCONF='${SHELL} /Users/shivendrasrivastava/Documents/Apache_SAPFieldglass/tomcat-connectors-1.2.42-src/native/scripts/build/unix/missing autoconf'
AUTOHEADER='${SHELL} /Users/shivendrasrivastava/Documents/Apache_SAPFieldglass/tomcat-connectors-1.2.42-src/native/scripts/build/unix/missing autoheader'
AUTOMAKE='${SHELL} /Users/shivendrasrivastava/Documents/Apache_SAPFieldglass/tomcat-connectors-1.2.42-src/native/scripts/build/unix/missing automake-1.15'
AWK='awk'
CC='gcc'
CCDEPMODE='depmode=none'
CFLAGS=' -DHAVE_CONFIG_H'
CP='/bin/cp'
CPP='gcc -E'
CPPFLAGS=''
CYGPATH_W='echo'
DEFS='-DHAVE_CONFIG_H'
DEPDIR='.deps'
DLLTOOL='false'
DSYMUTIL='dsymutil'
DUMPBIN=''
ECHO='printf %s\n'
ECHO_C='\c'
ECHO_N=''
ECHO_T=''
EGREP='/usr/bin/grep -E'
EXEEXT=''
FGREP='/usr/bin/grep -F'
GREP='/usr/bin/grep'
INSTALL_DATA='${INSTALL} -m 644'
INSTALL_PROGRAM='${INSTALL}'
INSTALL_SCRIPT='${INSTALL}'
INSTALL_STRIP_PROGRAM='$(install_sh) -c -s'
INSTALL_TYPE='install_dynamic'
LD='/Library/Developer/CommandLineTools/usr/bin/ld'
LDFLAGS=''
LIBOBJS=''
LIBS=''
LIBTOOL='/Users/shivendrasrivastava/Documents/Apache_SAPFieldglass/httpd/build/libtool --silent'
LIB_JK_TYPE='mod_jk.so'
LIPO='lipo'
LN_S='ln -s'
LTLIBOBJS=''
LT_SYS_LIBRARY_PATH=''
MAKEINFO='${SHELL} /Users/shivendrasrivastava/Documents/Apache_SAPFieldglass/tomcat-connectors-1.2.42-src/native/scripts/build/unix/missing makeinfo'
MAKE_DYNAMIC_APACHE_FALSE='#'
MAKE_DYNAMIC_APACHE_TRUE=''
MANIFEST_TOOL=':'
MKDIR='/bin/mkdir'
MKDIR_P='scripts/build/unix/install-sh -c -d'
NM='/usr/bin/nm -B'
NMEDIT='nmedit'
OBJDUMP='objdump'
OBJEXT='o'
OTOOL64=':'
OTOOL='otool'
PACKAGE='mod_jk'
PACKAGE_BUGREPORT=''
PACKAGE_NAME='mod_jk'
PACKAGE_STRING='mod_jk 1.2.42'
PACKAGE_TARNAME='mod_jk'
PACKAGE_URL=''
PACKAGE_VERSION='1.2.42'
PATH_SEPARATOR=':'
PERL='/usr/bin/perl'
RANLIB='ranlib'
SED='/usr/bin/sed'
SET_MAKE=''
SHELL='/bin/sh'
STRIP='strip'
TEST='/bin/test'
VERSION='1.2.42'
WEBSERVER='common apache-2.0'
ac_ct_AR='ar'
ac_ct_CC='gcc'
ac_ct_DUMPBIN=''
am__EXEEXT_FALSE=''
am__EXEEXT_TRUE='#'
am__fastdepCC_FALSE=''
am__fastdepCC_TRUE='#'
am__include='include'
am__isrc=''
am__leading_dot='.'
am__nodep='_no'
am__quote=''
am__tar='$${TAR-tar} chof - "$$tardir"'
am__untar='$${TAR-tar} xf -'
apache_include='-I/Users/shivendrasrivastava/Documents/Apache_SAPFieldglass/httpd/include'
bindir='${exec_prefix}/bin'
build='x86_64-apple-darwin16.4.0'
build_alias=''
build_cpu='x86_64'
build_os='darwin16.4.0'
build_vendor='apple'
datadir='${datarootdir}'
datarootdir='${prefix}/share'
docdir='${datarootdir}/doc/${PACKAGE_TARNAME}'
dvidir='${docdir}'
exec_prefix='${prefix}'
host='x86_64-apple-darwin16.4.0'
host_alias=''
host_cpu='x86_64'
host_os='darwin16.4.0'
host_vendor='apple'
htmldir='${docdir}'
includedir='${prefix}/include'
infodir='${datarootdir}/info'
install_sh='${SHELL} /Users/shivendrasrivastava/Documents/Apache_SAPFieldglass/tomcat-connectors-1.2.42-src/native/scripts/build/unix/install-sh'
int32_t_fmt='#define JK_INT32_T_FMT "d"'
int32_value='int'
int64_t_fmt='#define JK_INT64_T_FMT "ld"'
int64_value='long'
libdir='${exec_prefix}/lib'
libexecdir='${exec_prefix}/libexec'
localedir='${datarootdir}/locale'
localstatedir='${prefix}/var'
mandir='${datarootdir}/man'
mkdir_p='$(MKDIR_P)'
oldincludedir='/usr/include'
pdfdir='${docdir}'
pid_t_fmt='#define JK_PID_T_FMT "d"'
prefix='/usr/local'
program_transform_name='s,x,x,'
psdir='${docdir}'
pthread_t_fmt='#define JK_PTHREAD_T_FMT "lu"'
pthread_t_value='long'
sbindir='${exec_prefix}/sbin'
sharedstatedir='${prefix}/com'
sysconfdir='${prefix}/etc'
target='x86_64-apple-darwin16.4.0'
target_alias=''
target_cpu='x86_64'
target_os='darwin16.4.0'
target_vendor='apple'
uint32_t_fmt='#define JK_UINT32_T_FMT "u"'
uint32_t_hex_fmt='#define JK_UINT32_T_HEX_FMT "x"'
uint64_t_fmt='#define JK_UINT64_T_FMT "lu"'
uint64_t_hex_fmt='#define JK_UINT64_T_HEX_FMT "lx"'

## ----------- ##
## confdefs.h. ##
## ----------- ##

/* confdefs.h */
#define PACKAGE_NAME "mod_jk"
#define PACKAGE_TARNAME "mod_jk"
#define PACKAGE_VERSION "1.2.42"
#define PACKAGE_STRING "mod_jk 1.2.42"
#define PACKAGE_BUGREPORT ""
#define PACKAGE_URL ""
#define PACKAGE "mod_jk"
#define VERSION "1.2.42"
#define STDC_HEADERS 1
#define HAVE_SYS_TYPES_H 1
#define HAVE_SYS_STAT_H 1
#define HAVE_STDLIB_H 1
#define HAVE_STRING_H 1
#define HAVE_MEMORY_H 1
#define HAVE_STRINGS_H 1
#define HAVE_INTTYPES_H 1
#define HAVE_STDINT_H 1
#define HAVE_UNISTD_H 1
#define HAVE_DLFCN_H 1
#define LT_OBJDIR ".libs/"
#define SIZEOF_CHAR 1
#define SIZEOF_INT 4
#define SIZEOF_LONG 8
#define SIZEOF_SHORT 2
#define SIZEOF_LONG_DOUBLE 16
#define SIZEOF_LONG_LONG 8
#define SIZEOF_LONGLONG 0
#define SIZEOF_PID_T 4
#define SIZEOF_PTHREAD_T 8
#define HAVE_SNPRINTF 1
#define HAVE_VSNPRINTF 1
#define HAVE_FLOCK 1
#define HAVE_SYS_FILIO_H 1
#define USE_SO_RCVTIMEO 1
#define USE_SO_SNDTIMEO 1
#define HAVE_POLL_H 1
#define HAVE_POLL 1
#define HAVE_NETINET_IN_H 1
#define HAVE_NETDB_H 1
#define HAVE_AF_INET6 1
#define HAVE_SOCKADDR_STORAGE 1
#define HAVE_GETADDRINFO 1
#define HAVE_ATOMIC_BUILTINS 1

configure: exit 0
