This file contains any messages produced by compilers while
running configure, to aid debugging if configure makes a mistake.

It was created by configure, which was
generated by GNU Autoconf 2.69.  Invocation command line was

  $ ./configure --prefix=/Users/shivendrasrivastava/Documents/Apache_SAPFieldglass/httpd --with-pcre=/usr/local/pcre

## --------- ##
## Platform. ##
## --------- ##

hostname = SSrivastava-MacBook-Pro.local
uname -m = x86_64
uname -r = 16.4.0
uname -s = Darwin
uname -v = Darwin Kernel Version 16.4.0: Thu Dec 22 22:53:21 PST 2016; root:xnu-3789.41.3~3/RELEASE_X86_64

/usr/bin/uname -p = i386
/bin/uname -X     = unknown

/bin/arch              = unknown
/usr/bin/arch -k       = unknown
/usr/convex/getsysinfo = unknown
/usr/bin/hostinfo      = Mach kernel version:
	 Darwin Kernel Version 16.4.0: Thu Dec 22 22:53:21 PST 2016; root:xnu-3789.41.3~3/RELEASE_X86_64
Kernel configured for up to 8 processors.
4 processors are physically available.
8 processors are logically available.
Processor type: x86_64h (Intel x86-64h Haswell)
Processors active: 0 1 2 3 4 5 6 7
Primary memory available: 16.00 gigabytes
Default processor set: 391 tasks, 2241 threads, 8 processors
Load average: 2.77, Mach factor: 5.22
/bin/machine           = unknown
/usr/bin/oslevel       = unknown
/bin/universe          = unknown

PATH: /usr/local/pcre/bin
PATH: /usr/local/sbin
PATH: /usr/local/mysql/bin
PATH: /usr/local/bin
PATH: /Users/shivendrasrivastava/.jenv/bin
PATH: /usr/local/pcre/bin
PATH: /usr/local/sbin
PATH: /usr/local/mysql/bin
PATH: /usr/local/bin
PATH: /Users/shivendrasrivastava/.jenv/bin
PATH: /usr/local/sbin
PATH: /usr/local/mysql/bin
PATH: /usr/local/bin
PATH: /Users/shivendrasrivastava/.jenv/bin
PATH: /usr/local/bin
PATH: /usr/bin
PATH: /bin
PATH: /usr/sbin
PATH: /sbin
PATH: /Library/Frameworks/Mono.framework/Versions/Current/Commands
PATH: /Users/shivendrasrivastava/Library/Android/sdk/tools
PATH: /Users/shivendrasrivastava/Library/Android/sdk/platform-tools
PATH: /Users/shivendrasrivastava/Library/Android/sdk/tools
PATH: /Users/shivendrasrivastava/Library/Android/sdk/platform-tools
PATH: /Users/shivendrasrivastava/Library/Android/sdk/tools
PATH: /Users/shivendrasrivastava/Library/Android/sdk/platform-tools


## ----------- ##
## Core tests. ##
## ----------- ##

configure:3098: checking for chosen layout
configure:3100: result: Apache
configure:3903: checking for working mkdir -p
configure:3919: result: yes
configure:3928: checking for grep that handles long lines and -e
configure:3986: result: /usr/bin/grep
configure:3991: checking for egrep
configure:4053: result: /usr/bin/grep -E
configure:4069: checking build system type
configure:4083: result: x86_64-apple-darwin16.4.0
configure:4103: checking host system type
configure:4116: result: x86_64-apple-darwin16.4.0
configure:4136: checking target system type
configure:4149: result: x86_64-apple-darwin16.4.0
configure:4179: 
configure:4181: Configuring Apache Portable Runtime library...
configure:4183: 
configure:4224: checking for APR
configure:4369: result: reconfig
configure:4629: 
configure:4631: Configuring Apache Portable Runtime Utility library...
configure:4633: 
configure:4670: checking for APR-util
configure:4749: result: reconfig
configure:5010: checking for gcc
configure:5037: result: gcc
configure:5266: checking for C compiler version
configure:5275: gcc --version >&5
Apple LLVM version 8.0.0 (clang-800.0.42.1)
Target: x86_64-apple-darwin16.4.0
Thread model: posix
InstalledDir: /Library/Developer/CommandLineTools/usr/bin
Configured with: --prefix=/Library/Developer/CommandLineTools/usr --with-gxx-include-dir=/usr/include/c++/4.2.1
configure:5286: $? = 0
configure:5275: gcc -v >&5
Configured with: --prefix=/Library/Developer/CommandLineTools/usr --with-gxx-include-dir=/usr/include/c++/4.2.1
Apple LLVM version 8.0.0 (clang-800.0.42.1)
Target: x86_64-apple-darwin16.4.0
Thread model: posix
InstalledDir: /Library/Developer/CommandLineTools/usr/bin
configure:5286: $? = 0
configure:5275: gcc -V >&5
clang: error: argument to '-V' is missing (expected 1 value)
clang: error: no input files
configure:5286: $? = 1
configure:5275: gcc -qversion >&5
clang: error: unknown argument: '-qversion'
clang: error: no input files
configure:5286: $? = 1
configure:5306: checking whether the C compiler works
configure:5328: gcc  -g -O2  -DDARWIN -DSIGPROCMASK_SETS_THREAD_MASK -DDARWIN_10   conftest.c  >&5
configure:5332: $? = 0
configure:5380: result: yes
configure:5383: checking for C compiler default output file name
configure:5385: result: a.out
configure:5391: checking for suffix of executables
configure:5398: gcc -o conftest  -g -O2  -DDARWIN -DSIGPROCMASK_SETS_THREAD_MASK -DDARWIN_10   conftest.c  >&5
configure:5402: $? = 0
configure:5424: result: 
configure:5446: checking whether we are cross compiling
configure:5454: gcc -o conftest  -g -O2  -DDARWIN -DSIGPROCMASK_SETS_THREAD_MASK -DDARWIN_10   conftest.c  >&5
configure:5458: $? = 0
configure:5465: ./conftest
configure:5469: $? = 0
configure:5484: result: no
configure:5489: checking for suffix of object files
configure:5511: gcc -c  -g -O2  -DDARWIN -DSIGPROCMASK_SETS_THREAD_MASK -DDARWIN_10 conftest.c >&5
configure:5515: $? = 0
configure:5536: result: o
configure:5540: checking whether we are using the GNU C compiler
configure:5559: gcc -c  -g -O2  -DDARWIN -DSIGPROCMASK_SETS_THREAD_MASK -DDARWIN_10 conftest.c >&5
configure:5559: $? = 0
configure:5568: result: yes
configure:5577: checking whether gcc accepts -g
configure:5597: gcc -c -g  -DDARWIN -DSIGPROCMASK_SETS_THREAD_MASK -DDARWIN_10 conftest.c >&5
configure:5597: $? = 0
configure:5638: result: yes
configure:5655: checking for gcc option to accept ISO C89
configure:5718: gcc  -c  -g -O2  -DDARWIN -DSIGPROCMASK_SETS_THREAD_MASK -DDARWIN_10 conftest.c >&5
configure:5718: $? = 0
configure:5731: result: none needed
configure:5756: checking how to run the C preprocessor
configure:5826: result: gcc -E
configure:5846: gcc -E  -DDARWIN -DSIGPROCMASK_SETS_THREAD_MASK -DDARWIN_10 conftest.c
configure:5846: $? = 0
configure:5860: gcc -E  -DDARWIN -DSIGPROCMASK_SETS_THREAD_MASK -DDARWIN_10 conftest.c
conftest.c:9:10: fatal error: 'ac_nonexistent.h' file not found
#include <ac_nonexistent.h>
         ^
1 error generated.
configure:5860: $? = 1
configure: failed program was:
| /* confdefs.h */
| #define PACKAGE_NAME ""
| #define PACKAGE_TARNAME ""
| #define PACKAGE_VERSION ""
| #define PACKAGE_STRING ""
| #define PACKAGE_BUGREPORT ""
| #define PACKAGE_URL ""
| /* end confdefs.h.  */
| #include <ac_nonexistent.h>
configure:5889: checking for gcc option to accept ISO C99
configure:6038: gcc  -c  -g -O2  -DDARWIN -DSIGPROCMASK_SETS_THREAD_MASK -DDARWIN_10 conftest.c >&5
configure:6038: $? = 0
configure:6051: result: none needed
configure:6082: checking for pcre-config
configure:6100: found /usr/local/pcre/bin/pcre-config
configure:6113: result: /usr/local/pcre/bin/pcre-config
configure:6136: Using external PCRE library from /usr/local/pcre/bin/pcre-config
configure:6188: 
configure:6190: Configuring Apache httpd...
configure:6192: 
configure:6332: 
configure:6334: Applying OS-specific hints for httpd...
configure:6336: 
configure:6502: checking for rm
configure:6520: found /bin/rm
configure:6532: result: /bin/rm
configure:6542: checking for pkg-config
configure:6575: result: no
configure:6582: checking for rsync
configure:6600: found /usr/bin/rsync
configure:6612: result: /usr/bin/rsync
configure:6624: checking for gawk
configure:6654: result: no
configure:6624: checking for mawk
configure:6654: result: no
configure:6624: checking for nawk
configure:6654: result: no
configure:6624: checking for awk
configure:6640: found /usr/bin/awk
configure:6651: result: awk
configure:6662: checking whether ln -s works
configure:6666: result: yes
configure:6716: checking for ranlib
configure:6732: found /usr/bin/ranlib
configure:6743: result: ranlib
configure:6769: checking for lynx
configure:6799: result: no
configure:6769: checking for links
configure:6799: result: no
configure:6769: checking for elinks
configure:6799: result: no
configure:6824: checking for ANSI C header files
configure:6844: gcc -c  -g -O2  -DDARWIN -DSIGPROCMASK_SETS_THREAD_MASK -DDARWIN_10 conftest.c >&5
configure:6844: $? = 0
configure:6917: gcc -o conftest  -g -O2  -DDARWIN -DSIGPROCMASK_SETS_THREAD_MASK -DDARWIN_10   conftest.c  >&5
configure:6917: $? = 0
configure:6917: ./conftest
configure:6917: $? = 0
configure:6928: result: yes
configure:6941: checking for sys/types.h
configure:6941: gcc -c  -g -O2  -DDARWIN -DSIGPROCMASK_SETS_THREAD_MASK -DDARWIN_10 conftest.c >&5
configure:6941: $? = 0
configure:6941: result: yes
configure:6941: checking for sys/stat.h
configure:6941: gcc -c  -g -O2  -DDARWIN -DSIGPROCMASK_SETS_THREAD_MASK -DDARWIN_10 conftest.c >&5
configure:6941: $? = 0
configure:6941: result: yes
configure:6941: checking for stdlib.h
configure:6941: gcc -c  -g -O2  -DDARWIN -DSIGPROCMASK_SETS_THREAD_MASK -DDARWIN_10 conftest.c >&5
configure:6941: $? = 0
configure:6941: result: yes
configure:6941: checking for string.h
configure:6941: gcc -c  -g -O2  -DDARWIN -DSIGPROCMASK_SETS_THREAD_MASK -DDARWIN_10 conftest.c >&5
configure:6941: $? = 0
configure:6941: result: yes
configure:6941: checking for memory.h
configure:6941: gcc -c  -g -O2  -DDARWIN -DSIGPROCMASK_SETS_THREAD_MASK -DDARWIN_10 conftest.c >&5
configure:6941: $? = 0
configure:6941: result: yes
configure:6941: checking for strings.h
configure:6941: gcc -c  -g -O2  -DDARWIN -DSIGPROCMASK_SETS_THREAD_MASK -DDARWIN_10 conftest.c >&5
configure:6941: $? = 0
configure:6941: result: yes
configure:6941: checking for inttypes.h
configure:6941: gcc -c  -g -O2  -DDARWIN -DSIGPROCMASK_SETS_THREAD_MASK -DDARWIN_10 conftest.c >&5
configure:6941: $? = 0
configure:6941: result: yes
configure:6941: checking for stdint.h
configure:6941: gcc -c  -g -O2  -DDARWIN -DSIGPROCMASK_SETS_THREAD_MASK -DDARWIN_10 conftest.c >&5
configure:6941: $? = 0
configure:6941: result: yes
configure:6941: checking for unistd.h
configure:6941: gcc -c  -g -O2  -DDARWIN -DSIGPROCMASK_SETS_THREAD_MASK -DDARWIN_10 conftest.c >&5
configure:6941: $? = 0
configure:6941: result: yes
configure:6954: checking minix/config.h usability
configure:6954: gcc -c  -g -O2  -DDARWIN -DSIGPROCMASK_SETS_THREAD_MASK -DDARWIN_10 conftest.c >&5
conftest.c:52:10: fatal error: 'minix/config.h' file not found
#include <minix/config.h>
         ^
1 error generated.
configure:6954: $? = 1
configure: failed program was:
| /* confdefs.h */
| #define PACKAGE_NAME ""
| #define PACKAGE_TARNAME ""
| #define PACKAGE_VERSION ""
| #define PACKAGE_STRING ""
| #define PACKAGE_BUGREPORT ""
| #define PACKAGE_URL ""
| #define STDC_HEADERS 1
| #define HAVE_SYS_TYPES_H 1
| #define HAVE_SYS_STAT_H 1
| #define HAVE_STDLIB_H 1
| #define HAVE_STRING_H 1
| #define HAVE_MEMORY_H 1
| #define HAVE_STRINGS_H 1
| #define HAVE_INTTYPES_H 1
| #define HAVE_STDINT_H 1
| #define HAVE_UNISTD_H 1
| /* end confdefs.h.  */
| #include <stdio.h>
| #ifdef HAVE_SYS_TYPES_H
| # include <sys/types.h>
| #endif
| #ifdef HAVE_SYS_STAT_H
| # include <sys/stat.h>
| #endif
| #ifdef STDC_HEADERS
| # include <stdlib.h>
| # include <stddef.h>
| #else
| # ifdef HAVE_STDLIB_H
| #  include <stdlib.h>
| # endif
| #endif
| #ifdef HAVE_STRING_H
| # if !defined STDC_HEADERS && defined HAVE_MEMORY_H
| #  include <memory.h>
| # endif
| # include <string.h>
| #endif
| #ifdef HAVE_STRINGS_H
| # include <strings.h>
| #endif
| #ifdef HAVE_INTTYPES_H
| # include <inttypes.h>
| #endif
| #ifdef HAVE_STDINT_H
| # include <stdint.h>
| #endif
| #ifdef HAVE_UNISTD_H
| # include <unistd.h>
| #endif
| #include <minix/config.h>
configure:6954: result: no
configure:6954: checking minix/config.h presence
configure:6954: gcc -E  -DDARWIN -DSIGPROCMASK_SETS_THREAD_MASK -DDARWIN_10 conftest.c
conftest.c:19:10: fatal error: 'minix/config.h' file not found
#include <minix/config.h>
         ^
1 error generated.
configure:6954: $? = 1
configure: failed program was:
| /* confdefs.h */
| #define PACKAGE_NAME ""
| #define PACKAGE_TARNAME ""
| #define PACKAGE_VERSION ""
| #define PACKAGE_STRING ""
| #define PACKAGE_BUGREPORT ""
| #define PACKAGE_URL ""
| #define STDC_HEADERS 1
| #define HAVE_SYS_TYPES_H 1
| #define HAVE_SYS_STAT_H 1
| #define HAVE_STDLIB_H 1
| #define HAVE_STRING_H 1
| #define HAVE_MEMORY_H 1
| #define HAVE_STRINGS_H 1
| #define HAVE_INTTYPES_H 1
| #define HAVE_STDINT_H 1
| #define HAVE_UNISTD_H 1
| /* end confdefs.h.  */
| #include <minix/config.h>
configure:6954: result: no
configure:6954: checking for minix/config.h
configure:6954: result: no
configure:6975: checking whether it is safe to define __EXTENSIONS__
configure:6993: gcc -c  -g -O2  -DDARWIN -DSIGPROCMASK_SETS_THREAD_MASK -DDARWIN_10 conftest.c >&5
configure:6993: $? = 0
configure:7000: result: yes
configure:7016: checking for library containing strerror
configure:7047: gcc -o conftest  -g -O2  -DDARWIN -DSIGPROCMASK_SETS_THREAD_MASK -DDARWIN_10   conftest.c  >&5
conftest.c:31:6: warning: incompatible redeclaration of library function 'strerror' [-Wincompatible-library-redeclaration]
char strerror ();
     ^
conftest.c:31:6: note: 'strerror' is a builtin with type 'char *(int)'
1 warning generated.
configure:7047: $? = 0
configure:7064: result: none required
configure:7269: checking for ANSI C header files
configure:7373: result: yes
configure:7397: checking for string.h
configure:7397: result: yes
configure:7397: checking limits.h usability
configure:7397: gcc -c  -g -O2  -DDARWIN -DSIGPROCMASK_SETS_THREAD_MASK -DDARWIN_10 conftest.c >&5
configure:7397: $? = 0
configure:7397: result: yes
configure:7397: checking limits.h presence
configure:7397: gcc -E  -DDARWIN -DSIGPROCMASK_SETS_THREAD_MASK -DDARWIN_10 conftest.c
configure:7397: $? = 0
configure:7397: result: yes
configure:7397: checking for limits.h
configure:7397: result: yes
configure:7397: checking for unistd.h
configure:7397: result: yes
configure:7397: checking sys/socket.h usability
configure:7397: gcc -c  -g -O2  -DDARWIN -DSIGPROCMASK_SETS_THREAD_MASK -DDARWIN_10 conftest.c >&5
configure:7397: $? = 0
configure:7397: result: yes
configure:7397: checking sys/socket.h presence
configure:7397: gcc -E  -DDARWIN -DSIGPROCMASK_SETS_THREAD_MASK -DDARWIN_10 conftest.c
configure:7397: $? = 0
configure:7397: result: yes
configure:7397: checking for sys/socket.h
configure:7397: result: yes
configure:7397: checking pwd.h usability
configure:7397: gcc -c  -g -O2  -DDARWIN -DSIGPROCMASK_SETS_THREAD_MASK -DDARWIN_10 conftest.c >&5
configure:7397: $? = 0
configure:7397: result: yes
configure:7397: checking pwd.h presence
configure:7397: gcc -E  -DDARWIN -DSIGPROCMASK_SETS_THREAD_MASK -DDARWIN_10 conftest.c
configure:7397: $? = 0
configure:7397: result: yes
configure:7397: checking for pwd.h
configure:7397: result: yes
configure:7397: checking grp.h usability
configure:7397: gcc -c  -g -O2  -DDARWIN -DSIGPROCMASK_SETS_THREAD_MASK -DDARWIN_10 conftest.c >&5
configure:7397: $? = 0
configure:7397: result: yes
configure:7397: checking grp.h presence
configure:7397: gcc -E  -DDARWIN -DSIGPROCMASK_SETS_THREAD_MASK -DDARWIN_10 conftest.c
configure:7397: $? = 0
configure:7397: result: yes
configure:7397: checking for grp.h
configure:7397: result: yes
configure:7397: checking for strings.h
configure:7397: result: yes
configure:7397: checking sys/prctl.h usability
configure:7397: gcc -c  -g -O2  -DDARWIN -DSIGPROCMASK_SETS_THREAD_MASK -DDARWIN_10 conftest.c >&5
conftest.c:65:10: fatal error: 'sys/prctl.h' file not found
#include <sys/prctl.h>
         ^
1 error generated.
configure:7397: $? = 1
configure: failed program was:
| /* confdefs.h */
| #define PACKAGE_NAME ""
| #define PACKAGE_TARNAME ""
| #define PACKAGE_VERSION ""
| #define PACKAGE_STRING ""
| #define PACKAGE_BUGREPORT ""
| #define PACKAGE_URL ""
| #define STDC_HEADERS 1
| #define HAVE_SYS_TYPES_H 1
| #define HAVE_SYS_STAT_H 1
| #define HAVE_STDLIB_H 1
| #define HAVE_STRING_H 1
| #define HAVE_MEMORY_H 1
| #define HAVE_STRINGS_H 1
| #define HAVE_INTTYPES_H 1
| #define HAVE_STDINT_H 1
| #define HAVE_UNISTD_H 1
| #define __EXTENSIONS__ 1
| #define _ALL_SOURCE 1
| #define _GNU_SOURCE 1
| #define _POSIX_PTHREAD_SEMANTICS 1
| #define _TANDEM_SOURCE 1
| #define STDC_HEADERS 1
| #define HAVE_STRING_H 1
| #define HAVE_LIMITS_H 1
| #define HAVE_UNISTD_H 1
| #define HAVE_SYS_SOCKET_H 1
| #define HAVE_PWD_H 1
| #define HAVE_GRP_H 1
| #define HAVE_STRINGS_H 1
| /* end confdefs.h.  */
| #include <stdio.h>
| #ifdef HAVE_SYS_TYPES_H
| # include <sys/types.h>
| #endif
| #ifdef HAVE_SYS_STAT_H
| # include <sys/stat.h>
| #endif
| #ifdef STDC_HEADERS
| # include <stdlib.h>
| # include <stddef.h>
| #else
| # ifdef HAVE_STDLIB_H
| #  include <stdlib.h>
| # endif
| #endif
| #ifdef HAVE_STRING_H
| # if !defined STDC_HEADERS && defined HAVE_MEMORY_H
| #  include <memory.h>
| # endif
| # include <string.h>
| #endif
| #ifdef HAVE_STRINGS_H
| # include <strings.h>
| #endif
| #ifdef HAVE_INTTYPES_H
| # include <inttypes.h>
| #endif
| #ifdef HAVE_STDINT_H
| # include <stdint.h>
| #endif
| #ifdef HAVE_UNISTD_H
| # include <unistd.h>
| #endif
| #include <sys/prctl.h>
configure:7397: result: no
configure:7397: checking sys/prctl.h presence
configure:7397: gcc -E  -DDARWIN -DSIGPROCMASK_SETS_THREAD_MASK -DDARWIN_10 conftest.c
conftest.c:32:10: fatal error: 'sys/prctl.h' file not found
#include <sys/prctl.h>
         ^
1 error generated.
configure:7397: $? = 1
configure: failed program was:
| /* confdefs.h */
| #define PACKAGE_NAME ""
| #define PACKAGE_TARNAME ""
| #define PACKAGE_VERSION ""
| #define PACKAGE_STRING ""
| #define PACKAGE_BUGREPORT ""
| #define PACKAGE_URL ""
| #define STDC_HEADERS 1
| #define HAVE_SYS_TYPES_H 1
| #define HAVE_SYS_STAT_H 1
| #define HAVE_STDLIB_H 1
| #define HAVE_STRING_H 1
| #define HAVE_MEMORY_H 1
| #define HAVE_STRINGS_H 1
| #define HAVE_INTTYPES_H 1
| #define HAVE_STDINT_H 1
| #define HAVE_UNISTD_H 1
| #define __EXTENSIONS__ 1
| #define _ALL_SOURCE 1
| #define _GNU_SOURCE 1
| #define _POSIX_PTHREAD_SEMANTICS 1
| #define _TANDEM_SOURCE 1
| #define STDC_HEADERS 1
| #define HAVE_STRING_H 1
| #define HAVE_LIMITS_H 1
| #define HAVE_UNISTD_H 1
| #define HAVE_SYS_SOCKET_H 1
| #define HAVE_PWD_H 1
| #define HAVE_GRP_H 1
| #define HAVE_STRINGS_H 1
| /* end confdefs.h.  */
| #include <sys/prctl.h>
configure:7397: result: no
configure:7397: checking for sys/prctl.h
configure:7397: result: no
configure:7397: checking sys/processor.h usability
configure:7397: gcc -c  -g -O2  -DDARWIN -DSIGPROCMASK_SETS_THREAD_MASK -DDARWIN_10 conftest.c >&5
conftest.c:65:10: fatal error: 'sys/processor.h' file not found
#include <sys/processor.h>
         ^
1 error generated.
configure:7397: $? = 1
configure: failed program was:
| /* confdefs.h */
| #define PACKAGE_NAME ""
| #define PACKAGE_TARNAME ""
| #define PACKAGE_VERSION ""
| #define PACKAGE_STRING ""
| #define PACKAGE_BUGREPORT ""
| #define PACKAGE_URL ""
| #define STDC_HEADERS 1
| #define HAVE_SYS_TYPES_H 1
| #define HAVE_SYS_STAT_H 1
| #define HAVE_STDLIB_H 1
| #define HAVE_STRING_H 1
| #define HAVE_MEMORY_H 1
| #define HAVE_STRINGS_H 1
| #define HAVE_INTTYPES_H 1
| #define HAVE_STDINT_H 1
| #define HAVE_UNISTD_H 1
| #define __EXTENSIONS__ 1
| #define _ALL_SOURCE 1
| #define _GNU_SOURCE 1
| #define _POSIX_PTHREAD_SEMANTICS 1
| #define _TANDEM_SOURCE 1
| #define STDC_HEADERS 1
| #define HAVE_STRING_H 1
| #define HAVE_LIMITS_H 1
| #define HAVE_UNISTD_H 1
| #define HAVE_SYS_SOCKET_H 1
| #define HAVE_PWD_H 1
| #define HAVE_GRP_H 1
| #define HAVE_STRINGS_H 1
| /* end confdefs.h.  */
| #include <stdio.h>
| #ifdef HAVE_SYS_TYPES_H
| # include <sys/types.h>
| #endif
| #ifdef HAVE_SYS_STAT_H
| # include <sys/stat.h>
| #endif
| #ifdef STDC_HEADERS
| # include <stdlib.h>
| # include <stddef.h>
| #else
| # ifdef HAVE_STDLIB_H
| #  include <stdlib.h>
| # endif
| #endif
| #ifdef HAVE_STRING_H
| # if !defined STDC_HEADERS && defined HAVE_MEMORY_H
| #  include <memory.h>
| # endif
| # include <string.h>
| #endif
| #ifdef HAVE_STRINGS_H
| # include <strings.h>
| #endif
| #ifdef HAVE_INTTYPES_H
| # include <inttypes.h>
| #endif
| #ifdef HAVE_STDINT_H
| # include <stdint.h>
| #endif
| #ifdef HAVE_UNISTD_H
| # include <unistd.h>
| #endif
| #include <sys/processor.h>
configure:7397: result: no
configure:7397: checking sys/processor.h presence
configure:7397: gcc -E  -DDARWIN -DSIGPROCMASK_SETS_THREAD_MASK -DDARWIN_10 conftest.c
conftest.c:32:10: fatal error: 'sys/processor.h' file not found
#include <sys/processor.h>
         ^
1 error generated.
configure:7397: $? = 1
configure: failed program was:
| /* confdefs.h */
| #define PACKAGE_NAME ""
| #define PACKAGE_TARNAME ""
| #define PACKAGE_VERSION ""
| #define PACKAGE_STRING ""
| #define PACKAGE_BUGREPORT ""
| #define PACKAGE_URL ""
| #define STDC_HEADERS 1
| #define HAVE_SYS_TYPES_H 1
| #define HAVE_SYS_STAT_H 1
| #define HAVE_STDLIB_H 1
| #define HAVE_STRING_H 1
| #define HAVE_MEMORY_H 1
| #define HAVE_STRINGS_H 1
| #define HAVE_INTTYPES_H 1
| #define HAVE_STDINT_H 1
| #define HAVE_UNISTD_H 1
| #define __EXTENSIONS__ 1
| #define _ALL_SOURCE 1
| #define _GNU_SOURCE 1
| #define _POSIX_PTHREAD_SEMANTICS 1
| #define _TANDEM_SOURCE 1
| #define STDC_HEADERS 1
| #define HAVE_STRING_H 1
| #define HAVE_LIMITS_H 1
| #define HAVE_UNISTD_H 1
| #define HAVE_SYS_SOCKET_H 1
| #define HAVE_PWD_H 1
| #define HAVE_GRP_H 1
| #define HAVE_STRINGS_H 1
| /* end confdefs.h.  */
| #include <sys/processor.h>
configure:7397: result: no
configure:7397: checking for sys/processor.h
configure:7397: result: no
configure:7397: checking sys/sem.h usability
configure:7397: gcc -c  -g -O2  -DDARWIN -DSIGPROCMASK_SETS_THREAD_MASK -DDARWIN_10 conftest.c >&5
configure:7397: $? = 0
configure:7397: result: yes
configure:7397: checking sys/sem.h presence
configure:7397: gcc -E  -DDARWIN -DSIGPROCMASK_SETS_THREAD_MASK -DDARWIN_10 conftest.c
configure:7397: $? = 0
configure:7397: result: yes
configure:7397: checking for sys/sem.h
configure:7397: result: yes
configure:7397: checking sys/sdt.h usability
configure:7397: gcc -c  -g -O2  -DDARWIN -DSIGPROCMASK_SETS_THREAD_MASK -DDARWIN_10 conftest.c >&5
configure:7397: $? = 0
configure:7397: result: yes
configure:7397: checking sys/sdt.h presence
configure:7397: gcc -E  -DDARWIN -DSIGPROCMASK_SETS_THREAD_MASK -DDARWIN_10 conftest.c
configure:7397: $? = 0
configure:7397: result: yes
configure:7397: checking for sys/sdt.h
configure:7397: result: yes
configure:7397: checking sys/loadavg.h usability
configure:7397: gcc -c  -g -O2  -DDARWIN -DSIGPROCMASK_SETS_THREAD_MASK -DDARWIN_10 conftest.c >&5
conftest.c:67:10: fatal error: 'sys/loadavg.h' file not found
#include <sys/loadavg.h>
         ^
1 error generated.
configure:7397: $? = 1
configure: failed program was:
| /* confdefs.h */
| #define PACKAGE_NAME ""
| #define PACKAGE_TARNAME ""
| #define PACKAGE_VERSION ""
| #define PACKAGE_STRING ""
| #define PACKAGE_BUGREPORT ""
| #define PACKAGE_URL ""
| #define STDC_HEADERS 1
| #define HAVE_SYS_TYPES_H 1
| #define HAVE_SYS_STAT_H 1
| #define HAVE_STDLIB_H 1
| #define HAVE_STRING_H 1
| #define HAVE_MEMORY_H 1
| #define HAVE_STRINGS_H 1
| #define HAVE_INTTYPES_H 1
| #define HAVE_STDINT_H 1
| #define HAVE_UNISTD_H 1
| #define __EXTENSIONS__ 1
| #define _ALL_SOURCE 1
| #define _GNU_SOURCE 1
| #define _POSIX_PTHREAD_SEMANTICS 1
| #define _TANDEM_SOURCE 1
| #define STDC_HEADERS 1
| #define HAVE_STRING_H 1
| #define HAVE_LIMITS_H 1
| #define HAVE_UNISTD_H 1
| #define HAVE_SYS_SOCKET_H 1
| #define HAVE_PWD_H 1
| #define HAVE_GRP_H 1
| #define HAVE_STRINGS_H 1
| #define HAVE_SYS_SEM_H 1
| #define HAVE_SYS_SDT_H 1
| /* end confdefs.h.  */
| #include <stdio.h>
| #ifdef HAVE_SYS_TYPES_H
| # include <sys/types.h>
| #endif
| #ifdef HAVE_SYS_STAT_H
| # include <sys/stat.h>
| #endif
| #ifdef STDC_HEADERS
| # include <stdlib.h>
| # include <stddef.h>
| #else
| # ifdef HAVE_STDLIB_H
| #  include <stdlib.h>
| # endif
| #endif
| #ifdef HAVE_STRING_H
| # if !defined STDC_HEADERS && defined HAVE_MEMORY_H
| #  include <memory.h>
| # endif
| # include <string.h>
| #endif
| #ifdef HAVE_STRINGS_H
| # include <strings.h>
| #endif
| #ifdef HAVE_INTTYPES_H
| # include <inttypes.h>
| #endif
| #ifdef HAVE_STDINT_H
| # include <stdint.h>
| #endif
| #ifdef HAVE_UNISTD_H
| # include <unistd.h>
| #endif
| #include <sys/loadavg.h>
configure:7397: result: no
configure:7397: checking sys/loadavg.h presence
configure:7397: gcc -E  -DDARWIN -DSIGPROCMASK_SETS_THREAD_MASK -DDARWIN_10 conftest.c
conftest.c:34:10: fatal error: 'sys/loadavg.h' file not found
#include <sys/loadavg.h>
         ^
1 error generated.
configure:7397: $? = 1
configure: failed program was:
| /* confdefs.h */
| #define PACKAGE_NAME ""
| #define PACKAGE_TARNAME ""
| #define PACKAGE_VERSION ""
| #define PACKAGE_STRING ""
| #define PACKAGE_BUGREPORT ""
| #define PACKAGE_URL ""
| #define STDC_HEADERS 1
| #define HAVE_SYS_TYPES_H 1
| #define HAVE_SYS_STAT_H 1
| #define HAVE_STDLIB_H 1
| #define HAVE_STRING_H 1
| #define HAVE_MEMORY_H 1
| #define HAVE_STRINGS_H 1
| #define HAVE_INTTYPES_H 1
| #define HAVE_STDINT_H 1
| #define HAVE_UNISTD_H 1
| #define __EXTENSIONS__ 1
| #define _ALL_SOURCE 1
| #define _GNU_SOURCE 1
| #define _POSIX_PTHREAD_SEMANTICS 1
| #define _TANDEM_SOURCE 1
| #define STDC_HEADERS 1
| #define HAVE_STRING_H 1
| #define HAVE_LIMITS_H 1
| #define HAVE_UNISTD_H 1
| #define HAVE_SYS_SOCKET_H 1
| #define HAVE_PWD_H 1
| #define HAVE_GRP_H 1
| #define HAVE_STRINGS_H 1
| #define HAVE_SYS_SEM_H 1
| #define HAVE_SYS_SDT_H 1
| /* end confdefs.h.  */
| #include <sys/loadavg.h>
configure:7397: result: no
configure:7397: checking for sys/loadavg.h
configure:7397: result: no
configure:7407: checking for sys/wait.h that is POSIX.1 compatible
configure:7433: gcc -c  -g -O2  -DDARWIN -DSIGPROCMASK_SETS_THREAD_MASK -DDARWIN_10 conftest.c >&5
configure:7433: $? = 0
configure:7440: result: yes
configure:7450: checking for an ANSI C-conforming const
configure:7516: gcc -c  -g -O2  -DDARWIN -DSIGPROCMASK_SETS_THREAD_MASK -DDARWIN_10 conftest.c >&5
configure:7516: $? = 0
configure:7523: result: yes
configure:7534: checking for library containing sqrt
configure:7565: gcc -o conftest  -g -O2  -DDARWIN -DSIGPROCMASK_SETS_THREAD_MASK -DDARWIN_10   conftest.c  >&5
conftest.c:42:6: warning: incompatible redeclaration of library function 'sqrt' [-Wincompatible-library-redeclaration]
char sqrt ();
     ^
conftest.c:42:6: note: 'sqrt' is a builtin with type 'double (double)'
1 warning generated.
configure:7565: $? = 0
configure:7582: result: none required
configure:7599: checking for library containing crypt
configure:7630: gcc -o conftest  -g -O2  -DDARWIN -DSIGPROCMASK_SETS_THREAD_MASK -DDARWIN_10   conftest.c  >&5
configure:7630: $? = 0
configure:7647: result: none required
configure:7676: checking for getpwnam
configure:7676: gcc -o conftest  -g -O2  -DDARWIN -DSIGPROCMASK_SETS_THREAD_MASK -DDARWIN_10   conftest.c  >&5
configure:7676: $? = 0
configure:7676: result: yes
configure:7676: checking for getgrnam
configure:7676: gcc -o conftest  -g -O2  -DDARWIN -DSIGPROCMASK_SETS_THREAD_MASK -DDARWIN_10   conftest.c  >&5
configure:7676: $? = 0
configure:7676: result: yes
configure:7676: checking for initgroups
configure:7676: gcc -o conftest  -g -O2  -DDARWIN -DSIGPROCMASK_SETS_THREAD_MASK -DDARWIN_10   conftest.c  >&5
configure:7676: $? = 0
configure:7676: result: yes
configure:7676: checking for bindprocessor
configure:7676: gcc -o conftest  -g -O2  -DDARWIN -DSIGPROCMASK_SETS_THREAD_MASK -DDARWIN_10   conftest.c  >&5
Undefined symbols for architecture x86_64:
  "_bindprocessor", referenced from:
      _main in conftest-1dbfad.o
ld: symbol(s) not found for architecture x86_64
clang: error: linker command failed with exit code 1 (use -v to see invocation)
configure:7676: $? = 1
configure: failed program was:
| /* confdefs.h */
| #define PACKAGE_NAME ""
| #define PACKAGE_TARNAME ""
| #define PACKAGE_VERSION ""
| #define PACKAGE_STRING ""
| #define PACKAGE_BUGREPORT ""
| #define PACKAGE_URL ""
| #define STDC_HEADERS 1
| #define HAVE_SYS_TYPES_H 1
| #define HAVE_SYS_STAT_H 1
| #define HAVE_STDLIB_H 1
| #define HAVE_STRING_H 1
| #define HAVE_MEMORY_H 1
| #define HAVE_STRINGS_H 1
| #define HAVE_INTTYPES_H 1
| #define HAVE_STDINT_H 1
| #define HAVE_UNISTD_H 1
| #define __EXTENSIONS__ 1
| #define _ALL_SOURCE 1
| #define _GNU_SOURCE 1
| #define _POSIX_PTHREAD_SEMANTICS 1
| #define _TANDEM_SOURCE 1
| #define STDC_HEADERS 1
| #define HAVE_STRING_H 1
| #define HAVE_LIMITS_H 1
| #define HAVE_UNISTD_H 1
| #define HAVE_SYS_SOCKET_H 1
| #define HAVE_PWD_H 1
| #define HAVE_GRP_H 1
| #define HAVE_STRINGS_H 1
| #define HAVE_SYS_SEM_H 1
| #define HAVE_SYS_SDT_H 1
| #define HAVE_SYS_WAIT_H 1
| #define HAVE_GETPWNAM 1
| #define HAVE_GETGRNAM 1
| #define HAVE_INITGROUPS 1
| /* end confdefs.h.  */
| /* Define bindprocessor to an innocuous variant, in case <limits.h> declares bindprocessor.
|    For example, HP-UX 11i <limits.h> declares gettimeofday.  */
| #define bindprocessor innocuous_bindprocessor
| 
| /* System header to define __stub macros and hopefully few prototypes,
|     which can conflict with char bindprocessor (); below.
|     Prefer <limits.h> to <assert.h> if __STDC__ is defined, since
|     <limits.h> exists even on freestanding compilers.  */
| 
| #ifdef __STDC__
| # include <limits.h>
| #else
| # include <assert.h>
| #endif
| 
| #undef bindprocessor
| 
| /* Override any GCC internal prototype to avoid an error.
|    Use char because int might match the return type of a GCC
|    builtin and then its argument prototype would still apply.  */
| #ifdef __cplusplus
| extern "C"
| #endif
| char bindprocessor ();
| /* The GNU C library defines this for functions which it implements
|     to always fail with ENOSYS.  Some functions are actually named
|     something starting with __ and the normal name is an alias.  */
| #if defined __stub_bindprocessor || defined __stub___bindprocessor
| choke me
| #endif
| 
| int
| main ()
| {
| return bindprocessor ();
|   ;
|   return 0;
| }
configure:7676: result: no
configure:7676: checking for prctl
configure:7676: gcc -o conftest  -g -O2  -DDARWIN -DSIGPROCMASK_SETS_THREAD_MASK -DDARWIN_10   conftest.c  >&5
Undefined symbols for architecture x86_64:
  "_prctl", referenced from:
      _main in conftest-d3a162.o
ld: symbol(s) not found for architecture x86_64
clang: error: linker command failed with exit code 1 (use -v to see invocation)
configure:7676: $? = 1
configure: failed program was:
| /* confdefs.h */
| #define PACKAGE_NAME ""
| #define PACKAGE_TARNAME ""
| #define PACKAGE_VERSION ""
| #define PACKAGE_STRING ""
| #define PACKAGE_BUGREPORT ""
| #define PACKAGE_URL ""
| #define STDC_HEADERS 1
| #define HAVE_SYS_TYPES_H 1
| #define HAVE_SYS_STAT_H 1
| #define HAVE_STDLIB_H 1
| #define HAVE_STRING_H 1
| #define HAVE_MEMORY_H 1
| #define HAVE_STRINGS_H 1
| #define HAVE_INTTYPES_H 1
| #define HAVE_STDINT_H 1
| #define HAVE_UNISTD_H 1
| #define __EXTENSIONS__ 1
| #define _ALL_SOURCE 1
| #define _GNU_SOURCE 1
| #define _POSIX_PTHREAD_SEMANTICS 1
| #define _TANDEM_SOURCE 1
| #define STDC_HEADERS 1
| #define HAVE_STRING_H 1
| #define HAVE_LIMITS_H 1
| #define HAVE_UNISTD_H 1
| #define HAVE_SYS_SOCKET_H 1
| #define HAVE_PWD_H 1
| #define HAVE_GRP_H 1
| #define HAVE_STRINGS_H 1
| #define HAVE_SYS_SEM_H 1
| #define HAVE_SYS_SDT_H 1
| #define HAVE_SYS_WAIT_H 1
| #define HAVE_GETPWNAM 1
| #define HAVE_GETGRNAM 1
| #define HAVE_INITGROUPS 1
| /* end confdefs.h.  */
| /* Define prctl to an innocuous variant, in case <limits.h> declares prctl.
|    For example, HP-UX 11i <limits.h> declares gettimeofday.  */
| #define prctl innocuous_prctl
| 
| /* System header to define __stub macros and hopefully few prototypes,
|     which can conflict with char prctl (); below.
|     Prefer <limits.h> to <assert.h> if __STDC__ is defined, since
|     <limits.h> exists even on freestanding compilers.  */
| 
| #ifdef __STDC__
| # include <limits.h>
| #else
| # include <assert.h>
| #endif
| 
| #undef prctl
| 
| /* Override any GCC internal prototype to avoid an error.
|    Use char because int might match the return type of a GCC
|    builtin and then its argument prototype would still apply.  */
| #ifdef __cplusplus
| extern "C"
| #endif
| char prctl ();
| /* The GNU C library defines this for functions which it implements
|     to always fail with ENOSYS.  Some functions are actually named
|     something starting with __ and the normal name is an alias.  */
| #if defined __stub_prctl || defined __stub___prctl
| choke me
| #endif
| 
| int
| main ()
| {
| return prctl ();
|   ;
|   return 0;
| }
configure:7676: result: no
configure:7676: checking for timegm
configure:7676: gcc -o conftest  -g -O2  -DDARWIN -DSIGPROCMASK_SETS_THREAD_MASK -DDARWIN_10   conftest.c  >&5
configure:7676: $? = 0
configure:7676: result: yes
configure:7676: checking for getpgid
configure:7676: gcc -o conftest  -g -O2  -DDARWIN -DSIGPROCMASK_SETS_THREAD_MASK -DDARWIN_10   conftest.c  >&5
configure:7676: $? = 0
configure:7676: result: yes
configure:7676: checking for fopen64
configure:7676: gcc -o conftest  -g -O2  -DDARWIN -DSIGPROCMASK_SETS_THREAD_MASK -DDARWIN_10   conftest.c  >&5
Undefined symbols for architecture x86_64:
  "_fopen64", referenced from:
      _main in conftest-bf5497.o
ld: symbol(s) not found for architecture x86_64
clang: error: linker command failed with exit code 1 (use -v to see invocation)
configure:7676: $? = 1
configure: failed program was:
| /* confdefs.h */
| #define PACKAGE_NAME ""
| #define PACKAGE_TARNAME ""
| #define PACKAGE_VERSION ""
| #define PACKAGE_STRING ""
| #define PACKAGE_BUGREPORT ""
| #define PACKAGE_URL ""
| #define STDC_HEADERS 1
| #define HAVE_SYS_TYPES_H 1
| #define HAVE_SYS_STAT_H 1
| #define HAVE_STDLIB_H 1
| #define HAVE_STRING_H 1
| #define HAVE_MEMORY_H 1
| #define HAVE_STRINGS_H 1
| #define HAVE_INTTYPES_H 1
| #define HAVE_STDINT_H 1
| #define HAVE_UNISTD_H 1
| #define __EXTENSIONS__ 1
| #define _ALL_SOURCE 1
| #define _GNU_SOURCE 1
| #define _POSIX_PTHREAD_SEMANTICS 1
| #define _TANDEM_SOURCE 1
| #define STDC_HEADERS 1
| #define HAVE_STRING_H 1
| #define HAVE_LIMITS_H 1
| #define HAVE_UNISTD_H 1
| #define HAVE_SYS_SOCKET_H 1
| #define HAVE_PWD_H 1
| #define HAVE_GRP_H 1
| #define HAVE_STRINGS_H 1
| #define HAVE_SYS_SEM_H 1
| #define HAVE_SYS_SDT_H 1
| #define HAVE_SYS_WAIT_H 1
| #define HAVE_GETPWNAM 1
| #define HAVE_GETGRNAM 1
| #define HAVE_INITGROUPS 1
| #define HAVE_TIMEGM 1
| #define HAVE_GETPGID 1
| /* end confdefs.h.  */
| /* Define fopen64 to an innocuous variant, in case <limits.h> declares fopen64.
|    For example, HP-UX 11i <limits.h> declares gettimeofday.  */
| #define fopen64 innocuous_fopen64
| 
| /* System header to define __stub macros and hopefully few prototypes,
|     which can conflict with char fopen64 (); below.
|     Prefer <limits.h> to <assert.h> if __STDC__ is defined, since
|     <limits.h> exists even on freestanding compilers.  */
| 
| #ifdef __STDC__
| # include <limits.h>
| #else
| # include <assert.h>
| #endif
| 
| #undef fopen64
| 
| /* Override any GCC internal prototype to avoid an error.
|    Use char because int might match the return type of a GCC
|    builtin and then its argument prototype would still apply.  */
| #ifdef __cplusplus
| extern "C"
| #endif
| char fopen64 ();
| /* The GNU C library defines this for functions which it implements
|     to always fail with ENOSYS.  Some functions are actually named
|     something starting with __ and the normal name is an alias.  */
| #if defined __stub_fopen64 || defined __stub___fopen64
| choke me
| #endif
| 
| int
| main ()
| {
| return fopen64 ();
|   ;
|   return 0;
| }
configure:7676: result: no
configure:7676: checking for getloadavg
configure:7676: gcc -o conftest  -g -O2  -DDARWIN -DSIGPROCMASK_SETS_THREAD_MASK -DDARWIN_10   conftest.c  >&5
configure:7676: $? = 0
configure:7676: result: yes
configure:7688: checking for void pointer length
configure:7704: gcc -o conftest  -g -O2  -DDARWIN -DSIGPROCMASK_SETS_THREAD_MASK -DDARWIN_10   conftest.c  >&5
configure:7704: $? = 0
configure:7704: ./conftest
configure:7704: $? = 0
configure:7714: result: no
configure:7722: checking for gettid()
configure:7739: gcc -o conftest  -g -O2  -DDARWIN -DSIGPROCMASK_SETS_THREAD_MASK -DDARWIN_10   conftest.c  >&5
conftest.c:41:9: warning: '_GNU_SOURCE' macro redefined [-Wmacro-redefined]
#define _GNU_SOURCE
        ^
conftest.c:20:9: note: previous definition is here
#define _GNU_SOURCE 1
        ^
conftest.c:46:11: warning: 'syscall' is deprecated: first deprecated in macOS 10.12 - syscall(2) is unsupported; please switch to a supported interface. For SYS_kdebug_trace use kdebug_signpost(). [-Wdeprecated-declarations]
pid_t t = syscall(SYS_gettid); return t == -1 ? 1 : 0; }
          ^
/usr/include/unistd.h:733:6: note: 'syscall' has been explicitly marked deprecated here
int      syscall(int, ...);
         ^
2 warnings generated.
configure:7739: $? = 0
configure:7739: ./conftest
configure:7739: $? = 1
configure: program exited with status 1
configure: failed program was:
| /* confdefs.h */
| #define PACKAGE_NAME ""
| #define PACKAGE_TARNAME ""
| #define PACKAGE_VERSION ""
| #define PACKAGE_STRING ""
| #define PACKAGE_BUGREPORT ""
| #define PACKAGE_URL ""
| #define STDC_HEADERS 1
| #define HAVE_SYS_TYPES_H 1
| #define HAVE_SYS_STAT_H 1
| #define HAVE_STDLIB_H 1
| #define HAVE_STRING_H 1
| #define HAVE_MEMORY_H 1
| #define HAVE_STRINGS_H 1
| #define HAVE_INTTYPES_H 1
| #define HAVE_STDINT_H 1
| #define HAVE_UNISTD_H 1
| #define __EXTENSIONS__ 1
| #define _ALL_SOURCE 1
| #define _GNU_SOURCE 1
| #define _POSIX_PTHREAD_SEMANTICS 1
| #define _TANDEM_SOURCE 1
| #define STDC_HEADERS 1
| #define HAVE_STRING_H 1
| #define HAVE_LIMITS_H 1
| #define HAVE_UNISTD_H 1
| #define HAVE_SYS_SOCKET_H 1
| #define HAVE_PWD_H 1
| #define HAVE_GRP_H 1
| #define HAVE_STRINGS_H 1
| #define HAVE_SYS_SEM_H 1
| #define HAVE_SYS_SDT_H 1
| #define HAVE_SYS_WAIT_H 1
| #define HAVE_GETPWNAM 1
| #define HAVE_GETGRNAM 1
| #define HAVE_INITGROUPS 1
| #define HAVE_TIMEGM 1
| #define HAVE_GETPGID 1
| #define HAVE_GETLOADAVG 1
| /* end confdefs.h.  */
| #define _GNU_SOURCE
| #include <unistd.h>
| #include <sys/syscall.h>
| #include <sys/types.h>
| int main(int argc, char **argv) {
| pid_t t = syscall(SYS_gettid); return t == -1 ? 1 : 0; }
configure:7749: result: no
configure:7757: checking for tm_gmtoff in struct tm
configure:7774: gcc -c  -g -O2  -DDARWIN -DSIGPROCMASK_SETS_THREAD_MASK -DDARWIN_10 conftest.c >&5
conftest.c:46:18: warning: expression result unused [-Wunused-value]
struct tm tm; tm.tm_gmtoff;
              ~~ ^~~~~~~~~
1 warning generated.
configure:7774: $? = 0
configure:7781: result: yes
configure:8909: checking whether to enable mod_authn_file
configure:8970: result: shared
configure:9050: checking whether to enable mod_authn_dbm
configure:9111: result: shared (most)
configure:9191: checking whether to enable mod_authn_anon
configure:9252: result: shared (most)
configure:9332: checking whether to enable mod_authn_dbd
configure:9393: result: shared (most)
configure:9473: checking whether to enable mod_authn_socache
configure:9534: result: shared (most)
configure:9615: checking whether to enable mod_authn_core
configure:9676: result: shared
configure:9757: checking whether to enable mod_authz_host
configure:9818: result: shared
configure:9898: checking whether to enable mod_authz_groupfile
configure:9959: result: shared
configure:10039: checking whether to enable mod_authz_user
configure:10100: result: shared
configure:10180: checking whether to enable mod_authz_dbm
configure:10241: result: shared (most)
configure:10321: checking whether to enable mod_authz_owner
configure:10382: result: shared (most)
configure:10462: checking whether to enable mod_authz_dbd
configure:10523: result: shared (most)
configure:10604: checking whether to enable mod_authz_core
configure:10665: result: shared
configure:10746: checking whether to enable mod_authnz_ldap
configure:10805: result: checking dependencies
configure:10810: checking for ldap support in apr/apr-util
configure:10838: result: no
configure:10870: WARNING: apr/apr-util is compiled without ldap support
configure:10876: checking whether to enable mod_authnz_ldap
configure:10886: result: no (disabled)
configure:10967: checking whether to enable mod_authnz_fcgi
configure:11028: result: no
configure:11109: checking whether to enable mod_access_compat
configure:11170: result: shared
configure:11252: checking whether to enable mod_auth_basic
configure:11313: result: shared
configure:11393: checking whether to enable mod_auth_form
configure:11454: result: shared (most)
configure:11534: checking whether to enable mod_auth_digest
configure:11593: result: checking dependencies
configure:11626: checking whether to enable mod_auth_digest
configure:11636: result: shared (most)
configure:11717: checking whether to enable mod_allowmethods
configure:11778: result: shared (most)
configure:11914: checking whether to enable mod_isapi
configure:11975: result: no
configure:12089: checking whether to enable mod_file_cache
configure:12150: result: shared (most)
configure:12244: checking whether to enable mod_cache
configure:12305: result: shared (most)
configure:12385: checking whether to enable mod_cache_disk
configure:12444: result: checking dependencies
configure:12457: checking whether to enable mod_cache_disk
configure:12467: result: shared (most)
configure:12547: checking whether to enable mod_cache_socache
configure:12608: result: shared (most)
configure:12691: checking whether to enable mod_socache_shmcb
configure:12752: result: shared (most)
configure:12832: checking whether to enable mod_socache_dbm
configure:12893: result: shared (most)
configure:12973: checking whether to enable mod_socache_memcache
configure:13034: result: shared (most)
configure:13114: checking whether to enable mod_socache_dc
configure:13488: result: no
configure:13706: checking whether to enable mod_so
configure:13767: result: static
configure:13848: checking whether to enable mod_watchdog
configure:13907: result: checking dependencies
configure:13940: checking whether to enable mod_watchdog
configure:13950: result: shared (most)
configure:14031: checking whether to enable mod_macro
configure:14092: result: shared (most)
configure:14227: checking whether to enable mod_dbd
configure:14288: result: shared (most)
configure:14423: checking whether to enable mod_bucketeer
configure:14484: result: no
configure:14564: checking whether to enable mod_dumpio
configure:14625: result: shared (most)
configure:14739: checking whether to enable mod_echo
configure:14800: result: no
configure:14913: checking whether to enable mod_example_hooks
configure:14974: result: no
configure:15054: checking whether to enable mod_case_filter
configure:15115: result: no
configure:15195: checking whether to enable mod_case_filter_in
configure:15256: result: no
configure:15336: checking whether to enable mod_example_ipc
configure:15397: result: no
configure:15543: checking whether to enable mod_buffer
configure:15604: result: shared (most)
configure:15684: checking whether to enable mod_data
configure:15745: result: no
configure:15825: checking whether to enable mod_ratelimit
configure:15886: result: shared (most)
configure:15966: checking whether to enable mod_reqtimeout
configure:16027: result: shared
configure:16107: checking whether to enable mod_ext_filter
configure:16168: result: shared (most)
configure:16248: checking whether to enable mod_request
configure:16309: result: shared (most)
configure:16389: checking whether to enable mod_include
configure:16450: result: shared (most)
configure:16530: checking whether to enable mod_filter
configure:16591: result: shared
configure:16671: checking whether to enable mod_reflector
configure:16732: result: no
configure:16812: checking whether to enable mod_substitute
configure:16873: result: shared (most)
configure:16955: checking whether to enable mod_sed
configure:17014: result: checking dependencies
configure:17045: checking whether to enable mod_sed
configure:17055: result: shared (most)
configure:17281: checking whether to enable mod_charset_lite
configure:17342: result: no
configure:17425: checking whether to enable mod_deflate
configure:17484: result: checking dependencies
configure:17500: checking for zlib location
configure:17521: result: /usr
configure:17682: checking for zlib library
configure:17695: gcc -o conftest  -g -O2  -DDARWIN -DSIGPROCMASK_SETS_THREAD_MASK -DDARWIN_10   conftest.c -lz >&5
configure:17695: $? = 0
configure:17696: result: found
configure:17759: checking whether to enable mod_deflate
configure:17769: result: shared (most)
configure:17852: checking whether to enable mod_xml2enc
configure:18009: result: no
configure:18089: checking whether to enable mod_proxy_html
configure:18247: result: no
configure:18390: checking whether to enable mod_http
configure:18451: result: static
configure:18531: checking whether to enable mod_mime
configure:18592: result: shared
configure:18707: checking whether to enable mod_ldap
configure:18766: result: checking dependencies
configure:18771: checking for ldap support in apr/apr-util
configure:18799: result: no
configure:18831: WARNING: apr/apr-util is compiled without ldap support
configure:18837: checking whether to enable mod_ldap
configure:18847: result: no (disabled)
configure:18983: checking whether to enable mod_log_config
configure:19044: result: shared
configure:19124: checking whether to enable mod_log_debug
configure:19185: result: shared (most)
configure:19265: checking whether to enable mod_log_forensic
configure:19326: result: no
configure:19432: checking whether to enable mod_logio
configure:19493: result: shared (most)
configure:19632: checking whether to enable mod_lua
configure:20473: result: no
configure:20609: checking whether to enable mod_env
configure:20670: result: shared
configure:20750: checking whether to enable mod_mime_magic
configure:20811: result: no
configure:20891: checking whether to enable mod_cern_meta
configure:20952: result: no
configure:21032: checking whether to enable mod_expires
configure:21093: result: shared (most)
configure:21173: checking whether to enable mod_headers
configure:21234: result: shared
configure:21314: checking whether to enable mod_ident
configure:21375: result: no
configure:21456: checking whether to enable mod_usertrack
configure:21554: result: no
configure:21635: checking whether to enable mod_unique_id
configure:21696: result: shared (most)
configure:21776: checking whether to enable mod_setenvif
configure:21837: result: shared
configure:21917: checking whether to enable mod_version
configure:21978: result: shared
configure:22058: checking whether to enable mod_remoteip
configure:22119: result: shared (most)
configure:22233: checking whether to enable mod_proxy
configure:22294: result: shared (most)
configure:22410: checking whether to enable mod_proxy_connect
configure:22469: result: checking dependencies
configure:22482: checking whether to enable mod_proxy_connect
configure:22492: result: shared (most)
configure:22572: checking whether to enable mod_proxy_ftp
configure:22631: result: checking dependencies
configure:22644: checking whether to enable mod_proxy_ftp
configure:22654: result: shared (most)
configure:22734: checking whether to enable mod_proxy_http
configure:22793: result: checking dependencies
configure:22806: checking whether to enable mod_proxy_http
configure:22816: result: shared (most)
configure:22896: checking whether to enable mod_proxy_fcgi
configure:22955: result: checking dependencies
configure:22968: checking whether to enable mod_proxy_fcgi
configure:22978: result: shared (most)
configure:23058: checking whether to enable mod_proxy_scgi
configure:23117: result: checking dependencies
configure:23130: checking whether to enable mod_proxy_scgi
configure:23140: result: shared (most)
configure:23220: checking whether to enable mod_proxy_fdpass
configure:23279: result: checking dependencies
configure:23291: checking whether CMSG_DATA is declared
configure:23291: gcc -c  -g -O2  -DDARWIN -DSIGPROCMASK_SETS_THREAD_MASK -DDARWIN_10 conftest.c >&5
configure:23291: $? = 0
configure:23291: result: yes
configure:23307: checking whether to enable mod_proxy_fdpass
configure:23317: result: shared (most)
configure:23397: checking whether to enable mod_proxy_wstunnel
configure:23456: result: checking dependencies
configure:23469: checking whether to enable mod_proxy_wstunnel
configure:23479: result: shared (most)
configure:23559: checking whether to enable mod_proxy_ajp
configure:23618: result: checking dependencies
configure:23631: checking whether to enable mod_proxy_ajp
configure:23641: result: shared (most)
configure:23721: checking whether to enable mod_proxy_balancer
configure:23780: result: checking dependencies
configure:23793: checking whether to enable mod_proxy_balancer
configure:23803: result: shared (most)
configure:23884: checking whether to enable mod_proxy_express
configure:23943: result: checking dependencies
configure:23956: checking whether to enable mod_proxy_express
configure:23966: result: shared (most)
configure:24046: checking whether to enable mod_proxy_hcheck
configure:24105: result: checking dependencies
configure:24126: checking whether to enable mod_proxy_hcheck
configure:24136: result: shared (most)
configure:24297: checking whether to enable mod_session
configure:24358: result: shared (most)
configure:24438: checking whether to enable mod_session_cookie
configure:24497: result: checking dependencies
configure:24510: checking whether to enable mod_session_cookie
configure:24520: result: shared (most)
configure:24623: gcc -c  -g -O2  -DDARWIN -DSIGPROCMASK_SETS_THREAD_MASK -DDARWIN_10  -I/Users/shivendrasrivastava/Documents/Apache_SAPFieldglass/httpd/srclib/apr/include   -I/Users/shivendrasrivastava/Documents/Apache_SAPFieldglass/httpd/srclib/apr-util/include  conftest.c >&5
conftest.c:48:2: error: no crypto support
#error no crypto support
 ^
1 error generated.
configure:24623: $? = 1
configure: failed program was:
| /* confdefs.h */
| #define PACKAGE_NAME ""
| #define PACKAGE_TARNAME ""
| #define PACKAGE_VERSION ""
| #define PACKAGE_STRING ""
| #define PACKAGE_BUGREPORT ""
| #define PACKAGE_URL ""
| #define STDC_HEADERS 1
| #define HAVE_SYS_TYPES_H 1
| #define HAVE_SYS_STAT_H 1
| #define HAVE_STDLIB_H 1
| #define HAVE_STRING_H 1
| #define HAVE_MEMORY_H 1
| #define HAVE_STRINGS_H 1
| #define HAVE_INTTYPES_H 1
| #define HAVE_STDINT_H 1
| #define HAVE_UNISTD_H 1
| #define __EXTENSIONS__ 1
| #define _ALL_SOURCE 1
| #define _GNU_SOURCE 1
| #define _POSIX_PTHREAD_SEMANTICS 1
| #define _TANDEM_SOURCE 1
| #define STDC_HEADERS 1
| #define HAVE_STRING_H 1
| #define HAVE_LIMITS_H 1
| #define HAVE_UNISTD_H 1
| #define HAVE_SYS_SOCKET_H 1
| #define HAVE_PWD_H 1
| #define HAVE_GRP_H 1
| #define HAVE_STRINGS_H 1
| #define HAVE_SYS_SEM_H 1
| #define HAVE_SYS_SDT_H 1
| #define HAVE_SYS_WAIT_H 1
| #define HAVE_GETPWNAM 1
| #define HAVE_GETGRNAM 1
| #define HAVE_INITGROUPS 1
| #define HAVE_TIMEGM 1
| #define HAVE_GETPGID 1
| #define HAVE_GETLOADAVG 1
| #define HAVE_GMTOFF 1
| /* end confdefs.h.  */
| #include <apr_crypto.h>
| int
| main ()
| {
| 
| #if APU_HAVE_CRYPTO == 0
| #error no crypto support
| #endif
| 
|   ;
|   return 0;
| }
configure:24631: WARNING: Your APR does not include SSL/EVP support. To enable it: configure --with-crypto
configure:24640: checking whether to enable mod_session_crypto
configure:24726: result: no
configure:24807: checking whether to enable mod_session_dbd
configure:24866: result: checking dependencies
configure:24879: checking whether to enable mod_session_dbd
configure:24889: result: shared (most)
configure:25026: checking whether to enable mod_slotmem_shm
configure:25087: result: shared (most)
configure:25167: checking whether to enable mod_slotmem_plain
configure:25228: result: no
configure:25342: checking whether to enable mod_ssl
configure:25401: result: checking dependencies
configure:25406: checking for OpenSSL
configure:25419: checking for user-provided OpenSSL base directory
configure:25432: result: none
configure:25768: checking for OpenSSL version >= 0.9.8a
configure:25787: gcc -c  -g -O2  -DDARWIN -DSIGPROCMASK_SETS_THREAD_MASK -DDARWIN_10 conftest.c >&5
conftest.c:42:10: fatal error: 'openssl/opensslv.h' file not found
#include <openssl/opensslv.h>
         ^
1 error generated.
configure:25787: $? = 1
configure: failed program was:
| /* confdefs.h */
| #define PACKAGE_NAME ""
| #define PACKAGE_TARNAME ""
| #define PACKAGE_VERSION ""
| #define PACKAGE_STRING ""
| #define PACKAGE_BUGREPORT ""
| #define PACKAGE_URL ""
| #define STDC_HEADERS 1
| #define HAVE_SYS_TYPES_H 1
| #define HAVE_SYS_STAT_H 1
| #define HAVE_STDLIB_H 1
| #define HAVE_STRING_H 1
| #define HAVE_MEMORY_H 1
| #define HAVE_STRINGS_H 1
| #define HAVE_INTTYPES_H 1
| #define HAVE_STDINT_H 1
| #define HAVE_UNISTD_H 1
| #define __EXTENSIONS__ 1
| #define _ALL_SOURCE 1
| #define _GNU_SOURCE 1
| #define _POSIX_PTHREAD_SEMANTICS 1
| #define _TANDEM_SOURCE 1
| #define STDC_HEADERS 1
| #define HAVE_STRING_H 1
| #define HAVE_LIMITS_H 1
| #define HAVE_UNISTD_H 1
| #define HAVE_SYS_SOCKET_H 1
| #define HAVE_PWD_H 1
| #define HAVE_GRP_H 1
| #define HAVE_STRINGS_H 1
| #define HAVE_SYS_SEM_H 1
| #define HAVE_SYS_SDT_H 1
| #define HAVE_SYS_WAIT_H 1
| #define HAVE_GETPWNAM 1
| #define HAVE_GETGRNAM 1
| #define HAVE_INITGROUPS 1
| #define HAVE_TIMEGM 1
| #define HAVE_GETPGID 1
| #define HAVE_GETLOADAVG 1
| #define HAVE_GMTOFF 1
| /* end confdefs.h.  */
| #include <openssl/opensslv.h>
| int
| main ()
| {
| 
| #if !defined(OPENSSL_VERSION_NUMBER)
| #error "Missing OpenSSL version"
| #endif
| #if OPENSSL_VERSION_NUMBER < 0x0090801f
| #error "Unsupported OpenSSL version " OPENSSL_VERSION_TEXT
| #endif
|   ;
|   return 0;
| }
configure:25792: result: FAILED
configure:25898: WARNING: OpenSSL version is too old
configure:25910: result: no
configure:25991: checking whether to enable mod_ssl
configure:26001: result: no (disabled)
configure:26138: checking whether to enable mod_optional_hook_export
configure:26199: result: no
configure:26279: checking whether to enable mod_optional_hook_import
configure:26340: result: no
configure:26420: checking whether to enable mod_optional_fn_import
configure:26481: result: no
configure:26561: checking whether to enable mod_optional_fn_export
configure:26622: result: no
configure:26703: checking whether to enable mod_dialup
configure:26764: result: no
configure:26885: checking for target platform
configure:26910: result: unix
configure:26942: checking for rlim_t
configure:26963: gcc -c  -g -O2  -DDARWIN -DSIGPROCMASK_SETS_THREAD_MASK -DDARWIN_10 conftest.c >&5
configure:26963: $? = 0
configure:26974: result: yes
configure:26986: checking sys/time.h usability
configure:26986: gcc -c  -g -O2  -DDARWIN -DSIGPROCMASK_SETS_THREAD_MASK -DDARWIN_10 conftest.c >&5
configure:26986: $? = 0
configure:26986: result: yes
configure:26986: checking sys/time.h presence
configure:26986: gcc -E  -DDARWIN -DSIGPROCMASK_SETS_THREAD_MASK -DDARWIN_10 conftest.c
configure:26986: $? = 0
configure:26986: result: yes
configure:26986: checking for sys/time.h
configure:26986: result: yes
configure:26986: checking sys/resource.h usability
configure:26986: gcc -c  -g -O2  -DDARWIN -DSIGPROCMASK_SETS_THREAD_MASK -DDARWIN_10 conftest.c >&5
configure:26986: $? = 0
configure:26986: result: yes
configure:26986: checking sys/resource.h presence
configure:26986: gcc -E  -DDARWIN -DSIGPROCMASK_SETS_THREAD_MASK -DDARWIN_10 conftest.c
configure:26986: $? = 0
configure:26986: result: yes
configure:26986: checking for sys/resource.h
configure:26986: result: yes
configure:26986: checking for sys/sem.h
configure:26986: result: yes
configure:26986: checking sys/ipc.h usability
configure:26986: gcc -c  -g -O2  -DDARWIN -DSIGPROCMASK_SETS_THREAD_MASK -DDARWIN_10 conftest.c >&5
configure:26986: $? = 0
configure:26986: result: yes
configure:26986: checking sys/ipc.h presence
configure:26986: gcc -E  -DDARWIN -DSIGPROCMASK_SETS_THREAD_MASK -DDARWIN_10 conftest.c
configure:26986: $? = 0
configure:26986: result: yes
configure:26986: checking for sys/ipc.h
configure:26986: result: yes
configure:27000: checking for setsid
configure:27000: gcc -o conftest  -g -O2  -DDARWIN -DSIGPROCMASK_SETS_THREAD_MASK -DDARWIN_10   conftest.c  >&5
configure:27000: $? = 0
configure:27000: result: yes
configure:27000: checking for killpg
configure:27000: gcc -o conftest  -g -O2  -DDARWIN -DSIGPROCMASK_SETS_THREAD_MASK -DDARWIN_10   conftest.c  >&5
configure:27000: $? = 0
configure:27000: result: yes
configure:27016: checking bstring.h usability
configure:27016: gcc -c  -g -O2  -DDARWIN -DSIGPROCMASK_SETS_THREAD_MASK -DDARWIN_10 conftest.c >&5
conftest.c:81:10: fatal error: 'bstring.h' file not found
#include <bstring.h>
         ^
1 error generated.
configure:27016: $? = 1
configure: failed program was:
| /* confdefs.h */
| #define PACKAGE_NAME ""
| #define PACKAGE_TARNAME ""
| #define PACKAGE_VERSION ""
| #define PACKAGE_STRING ""
| #define PACKAGE_BUGREPORT ""
| #define PACKAGE_URL ""
| #define STDC_HEADERS 1
| #define HAVE_SYS_TYPES_H 1
| #define HAVE_SYS_STAT_H 1
| #define HAVE_STDLIB_H 1
| #define HAVE_STRING_H 1
| #define HAVE_MEMORY_H 1
| #define HAVE_STRINGS_H 1
| #define HAVE_INTTYPES_H 1
| #define HAVE_STDINT_H 1
| #define HAVE_UNISTD_H 1
| #define __EXTENSIONS__ 1
| #define _ALL_SOURCE 1
| #define _GNU_SOURCE 1
| #define _POSIX_PTHREAD_SEMANTICS 1
| #define _TANDEM_SOURCE 1
| #define STDC_HEADERS 1
| #define HAVE_STRING_H 1
| #define HAVE_LIMITS_H 1
| #define HAVE_UNISTD_H 1
| #define HAVE_SYS_SOCKET_H 1
| #define HAVE_PWD_H 1
| #define HAVE_GRP_H 1
| #define HAVE_STRINGS_H 1
| #define HAVE_SYS_SEM_H 1
| #define HAVE_SYS_SDT_H 1
| #define HAVE_SYS_WAIT_H 1
| #define HAVE_GETPWNAM 1
| #define HAVE_GETGRNAM 1
| #define HAVE_INITGROUPS 1
| #define HAVE_TIMEGM 1
| #define HAVE_GETPGID 1
| #define HAVE_GETLOADAVG 1
| #define HAVE_GMTOFF 1
| #define HAVE_SYS_TIME_H 1
| #define HAVE_SYS_RESOURCE_H 1
| #define HAVE_SYS_SEM_H 1
| #define HAVE_SYS_IPC_H 1
| #define HAVE_SETSID 1
| #define HAVE_KILLPG 1
| /* end confdefs.h.  */
| #include <stdio.h>
| #ifdef HAVE_SYS_TYPES_H
| # include <sys/types.h>
| #endif
| #ifdef HAVE_SYS_STAT_H
| # include <sys/stat.h>
| #endif
| #ifdef STDC_HEADERS
| # include <stdlib.h>
| # include <stddef.h>
| #else
| # ifdef HAVE_STDLIB_H
| #  include <stdlib.h>
| # endif
| #endif
| #ifdef HAVE_STRING_H
| # if !defined STDC_HEADERS && defined HAVE_MEMORY_H
| #  include <memory.h>
| # endif
| # include <string.h>
| #endif
| #ifdef HAVE_STRINGS_H
| # include <strings.h>
| #endif
| #ifdef HAVE_INTTYPES_H
| # include <inttypes.h>
| #endif
| #ifdef HAVE_STDINT_H
| # include <stdint.h>
| #endif
| #ifdef HAVE_UNISTD_H
| # include <unistd.h>
| #endif
| #include <bstring.h>
configure:27016: result: no
configure:27016: checking bstring.h presence
configure:27016: gcc -E  -DDARWIN -DSIGPROCMASK_SETS_THREAD_MASK -DDARWIN_10 conftest.c
conftest.c:48:10: fatal error: 'bstring.h' file not found
#include <bstring.h>
         ^
1 error generated.
configure:27016: $? = 1
configure: failed program was:
| /* confdefs.h */
| #define PACKAGE_NAME ""
| #define PACKAGE_TARNAME ""
| #define PACKAGE_VERSION ""
| #define PACKAGE_STRING ""
| #define PACKAGE_BUGREPORT ""
| #define PACKAGE_URL ""
| #define STDC_HEADERS 1
| #define HAVE_SYS_TYPES_H 1
| #define HAVE_SYS_STAT_H 1
| #define HAVE_STDLIB_H 1
| #define HAVE_STRING_H 1
| #define HAVE_MEMORY_H 1
| #define HAVE_STRINGS_H 1
| #define HAVE_INTTYPES_H 1
| #define HAVE_STDINT_H 1
| #define HAVE_UNISTD_H 1
| #define __EXTENSIONS__ 1
| #define _ALL_SOURCE 1
| #define _GNU_SOURCE 1
| #define _POSIX_PTHREAD_SEMANTICS 1
| #define _TANDEM_SOURCE 1
| #define STDC_HEADERS 1
| #define HAVE_STRING_H 1
| #define HAVE_LIMITS_H 1
| #define HAVE_UNISTD_H 1
| #define HAVE_SYS_SOCKET_H 1
| #define HAVE_PWD_H 1
| #define HAVE_GRP_H 1
| #define HAVE_STRINGS_H 1
| #define HAVE_SYS_SEM_H 1
| #define HAVE_SYS_SDT_H 1
| #define HAVE_SYS_WAIT_H 1
| #define HAVE_GETPWNAM 1
| #define HAVE_GETGRNAM 1
| #define HAVE_INITGROUPS 1
| #define HAVE_TIMEGM 1
| #define HAVE_GETPGID 1
| #define HAVE_GETLOADAVG 1
| #define HAVE_GMTOFF 1
| #define HAVE_SYS_TIME_H 1
| #define HAVE_SYS_RESOURCE_H 1
| #define HAVE_SYS_SEM_H 1
| #define HAVE_SYS_IPC_H 1
| #define HAVE_SETSID 1
| #define HAVE_KILLPG 1
| /* end confdefs.h.  */
| #include <bstring.h>
configure:27016: result: no
configure:27016: checking for bstring.h
configure:27016: result: no
configure:27016: checking for unistd.h
configure:27016: result: yes
configure:27031: checking for syslog
configure:27031: gcc -o conftest  -g -O2  -DDARWIN -DSIGPROCMASK_SETS_THREAD_MASK -DDARWIN_10   conftest.c  >&5
configure:27031: $? = 0
configure:27031: result: yes
configure:27043: checking sys/times.h usability
configure:27043: gcc -c  -g -O2  -DDARWIN -DSIGPROCMASK_SETS_THREAD_MASK -DDARWIN_10 conftest.c >&5
configure:27043: $? = 0
configure:27043: result: yes
configure:27043: checking sys/times.h presence
configure:27043: gcc -E  -DDARWIN -DSIGPROCMASK_SETS_THREAD_MASK -DDARWIN_10 conftest.c
configure:27043: $? = 0
configure:27043: result: yes
configure:27043: checking for sys/times.h
configure:27043: result: yes
configure:27055: checking for times
configure:27055: gcc -o conftest  -g -O2  -DDARWIN -DSIGPROCMASK_SETS_THREAD_MASK -DDARWIN_10   conftest.c  >&5
configure:27055: $? = 0
configure:27055: result: yes
configure:27124: checking whether APR supports thread-safe pollsets
configure:27143: checking for kqueue
configure:27143: gcc -o conftest  -g -O2  -DDARWIN -DSIGPROCMASK_SETS_THREAD_MASK -DDARWIN_10   conftest.c  >&5
configure:27143: $? = 0
configure:27143: result: yes
configure:27143: checking for port_create
configure:27143: gcc -o conftest  -g -O2  -DDARWIN -DSIGPROCMASK_SETS_THREAD_MASK -DDARWIN_10   conftest.c  >&5
Undefined symbols for architecture x86_64:
  "_port_create", referenced from:
      _main in conftest-3be0da.o
ld: symbol(s) not found for architecture x86_64
clang: error: linker command failed with exit code 1 (use -v to see invocation)
configure:27143: $? = 1
configure: failed program was:
| /* confdefs.h */
| #define PACKAGE_NAME ""
| #define PACKAGE_TARNAME ""
| #define PACKAGE_VERSION ""
| #define PACKAGE_STRING ""
| #define PACKAGE_BUGREPORT ""
| #define PACKAGE_URL ""
| #define STDC_HEADERS 1
| #define HAVE_SYS_TYPES_H 1
| #define HAVE_SYS_STAT_H 1
| #define HAVE_STDLIB_H 1
| #define HAVE_STRING_H 1
| #define HAVE_MEMORY_H 1
| #define HAVE_STRINGS_H 1
| #define HAVE_INTTYPES_H 1
| #define HAVE_STDINT_H 1
| #define HAVE_UNISTD_H 1
| #define __EXTENSIONS__ 1
| #define _ALL_SOURCE 1
| #define _GNU_SOURCE 1
| #define _POSIX_PTHREAD_SEMANTICS 1
| #define _TANDEM_SOURCE 1
| #define STDC_HEADERS 1
| #define HAVE_STRING_H 1
| #define HAVE_LIMITS_H 1
| #define HAVE_UNISTD_H 1
| #define HAVE_SYS_SOCKET_H 1
| #define HAVE_PWD_H 1
| #define HAVE_GRP_H 1
| #define HAVE_STRINGS_H 1
| #define HAVE_SYS_SEM_H 1
| #define HAVE_SYS_SDT_H 1
| #define HAVE_SYS_WAIT_H 1
| #define HAVE_GETPWNAM 1
| #define HAVE_GETGRNAM 1
| #define HAVE_INITGROUPS 1
| #define HAVE_TIMEGM 1
| #define HAVE_GETPGID 1
| #define HAVE_GETLOADAVG 1
| #define HAVE_GMTOFF 1
| #define HAVE_SYS_TIME_H 1
| #define HAVE_SYS_RESOURCE_H 1
| #define HAVE_SYS_SEM_H 1
| #define HAVE_SYS_IPC_H 1
| #define HAVE_SETSID 1
| #define HAVE_KILLPG 1
| #define HAVE_UNISTD_H 1
| #define HAVE_SYSLOG 1
| #define HAVE_SYS_TIMES_H 1
| #define HAVE_TIMES 1
| #define HAVE_KQUEUE 1
| /* end confdefs.h.  */
| /* Define port_create to an innocuous variant, in case <limits.h> declares port_create.
|    For example, HP-UX 11i <limits.h> declares gettimeofday.  */
| #define port_create innocuous_port_create
| 
| /* System header to define __stub macros and hopefully few prototypes,
|     which can conflict with char port_create (); below.
|     Prefer <limits.h> to <assert.h> if __STDC__ is defined, since
|     <limits.h> exists even on freestanding compilers.  */
| 
| #ifdef __STDC__
| # include <limits.h>
| #else
| # include <assert.h>
| #endif
| 
| #undef port_create
| 
| /* Override any GCC internal prototype to avoid an error.
|    Use char because int might match the return type of a GCC
|    builtin and then its argument prototype would still apply.  */
| #ifdef __cplusplus
| extern "C"
| #endif
| char port_create ();
| /* The GNU C library defines this for functions which it implements
|     to always fail with ENOSYS.  Some functions are actually named
|     something starting with __ and the normal name is an alias.  */
| #if defined __stub_port_create || defined __stub___port_create
| choke me
| #endif
| 
| int
| main ()
| {
| return port_create ();
|   ;
|   return 0;
| }
configure:27143: result: no
configure:27143: checking for epoll_create
configure:27143: gcc -o conftest  -g -O2  -DDARWIN -DSIGPROCMASK_SETS_THREAD_MASK -DDARWIN_10   conftest.c  >&5
Undefined symbols for architecture x86_64:
  "_epoll_create", referenced from:
      _main in conftest-f0846a.o
ld: symbol(s) not found for architecture x86_64
clang: error: linker command failed with exit code 1 (use -v to see invocation)
configure:27143: $? = 1
configure: failed program was:
| /* confdefs.h */
| #define PACKAGE_NAME ""
| #define PACKAGE_TARNAME ""
| #define PACKAGE_VERSION ""
| #define PACKAGE_STRING ""
| #define PACKAGE_BUGREPORT ""
| #define PACKAGE_URL ""
| #define STDC_HEADERS 1
| #define HAVE_SYS_TYPES_H 1
| #define HAVE_SYS_STAT_H 1
| #define HAVE_STDLIB_H 1
| #define HAVE_STRING_H 1
| #define HAVE_MEMORY_H 1
| #define HAVE_STRINGS_H 1
| #define HAVE_INTTYPES_H 1
| #define HAVE_STDINT_H 1
| #define HAVE_UNISTD_H 1
| #define __EXTENSIONS__ 1
| #define _ALL_SOURCE 1
| #define _GNU_SOURCE 1
| #define _POSIX_PTHREAD_SEMANTICS 1
| #define _TANDEM_SOURCE 1
| #define STDC_HEADERS 1
| #define HAVE_STRING_H 1
| #define HAVE_LIMITS_H 1
| #define HAVE_UNISTD_H 1
| #define HAVE_SYS_SOCKET_H 1
| #define HAVE_PWD_H 1
| #define HAVE_GRP_H 1
| #define HAVE_STRINGS_H 1
| #define HAVE_SYS_SEM_H 1
| #define HAVE_SYS_SDT_H 1
| #define HAVE_SYS_WAIT_H 1
| #define HAVE_GETPWNAM 1
| #define HAVE_GETGRNAM 1
| #define HAVE_INITGROUPS 1
| #define HAVE_TIMEGM 1
| #define HAVE_GETPGID 1
| #define HAVE_GETLOADAVG 1
| #define HAVE_GMTOFF 1
| #define HAVE_SYS_TIME_H 1
| #define HAVE_SYS_RESOURCE_H 1
| #define HAVE_SYS_SEM_H 1
| #define HAVE_SYS_IPC_H 1
| #define HAVE_SETSID 1
| #define HAVE_KILLPG 1
| #define HAVE_UNISTD_H 1
| #define HAVE_SYSLOG 1
| #define HAVE_SYS_TIMES_H 1
| #define HAVE_TIMES 1
| #define HAVE_KQUEUE 1
| /* end confdefs.h.  */
| /* Define epoll_create to an innocuous variant, in case <limits.h> declares epoll_create.
|    For example, HP-UX 11i <limits.h> declares gettimeofday.  */
| #define epoll_create innocuous_epoll_create
| 
| /* System header to define __stub macros and hopefully few prototypes,
|     which can conflict with char epoll_create (); below.
|     Prefer <limits.h> to <assert.h> if __STDC__ is defined, since
|     <limits.h> exists even on freestanding compilers.  */
| 
| #ifdef __STDC__
| # include <limits.h>
| #else
| # include <assert.h>
| #endif
| 
| #undef epoll_create
| 
| /* Override any GCC internal prototype to avoid an error.
|    Use char because int might match the return type of a GCC
|    builtin and then its argument prototype would still apply.  */
| #ifdef __cplusplus
| extern "C"
| #endif
| char epoll_create ();
| /* The GNU C library defines this for functions which it implements
|     to always fail with ENOSYS.  Some functions are actually named
|     something starting with __ and the normal name is an alias.  */
| #if defined __stub_epoll_create || defined __stub___epoll_create
| choke me
| #endif
| 
| int
| main ()
| {
| return epoll_create ();
|   ;
|   return 0;
| }
configure:27143: result: no
configure:27159: result: yes
configure:27226: checking if event MPM supports this platform
configure:27244: result: yes
configure:27259: checking if mpmt_os2 MPM supports this platform
configure:27278: result: no
configure:27283: checking if prefork MPM supports this platform
configure:27289: result: yes
configure:27304: checking if WinNT MPM supports this platform
configure:27323: result: no
configure:27328: checking if worker MPM supports this platform
configure:27340: result: yes
configure:28196: checking whether to enable mod_http2
configure:28255: result: checking dependencies
configure:28260: checking for OpenSSL
configure:28764: result: no
configure:28839: checking for nghttp2
configure:28850: checking for user-provided nghttp2 base directory
configure:28863: result: none
configure:29159: checking for nghttp2 version >= 1.2.1
configure:29178: gcc -c  -g -O2  -DDARWIN -DSIGPROCMASK_SETS_THREAD_MASK -DDARWIN_10 conftest.c >&5
conftest.c:53:10: fatal error: 'nghttp2/nghttp2ver.h' file not found
#include <nghttp2/nghttp2ver.h>
         ^
1 error generated.
configure:29178: $? = 1
configure: failed program was:
| /* confdefs.h */
| #define PACKAGE_NAME ""
| #define PACKAGE_TARNAME ""
| #define PACKAGE_VERSION ""
| #define PACKAGE_STRING ""
| #define PACKAGE_BUGREPORT ""
| #define PACKAGE_URL ""
| #define STDC_HEADERS 1
| #define HAVE_SYS_TYPES_H 1
| #define HAVE_SYS_STAT_H 1
| #define HAVE_STDLIB_H 1
| #define HAVE_STRING_H 1
| #define HAVE_MEMORY_H 1
| #define HAVE_STRINGS_H 1
| #define HAVE_INTTYPES_H 1
| #define HAVE_STDINT_H 1
| #define HAVE_UNISTD_H 1
| #define __EXTENSIONS__ 1
| #define _ALL_SOURCE 1
| #define _GNU_SOURCE 1
| #define _POSIX_PTHREAD_SEMANTICS 1
| #define _TANDEM_SOURCE 1
| #define STDC_HEADERS 1
| #define HAVE_STRING_H 1
| #define HAVE_LIMITS_H 1
| #define HAVE_UNISTD_H 1
| #define HAVE_SYS_SOCKET_H 1
| #define HAVE_PWD_H 1
| #define HAVE_GRP_H 1
| #define HAVE_STRINGS_H 1
| #define HAVE_SYS_SEM_H 1
| #define HAVE_SYS_SDT_H 1
| #define HAVE_SYS_WAIT_H 1
| #define HAVE_GETPWNAM 1
| #define HAVE_GETGRNAM 1
| #define HAVE_INITGROUPS 1
| #define HAVE_TIMEGM 1
| #define HAVE_GETPGID 1
| #define HAVE_GETLOADAVG 1
| #define HAVE_GMTOFF 1
| #define HAVE_SYS_TIME_H 1
| #define HAVE_SYS_RESOURCE_H 1
| #define HAVE_SYS_SEM_H 1
| #define HAVE_SYS_IPC_H 1
| #define HAVE_SETSID 1
| #define HAVE_KILLPG 1
| #define HAVE_UNISTD_H 1
| #define HAVE_SYSLOG 1
| #define HAVE_SYS_TIMES_H 1
| #define HAVE_TIMES 1
| #define HAVE_KQUEUE 1
| /* end confdefs.h.  */
| #include <nghttp2/nghttp2ver.h>
| int
| main ()
| {
| 
| #if !defined(NGHTTP2_VERSION_NUM)
| #error "Missing nghttp2 version"
| #endif
| #if NGHTTP2_VERSION_NUM < 0x010201
| #error "Unsupported nghttp2 version " NGHTTP2_VERSION_TEXT
| #endif
|   ;
|   return 0;
| }
configure:29183: result: FAILED
configure:29343: WARNING: nghttp2 version is too old
configure:29352: result: no
configure:29391: checking whether to enable mod_http2
configure:29401: result: no (disabled)
configure:29490: checking whether to enable mod_proxy_http2
configure:30124: result: no
configure:30238: checking whether to enable mod_lbmethod_byrequests
configure:30297: result: checking dependencies
configure:30310: checking whether to enable mod_lbmethod_byrequests
configure:30320: result: shared
configure:30400: checking whether to enable mod_lbmethod_bytraffic
configure:30459: result: checking dependencies
configure:30472: checking whether to enable mod_lbmethod_bytraffic
configure:30482: result: shared
configure:30562: checking whether to enable mod_lbmethod_bybusyness
configure:30621: result: checking dependencies
configure:30634: checking whether to enable mod_lbmethod_bybusyness
configure:30644: result: shared
configure:30724: checking whether to enable mod_lbmethod_heartbeat
configure:30783: result: checking dependencies
configure:30796: checking whether to enable mod_lbmethod_heartbeat
configure:30806: result: shared
configure:30905: checking which MPM to use by default
configure:30927: result: event
configure:31110: checking for pthread_kill
configure:31110: gcc -o conftest  -g -O2  -DDARWIN -DSIGPROCMASK_SETS_THREAD_MASK -DDARWIN_10   conftest.c  >&5
configure:31110: $? = 0
configure:31110: result: yes
configure:31372: checking whether to enable mod_unixd
configure:31433: result: shared
configure:31513: checking whether to enable mod_privileges
configure:31607: result: no
configure:31753: checking whether to enable mod_heartbeat
configure:31835: result: no
configure:31915: checking whether to enable mod_heartmonitor
configure:31976: result: no
configure:32097: checking whether to enable mod_dav
configure:32158: result: shared (most)
configure:32298: checking whether to enable mod_status
configure:32359: result: shared
configure:32439: checking whether to enable mod_autoindex
configure:32500: result: shared
configure:32580: checking whether to enable mod_asis
configure:32641: result: no
configure:32721: checking whether to enable mod_info
configure:32782: result: shared (most)
configure:32862: checking whether to enable mod_suexec
configure:32937: result: no
configure:33033: checking whether to enable mod_cgid
configure:33092: result: checking dependencies
configure:33134: checking whether to enable mod_cgid
configure:33144: result: shared (most)
configure:33224: checking whether to enable mod_cgi
configure:33285: result: no
configure:33813: checking whether to enable mod_dav_fs
configure:33872: result: checking dependencies
configure:33885: checking whether to enable mod_dav_fs
configure:33895: result: shared
configure:34018: checking whether to enable mod_dav_lock
configure:34100: result: no
configure:34199: checking for extra modules
configure:34258: result: none
configure:34279: checking whether to enable mod_vhost_alias
configure:34340: result: shared (most)
configure:34420: checking whether to enable mod_negotiation
configure:34481: result: shared (most)
configure:34561: checking whether to enable mod_dir
configure:34622: result: shared
configure:34702: checking whether to enable mod_imagemap
configure:34763: result: no
configure:34843: checking whether to enable mod_actions
configure:34904: result: shared (most)
configure:34984: checking whether to enable mod_speling
configure:35045: result: shared (most)
configure:35125: checking whether to enable mod_userdir
configure:35186: result: shared (most)
configure:35266: checking whether to enable mod_alias
configure:35327: result: shared
configure:35407: checking whether to enable mod_rewrite
configure:35468: result: shared (most)
configure:35980: 
configure:35982: Restore user-defined environment settings...
configure:35984: 
configure:36109: 
configure:36111: Construct makefiles and header files...
configure:36113: 
configure:36432: creating config_vars.mk
configure:36615: creating ./config.status

## ---------------------- ##
## Running config.status. ##
## ---------------------- ##

This file was extended by config.status, which was
generated by GNU Autoconf 2.69.  Invocation command line was

  CONFIG_FILES    = 
  CONFIG_HEADERS  = 
  CONFIG_LINKS    = 
  CONFIG_COMMANDS = 
  $ ./config.status 

on SSrivastava-MacBook-Pro.local

config.status:1176: creating docs/conf/httpd.conf
config.status:1176: creating docs/conf/extra/httpd-autoindex.conf
config.status:1176: creating docs/conf/extra/httpd-dav.conf
config.status:1176: creating docs/conf/extra/httpd-default.conf
config.status:1176: creating docs/conf/extra/httpd-info.conf
config.status:1176: creating docs/conf/extra/httpd-languages.conf
config.status:1176: creating docs/conf/extra/httpd-manual.conf
config.status:1176: creating docs/conf/extra/httpd-mpm.conf
config.status:1176: creating docs/conf/extra/httpd-multilang-errordoc.conf
config.status:1176: creating docs/conf/extra/httpd-ssl.conf
config.status:1176: creating docs/conf/extra/httpd-userdir.conf
config.status:1176: creating docs/conf/extra/httpd-vhosts.conf
config.status:1176: creating docs/conf/extra/proxy-html.conf
config.status:1176: creating include/ap_config_layout.h
config.status:1176: creating support/apxs
config.status:1176: creating support/apachectl
config.status:1176: creating support/dbmmanage
config.status:1176: creating support/envvars-std
config.status:1176: creating support/log_server_status
config.status:1176: creating support/logresolve.pl
config.status:1176: creating support/phf_abuse_log.cgi
config.status:1176: creating support/split-logfile
config.status:1176: creating build/rules.mk
config.status:1176: creating build/pkg/pkginfo
config.status:1176: creating build/config_vars.sh
config.status:1176: creating include/ap_config_auto.h
config.status:1360: executing default commands
configure:37828: summary of build options:

    Server Version: 2.4.25
    Install prefix: /Users/shivendrasrivastava/Documents/Apache_SAPFieldglass/httpd
    C compiler:     gcc
    CFLAGS:          -g -O2
    LDFLAGS:         
    LIBS:           
    CPPFLAGS:        -DDARWIN -DSIGPROCMASK_SETS_THREAD_MASK -DDARWIN_10
    C preprocessor: gcc -E


## ---------------- ##
## Cache variables. ##
## ---------------- ##

ac_cv_APR_HAS_LDAP=no
ac_cv_build=x86_64-apple-darwin16.4.0
ac_cv_c_compiler_gnu=yes
ac_cv_c_const=yes
ac_cv_define_APR_HAS_DSO=yes
ac_cv_define_APR_HAS_RANDOM=yes
ac_cv_define_APR_HAS_THREADS=yes
ac_cv_define_APR_HAVE_IPV6=yes
ac_cv_env_CC_set=
ac_cv_env_CC_value=
ac_cv_env_CFLAGS_set=
ac_cv_env_CFLAGS_value=
ac_cv_env_CPPFLAGS_set=
ac_cv_env_CPPFLAGS_value=
ac_cv_env_CPP_set=
ac_cv_env_CPP_value=
ac_cv_env_LDFLAGS_set=
ac_cv_env_LDFLAGS_value=
ac_cv_env_LIBS_set=
ac_cv_env_LIBS_value=
ac_cv_env_build_alias_set=
ac_cv_env_build_alias_value=
ac_cv_env_host_alias_set=
ac_cv_env_host_alias_value=
ac_cv_env_target_alias_set=
ac_cv_env_target_alias_value=
ac_cv_func_bindprocessor=no
ac_cv_func_epoll_create=no
ac_cv_func_fopen64=no
ac_cv_func_getgrnam=yes
ac_cv_func_getloadavg=yes
ac_cv_func_getpgid=yes
ac_cv_func_getpwnam=yes
ac_cv_func_initgroups=yes
ac_cv_func_killpg=yes
ac_cv_func_kqueue=yes
ac_cv_func_port_create=no
ac_cv_func_prctl=no
ac_cv_func_pthread_kill=yes
ac_cv_func_setsid=yes
ac_cv_func_syslog=yes
ac_cv_func_timegm=yes
ac_cv_func_times=yes
ac_cv_gettid=no
ac_cv_have_decl_CMSG_DATA=yes
ac_cv_have_threadsafe_pollset=yes
ac_cv_header_bstring_h=no
ac_cv_header_grp_h=yes
ac_cv_header_inttypes_h=yes
ac_cv_header_limits_h=yes
ac_cv_header_memory_h=yes
ac_cv_header_minix_config_h=no
ac_cv_header_pwd_h=yes
ac_cv_header_stdc=yes
ac_cv_header_stdint_h=yes
ac_cv_header_stdlib_h=yes
ac_cv_header_string_h=yes
ac_cv_header_strings_h=yes
ac_cv_header_sys_ipc_h=yes
ac_cv_header_sys_loadavg_h=no
ac_cv_header_sys_prctl_h=no
ac_cv_header_sys_processor_h=no
ac_cv_header_sys_resource_h=yes
ac_cv_header_sys_sdt_h=yes
ac_cv_header_sys_sem_h=yes
ac_cv_header_sys_socket_h=yes
ac_cv_header_sys_stat_h=yes
ac_cv_header_sys_time_h=yes
ac_cv_header_sys_times_h=yes
ac_cv_header_sys_types_h=yes
ac_cv_header_sys_wait_h=yes
ac_cv_header_unistd_h=yes
ac_cv_host=x86_64-apple-darwin16.4.0
ac_cv_mkdir_p=yes
ac_cv_nghttp2=no
ac_cv_objext=o
ac_cv_openssl=no
ac_cv_path_EGREP='/usr/bin/grep -E'
ac_cv_path_GREP=/usr/bin/grep
ac_cv_path_PCRE_CONFIG=/usr/local/pcre/bin/pcre-config
ac_cv_path_RM=/bin/rm
ac_cv_path_RSYNC=/usr/bin/rsync
ac_cv_prog_AWK=awk
ac_cv_prog_CPP='gcc -E'
ac_cv_prog_ac_ct_CC=gcc
ac_cv_prog_ac_ct_RANLIB=ranlib
ac_cv_prog_cc_c89=
ac_cv_prog_cc_c99=
ac_cv_prog_cc_g=yes
ac_cv_safe_to_define___extensions__=yes
ac_cv_search_crypt='none required'
ac_cv_search_sqrt='none required'
ac_cv_search_strerror='none required'
ac_cv_struct_tm_gmtoff=yes
ac_cv_target=x86_64-apple-darwin16.4.0
ac_cv_type_rlim_t=yes
ap_cv_void_ptr_lt_long=no
ap_cv_zlib=/usr

## ----------------- ##
## Output variables. ##
## ----------------- ##

APACHECTL_ULIMIT=''
APR_BINDIR='/Users/shivendrasrivastava/Documents/Apache_SAPFieldglass/httpd/bin'
APR_CONFIG='/Users/shivendrasrivastava/Documents/Apache_SAPFieldglass/httpd/bin/apr-1-config'
APR_INCLUDEDIR='/Users/shivendrasrivastava/Documents/Apache_SAPFieldglass/httpd/srclib/apr/include'
APR_VERSION='1.5.2'
APU_BINDIR='/Users/shivendrasrivastava/Documents/Apache_SAPFieldglass/httpd/bin'
APU_CONFIG='/Users/shivendrasrivastava/Documents/Apache_SAPFieldglass/httpd/bin/apu-1-config'
APU_INCLUDEDIR='/Users/shivendrasrivastava/Documents/Apache_SAPFieldglass/httpd/srclib/apr-util/include'
APU_VERSION='1.5.4'
AP_BUILD_SRCLIB_DIRS='apr  apr-util'
AP_CLEAN_SRCLIB_DIRS='apr-util  apr'
AP_LIBS='$(MOD_SO_LDADD) $(MOD_HTTP_LDADD) $(MOD_MPM_EVENT_LDADD)  /Users/shivendrasrivastava/Documents/Apache_SAPFieldglass/httpd/srclib/apr-util/libaprutil-1.la     -lexpat -liconv  /Users/shivendrasrivastava/Documents/Apache_SAPFieldglass/httpd/srclib/apr/libapr-1.la -lpthread'
AWK='awk'
BUILTIN_LIBS=' modules/core/libmod_so.la modules/http/libmod_http.la'
CC='gcc'
CFLAGS=''
CORE_IMPLIB=''
CORE_IMPLIB_FILE=''
CPP='gcc -E'
CPPFLAGS=''
CRYPT_LIBS=''
CXX=''
CXXFLAGS=''
DEFS='-DHAVE_CONFIG_H'
DSO_MODULES=' authn_file authn_dbm authn_anon authn_dbd authn_socache authn_core authz_host authz_groupfile authz_user authz_dbm authz_owner authz_dbd authz_core access_compat auth_basic auth_form auth_digest allowmethods file_cache cache cache_disk cache_socache socache_shmcb socache_dbm socache_memcache watchdog macro dbd dumpio buffer ratelimit reqtimeout ext_filter request include filter substitute sed deflate mime log_config log_debug logio env expires headers unique_id setenvif version remoteip proxy proxy_connect proxy_ftp proxy_http proxy_fcgi proxy_scgi proxy_fdpass proxy_wstunnel proxy_ajp proxy_balancer proxy_express proxy_hcheck session session_cookie session_dbd slotmem_shm lbmethod_byrequests lbmethod_bytraffic lbmethod_bybusyness lbmethod_heartbeat unixd dav status autoindex info cgid dav_fs vhost_alias negotiation dir actions speling userdir alias rewrite'
DTRACE='true'
ECHO_C='\c'
ECHO_N=''
ECHO_T=''
EGREP='/usr/bin/grep -E'
ENABLED_DSO_MODULES=',authn_file,authn_core,authz_host,authz_groupfile,authz_user,authz_core,access_compat,auth_basic,reqtimeout,filter,mime,log_config,env,headers,setenvif,version,unixd,status,autoindex,dir,alias'
EXEEXT=''
EXTRA_CFLAGS=' -g -O2'
EXTRA_CPPFLAGS=' -DDARWIN -DSIGPROCMASK_SETS_THREAD_MASK -DDARWIN_10'
EXTRA_CXXFLAGS=''
EXTRA_INCLUDES='-I. -I$(top_srcdir)/os/$(OS_DIR) -I$(top_srcdir)/include -I/Users/shivendrasrivastava/Documents/Apache_SAPFieldglass/httpd/srclib/apr/include -I/Users/shivendrasrivastava/Documents/Apache_SAPFieldglass/httpd/srclib/apr-util/include -I/Users/shivendrasrivastava/Documents/Apache_SAPFieldglass/pcre-8.39/include -I$(top_srcdir)/modules/aaa -I$(top_srcdir)/modules/cache -I$(top_srcdir)/modules/core -I$(top_srcdir)/modules/database -I$(top_srcdir)/modules/filters -I$(top_srcdir)/modules/ldap -I$(top_srcdir)/modules/loggers -I$(top_srcdir)/modules/lua -I$(top_srcdir)/modules/proxy -I$(top_srcdir)/modules/session -I$(top_srcdir)/modules/ssl -I$(top_srcdir)/modules/test -I$(top_srcdir)/server -I$(top_srcdir)/modules/arch/unix -I$(top_srcdir)/modules/dav/main -I$(top_srcdir)/modules/generators -I$(top_srcdir)/modules/mappers'
EXTRA_LDFLAGS=' '
EXTRA_LIBS=''
GREP='/usr/bin/grep'
HTTPD_LDFLAGS='-export-dynamic'
HTTPD_MMN='20120211'
HTTPD_VERSION='2.4.25'
INCLUDES=''
INSTALL='$(LIBTOOL) --mode=install $(abs_srcdir)/build/install.sh -c'
INSTALL_DSO='yes'
INSTALL_PROG_FLAGS=''
INTERNAL_CPPFLAGS=''
LDFLAGS=''
LIBOBJS=''
LIBS=''
LIBTOOL='/Users/shivendrasrivastava/Documents/Apache_SAPFieldglass/httpd/srclib/apr/libtool $(LTFLAGS)'
LN_S='ln -s'
LOAD_ALL_MODULES='no'
LTCFLAGS='-prefer-non-pic -static'
LTFLAGS='--silent'
LTLIBOBJS=''
LT_LDFLAGS=''
LUA_CFLAGS=''
LUA_LIBS=''
LYNX_PATH='lynx'
MATH_LIBS=''
MKDEP='$(CC) -MM'
MKINSTALLDIRS='$(abs_srcdir)/build/mkdir.sh'
MK_IMPLIB=''
MODULE_CLEANDIRS=' arch/win32 echo examples experimental ldap lua ssl test http2 cluster dav/lock'
MODULE_DIRS=' aaa cache core database debugging filters http loggers metadata proxy session slotmem proxy/balancers arch/unix dav/main generators dav/fs mappers'
MOD_ACCESS_COMPAT_LDADD=''
MOD_ACTIONS_LDADD=''
MOD_ALIAS_LDADD=''
MOD_ALLOWMETHODS_LDADD=''
MOD_ASIS_LDADD=''
MOD_AUTHNZ_FCGI_LDADD=''
MOD_AUTHNZ_LDAP_LDADD=''
MOD_AUTHN_ANON_LDADD=''
MOD_AUTHN_CORE_LDADD=''
MOD_AUTHN_DBD_LDADD=''
MOD_AUTHN_DBM_LDADD=''
MOD_AUTHN_FILE_LDADD=''
MOD_AUTHN_SOCACHE_LDADD=''
MOD_AUTHZ_CORE_LDADD=''
MOD_AUTHZ_DBD_LDADD=''
MOD_AUTHZ_DBM_LDADD=''
MOD_AUTHZ_GROUPFILE_LDADD=''
MOD_AUTHZ_HOST_LDADD=''
MOD_AUTHZ_OWNER_LDADD=''
MOD_AUTHZ_USER_LDADD=''
MOD_AUTH_BASIC_LDADD=''
MOD_AUTH_DIGEST_LDADD=''
MOD_AUTH_FORM_LDADD=''
MOD_AUTOINDEX_LDADD=''
MOD_BUCKETEER_LDADD=''
MOD_BUFFER_LDADD=''
MOD_CACHE_DISK_LDADD=''
MOD_CACHE_LDADD=''
MOD_CACHE_SOCACHE_LDADD=''
MOD_CASE_FILTER_IN_LDADD=''
MOD_CASE_FILTER_LDADD=''
MOD_CERN_META_LDADD=''
MOD_CGID_LDADD=''
MOD_CGI_LDADD=''
MOD_CHARSET_LITE_LDADD=''
MOD_DATA_LDADD=''
MOD_DAV_FS_LDADD=''
MOD_DAV_LDADD=''
MOD_DAV_LOCK_LDADD=''
MOD_DBD_LDADD=''
MOD_DEFLATE_LDADD=' -lz'
MOD_DIALUP_LDADD=''
MOD_DIR_LDADD=''
MOD_DUMPIO_LDADD=''
MOD_ECHO_LDADD=''
MOD_ENV_LDADD=''
MOD_EXAMPLE_HOOKS_LDADD=''
MOD_EXAMPLE_IPC_LDADD=''
MOD_EXPIRES_LDADD=''
MOD_EXT_FILTER_LDADD=''
MOD_FILE_CACHE_LDADD=''
MOD_FILTER_LDADD=''
MOD_HEADERS_LDADD=''
MOD_HEARTBEAT_LDADD=''
MOD_HEARTMONITOR_LDADD=''
MOD_HTTP2_LDADD=''
MOD_HTTP_LDADD=''
MOD_IDENT_LDADD=''
MOD_IMAGEMAP_LDADD=''
MOD_INCLUDE_LDADD=''
MOD_INFO_LDADD=''
MOD_ISAPI_LDADD=''
MOD_LBMETHOD_BYBUSYNESS_LDADD=''
MOD_LBMETHOD_BYREQUESTS_LDADD=''
MOD_LBMETHOD_BYTRAFFIC_LDADD=''
MOD_LBMETHOD_HEARTBEAT_LDADD=''
MOD_LDAP_LDADD=''
MOD_LOGIO_LDADD=''
MOD_LOG_CONFIG_LDADD=''
MOD_LOG_DEBUG_LDADD=''
MOD_LOG_FORENSIC_LDADD=''
MOD_LUA_LDADD=''
MOD_MACRO_LDADD=''
MOD_MIME_LDADD=''
MOD_MIME_MAGIC_LDADD=''
MOD_MPM_EVENT_LDADD=''
MOD_NEGOTIATION_LDADD=''
MOD_OPTIONAL_FN_EXPORT_LDADD=''
MOD_OPTIONAL_FN_IMPORT_LDADD=''
MOD_OPTIONAL_HOOK_EXPORT_LDADD=''
MOD_OPTIONAL_HOOK_IMPORT_LDADD=''
MOD_PRIVILEGES_LDADD=''
MOD_PROXY_AJP_LDADD=''
MOD_PROXY_BALANCER_LDADD=''
MOD_PROXY_CONNECT_LDADD=''
MOD_PROXY_EXPRESS_LDADD=''
MOD_PROXY_FCGI_LDADD=''
MOD_PROXY_FDPASS_LDADD=''
MOD_PROXY_FTP_LDADD=''
MOD_PROXY_HCHECK_LDADD=''
MOD_PROXY_HTML_LDADD=''
MOD_PROXY_HTTP2_LDADD=''
MOD_PROXY_HTTP_LDADD=''
MOD_PROXY_LDADD=''
MOD_PROXY_SCGI_LDADD=''
MOD_PROXY_WSTUNNEL_LDADD=''
MOD_RATELIMIT_LDADD=''
MOD_REFLECTOR_LDADD=''
MOD_REMOTEIP_LDADD=''
MOD_REQTIMEOUT_LDADD=''
MOD_REQUEST_LDADD=''
MOD_REWRITE_LDADD=''
MOD_SED_LDADD='-export-symbols-regex sed_module'
MOD_SESSION_COOKIE_LDADD=''
MOD_SESSION_CRYPTO_LDADD=''
MOD_SESSION_DBD_LDADD=''
MOD_SESSION_LDADD=''
MOD_SETENVIF_LDADD=''
MOD_SLOTMEM_PLAIN_LDADD=''
MOD_SLOTMEM_SHM_LDADD=''
MOD_SOCACHE_DBM_LDADD=''
MOD_SOCACHE_DC_LDADD=''
MOD_SOCACHE_MEMCACHE_LDADD=''
MOD_SOCACHE_SHMCB_LDADD=''
MOD_SO_ENABLED='yes'
MOD_SO_LDADD=''
MOD_SPELING_LDADD=''
MOD_SSL_LDADD=''
MOD_STATUS_LDADD=''
MOD_SUBSTITUTE_LDADD=''
MOD_SUEXEC_LDADD=''
MOD_UNIQUE_ID_LDADD=''
MOD_UNIXD_LDADD=''
MOD_USERDIR_LDADD=''
MOD_USERTRACK_LDADD=''
MOD_VERSION_LDADD=''
MOD_VHOST_ALIAS_LDADD=''
MOD_WATCHDOG_LDADD=''
MOD_XML2ENC_LDADD=''
MPM_LIB='server/mpm/event/libevent.la'
MPM_SUBDIRS=' event '
NONPORTABLE_SUPPORT='checkgid fcgistarter'
NOTEST_CFLAGS=''
NOTEST_CPPFLAGS=''
NOTEST_CXXFLAGS=''
NOTEST_LDFLAGS=''
NOTEST_LIBS=''
OBJEXT='o'
OS='unix'
OS_DIR='unix'
OS_SPECIFIC_VARS=''
PACKAGE_BUGREPORT=''
PACKAGE_NAME=''
PACKAGE_STRING=''
PACKAGE_TARNAME=''
PACKAGE_URL=''
PACKAGE_VERSION=''
PATH_SEPARATOR=':'
PCRE_CONFIG='/usr/local/pcre/bin/pcre-config'
PCRE_LIBS='-L/Users/shivendrasrivastava/Documents/Apache_SAPFieldglass/pcre-8.39/lib -lpcre'
PICFLAGS=''
PILDFLAGS=''
PKGCONFIG=''
PORT='80'
POST_SHARED_CMDS='echo ""'
PRE_SHARED_CMDS='echo ""'
RANLIB='ranlib'
RM='/bin/rm'
RSYNC='/usr/bin/rsync'
SHELL='/bin/sh'
SHLIBPATH_VAR='DYLD_LIBRARY_PATH'
SHLTCFLAGS='-prefer-pic'
SH_LDFLAGS=''
SH_LIBS=''
SH_LIBTOOL='$(LIBTOOL)'
SSLPORT='443'
UTIL_LDFLAGS=''
ab_CFLAGS=''
ab_LDFLAGS=''
ab_LTFLAGS=''
abs_srcdir='/Users/shivendrasrivastava/Documents/Apache_SAPFieldglass/httpd'
ac_ct_CC='gcc'
ap_make_delimiter=' '
ap_make_include='include'
bindir='${exec_prefix}/bin'
build='x86_64-apple-darwin16.4.0'
build_alias=''
build_cpu='x86_64'
build_os='darwin16.4.0'
build_vendor='apple'
cgidir='${datadir}/cgi-bin'
checkgid_LTFLAGS=''
datadir='${prefix}'
datarootdir='${prefix}/share'
docdir='${datarootdir}/doc/${PACKAGE}'
dvidir='${docdir}'
errordir='${datadir}/error'
exec_prefix='${prefix}'
exp_bindir='/Users/shivendrasrivastava/Documents/Apache_SAPFieldglass/httpd/bin'
exp_cgidir='/Users/shivendrasrivastava/Documents/Apache_SAPFieldglass/httpd/cgi-bin'
exp_datadir='/Users/shivendrasrivastava/Documents/Apache_SAPFieldglass/httpd'
exp_errordir='/Users/shivendrasrivastava/Documents/Apache_SAPFieldglass/httpd/error'
exp_exec_prefix='/Users/shivendrasrivastava/Documents/Apache_SAPFieldglass/httpd'
exp_htdocsdir='/Users/shivendrasrivastava/Documents/Apache_SAPFieldglass/httpd/htdocs'
exp_iconsdir='/Users/shivendrasrivastava/Documents/Apache_SAPFieldglass/httpd/icons'
exp_includedir='/Users/shivendrasrivastava/Documents/Apache_SAPFieldglass/httpd/include'
exp_installbuilddir='/Users/shivendrasrivastava/Documents/Apache_SAPFieldglass/httpd/build'
exp_libdir='/Users/shivendrasrivastava/Documents/Apache_SAPFieldglass/httpd/lib'
exp_libexecdir='/Users/shivendrasrivastava/Documents/Apache_SAPFieldglass/httpd/modules'
exp_localstatedir='/Users/shivendrasrivastava/Documents/Apache_SAPFieldglass/httpd'
exp_logfiledir='/Users/shivendrasrivastava/Documents/Apache_SAPFieldglass/httpd/logs'
exp_mandir='/Users/shivendrasrivastava/Documents/Apache_SAPFieldglass/httpd/man'
exp_manualdir='/Users/shivendrasrivastava/Documents/Apache_SAPFieldglass/httpd/manual'
exp_proxycachedir='/Users/shivendrasrivastava/Documents/Apache_SAPFieldglass/httpd/proxy'
exp_runtimedir='/Users/shivendrasrivastava/Documents/Apache_SAPFieldglass/httpd/logs'
exp_sbindir='/Users/shivendrasrivastava/Documents/Apache_SAPFieldglass/httpd/bin'
exp_sysconfdir='/Users/shivendrasrivastava/Documents/Apache_SAPFieldglass/httpd/conf'
fcgistarter_LTFLAGS=''
host='x86_64-apple-darwin16.4.0'
host_alias=''
host_cpu='x86_64'
host_os='darwin16.4.0'
host_vendor='apple'
htcacheclean_LTFLAGS=''
htdbm_LTFLAGS=''
htdigest_LTFLAGS=''
htdocsdir='${datadir}/htdocs'
htmldir='${docdir}'
htpasswd_LTFLAGS=''
httxt2dbm_LTFLAGS=''
iconsdir='${datadir}/icons'
includedir='${prefix}/include'
infodir='${datarootdir}/info'
installbuilddir='${datadir}/build'
libdir='${exec_prefix}/lib'
libexecdir='${exec_prefix}/modules'
localedir='${datarootdir}/locale'
localstatedir='${prefix}'
logfiledir='${localstatedir}/logs'
logresolve_LTFLAGS=''
mandir='${prefix}/man'
manualdir='${datadir}/manual'
oldincludedir='/usr/include'
other_targets=''
pdfdir='${docdir}'
perlbin='/usr/bin/perl'
prefix='/Users/shivendrasrivastava/Documents/Apache_SAPFieldglass/httpd'
progname='httpd'
program_transform_name='s,x,x,'
proxycachedir='${localstatedir}/proxy'
psdir='${docdir}'
rel_bindir='bin'
rel_cgidir='cgi-bin'
rel_datadir=''
rel_errordir='error'
rel_exec_prefix=''
rel_htdocsdir='htdocs'
rel_iconsdir='icons'
rel_includedir='include'
rel_installbuilddir='build'
rel_libdir='lib'
rel_libexecdir='modules'
rel_localstatedir=''
rel_logfiledir='logs'
rel_mandir='man'
rel_manualdir='manual'
rel_proxycachedir='proxy'
rel_runtimedir='logs'
rel_sbindir='bin'
rel_sysconfdir='conf'
rotatelogs_LTFLAGS=''
runtimedir='${localstatedir}/logs'
sbindir='${exec_prefix}/bin'
shared_build='shared-build'
sharedstatedir='${prefix}/com'
sysconfdir='${prefix}/conf'
target='x86_64-apple-darwin16.4.0'
target_alias=''
target_cpu='x86_64'
target_os='darwin16.4.0'
target_vendor='apple'

## ----------- ##
## confdefs.h. ##
## ----------- ##

/* confdefs.h */
#define PACKAGE_NAME ""
#define PACKAGE_TARNAME ""
#define PACKAGE_VERSION ""
#define PACKAGE_STRING ""
#define PACKAGE_BUGREPORT ""
#define PACKAGE_URL ""
#define STDC_HEADERS 1
#define HAVE_SYS_TYPES_H 1
#define HAVE_SYS_STAT_H 1
#define HAVE_STDLIB_H 1
#define HAVE_STRING_H 1
#define HAVE_MEMORY_H 1
#define HAVE_STRINGS_H 1
#define HAVE_INTTYPES_H 1
#define HAVE_STDINT_H 1
#define HAVE_UNISTD_H 1
#define __EXTENSIONS__ 1
#define _ALL_SOURCE 1
#define _GNU_SOURCE 1
#define _POSIX_PTHREAD_SEMANTICS 1
#define _TANDEM_SOURCE 1
#define STDC_HEADERS 1
#define HAVE_STRING_H 1
#define HAVE_LIMITS_H 1
#define HAVE_UNISTD_H 1
#define HAVE_SYS_SOCKET_H 1
#define HAVE_PWD_H 1
#define HAVE_GRP_H 1
#define HAVE_STRINGS_H 1
#define HAVE_SYS_SEM_H 1
#define HAVE_SYS_SDT_H 1
#define HAVE_SYS_WAIT_H 1
#define HAVE_GETPWNAM 1
#define HAVE_GETGRNAM 1
#define HAVE_INITGROUPS 1
#define HAVE_TIMEGM 1
#define HAVE_GETPGID 1
#define HAVE_GETLOADAVG 1
#define HAVE_GMTOFF 1
#define HAVE_SYS_TIME_H 1
#define HAVE_SYS_RESOURCE_H 1
#define HAVE_SYS_SEM_H 1
#define HAVE_SYS_IPC_H 1
#define HAVE_SETSID 1
#define HAVE_KILLPG 1
#define HAVE_UNISTD_H 1
#define HAVE_SYSLOG 1
#define HAVE_SYS_TIMES_H 1
#define HAVE_TIMES 1
#define HAVE_KQUEUE 1
#define HAVE_PTHREAD_KILL 1
#define AP_USING_AUTOCONF 1
#define SINGLE_LISTEN_UNSERIALIZED_ACCEPT 1
#define AP_NONBLOCK_WHEN_MULTI_LISTEN 1
#define AP_ENABLE_V4_MAPPED 1
#define HTTPD_ROOT "/Users/shivendrasrivastava/Documents/Apache_SAPFieldglass/httpd"
#define SERVER_CONFIG_FILE "conf/httpd.conf"
#define AP_TYPES_CONFIG_FILE "conf/mime.types"

configure: exit 0
